gmake[2]: Warning: File '/home/ros/ros2_ws/src/turtle_save_pkg/src/turtlecontrolnode.cpp' has modification time 5.8 s in the future
[ 50%] Built target turtlespawn_node
[ 75%] [32mBuilding CXX object CMakeFiles/turtlecontrol_node.dir/src/turtlecontrolnode.cpp.o[0m
In file included from [01m[K/opt/ros/jazzy/include/rclcpp/rclcpp/logging.hpp:24[m[K,
                 from [01m[K/opt/ros/jazzy/include/rclcpp/rclcpp/copy_all_parameter_values.hpp:27[m[K,
                 from [01m[K/opt/ros/jazzy/include/rclcpp/rclcpp/rclcpp.hpp:171[m[K,
                 from [01m[K/home/ros/ros2_ws/src/turtle_save_pkg/src/turtlecontrolnode.cpp:1[m[K:
[01m[K/home/ros/ros2_ws/src/turtle_save_pkg/src/turtlecontrolnode.cpp:[m[K In member function â€˜[01m[Kvoid TurtleControl::[01;32m[KturtlePosCallBack[m[K(turtlesim::msg::Pose_<std::allocator<void> >::SharedPtr)[m[Kâ€™:
[01m[K/home/ros/ros2_ws/src/turtle_save_pkg/src/turtlecontrolnode.cpp:31:77:[m[K [01;31m[Kerror: [m[Kâ€˜[01m[Kusing std::__shared_ptr_access<turtlesim::msg::Pose_<std::allocator<void> >, __gnu_cxx::_S_atomic, false, false>::element_type = struct turtlesim::msg::Pose_<std::allocator<void> >[m[Kâ€™ {aka â€˜[01m[Kstruct turtlesim::msg::Pose_<std::allocator<void> >[m[Kâ€™} has no member named â€˜[01m[Klinear[m[Kâ€™
   31 |          RCLCPP_INFO(this->get_logger(), "POS: L: %d %d %d A: %d %d %d", p->[01;31m[Klinear[m[K.x, p->linear.y, p->linear.z, p->angular.x, p->angular.y, p->angular.z);
      |                                                                             [01;31m[K^~~~~~[m[K
[01m[K/home/ros/ros2_ws/src/turtle_save_pkg/src/turtlecontrolnode.cpp:31:90:[m[K [01;31m[Kerror: [m[Kâ€˜[01m[Kusing std::__shared_ptr_access<turtlesim::msg::Pose_<std::allocator<void> >, __gnu_cxx::_S_atomic, false, false>::element_type = struct turtlesim::msg::Pose_<std::allocator<void> >[m[Kâ€™ {aka â€˜[01m[Kstruct turtlesim::msg::Pose_<std::allocator<void> >[m[Kâ€™} has no member named â€˜[01m[Klinear[m[Kâ€™
   31 |          RCLCPP_INFO(this->get_logger(), "POS: L: %d %d %d A: %d %d %d", p->linear.x, p->[01;31m[Klinear[m[K.y, p->linear.z, p->angular.x, p->angular.y, p->angular.z);
      |                                                                                          [01;31m[K^~~~~~[m[K
[01m[K/home/ros/ros2_ws/src/turtle_save_pkg/src/turtlecontrolnode.cpp:31:103:[m[K [01;31m[Kerror: [m[Kâ€˜[01m[Kusing std::__shared_ptr_access<turtlesim::msg::Pose_<std::allocator<void> >, __gnu_cxx::_S_atomic, false, false>::element_type = struct turtlesim::msg::Pose_<std::allocator<void> >[m[Kâ€™ {aka â€˜[01m[Kstruct turtlesim::msg::Pose_<std::allocator<void> >[m[Kâ€™} has no member named â€˜[01m[Klinear[m[Kâ€™
   31 |          RCLCPP_INFO(this->get_logger(), "POS: L: %d %d %d A: %d %d %d", p->linear.x, p->linear.y, p->[01;31m[Klinear[m[K.z, p->angular.x, p->angular.y, p->angular.z);
      |                                                                                                       [01;31m[K^~~~~~[m[K
[01m[K/home/ros/ros2_ws/src/turtle_save_pkg/src/turtlecontrolnode.cpp:31:116:[m[K [01;31m[Kerror: [m[Kâ€˜[01m[Kusing std::__shared_ptr_access<turtlesim::msg::Pose_<std::allocator<void> >, __gnu_cxx::_S_atomic, false, false>::element_type = struct turtlesim::msg::Pose_<std::allocator<void> >[m[Kâ€™ {aka â€˜[01m[Kstruct turtlesim::msg::Pose_<std::allocator<void> >[m[Kâ€™} has no member named â€˜[01m[Kangular[m[Kâ€™
   31 |          RCLCPP_INFO(this->get_logger(), "POS: L: %d %d %d A: %d %d %d", p->linear.x, p->linear.y, p->linear.z, p->[01;31m[Kangular[m[K.x, p->angular.y, p->angular.z);
      |                                                                                                                    [01;31m[K^~~~~~~[m[K
[01m[K/home/ros/ros2_ws/src/turtle_save_pkg/src/turtlecontrolnode.cpp:31:130:[m[K [01;31m[Kerror: [m[Kâ€˜[01m[Kusing std::__shared_ptr_access<turtlesim::msg::Pose_<std::allocator<void> >, __gnu_cxx::_S_atomic, false, false>::element_type = struct turtlesim::msg::Pose_<std::allocator<void> >[m[Kâ€™ {aka â€˜[01m[Kstruct turtlesim::msg::Pose_<std::allocator<void> >[m[Kâ€™} has no member named â€˜[01m[Kangular[m[Kâ€™
   31 |          RCLCPP_INFO(this->get_logger(), "POS: L: %d %d %d A: %d %d %d", p->linear.x, p->linear.y, p->linear.z, p->angular.x, p->[01;31m[Kangular[m[K.y, p->angular.z);
      |                                                                                                                                  [01;31m[K^~~~~~~[m[K
[01m[K/home/ros/ros2_ws/src/turtle_save_pkg/src/turtlecontrolnode.cpp:31:144:[m[K [01;31m[Kerror: [m[Kâ€˜[01m[Kusing std::__shared_ptr_access<turtlesim::msg::Pose_<std::allocator<void> >, __gnu_cxx::_S_atomic, false, false>::element_type = struct turtlesim::msg::Pose_<std::allocator<void> >[m[Kâ€™ {aka â€˜[01m[Kstruct turtlesim::msg::Pose_<std::allocator<void> >[m[Kâ€™} has no member named â€˜[01m[Kangular[m[Kâ€™
   31 |          RCLCPP_INFO(this->get_logger(), "POS: L: %d %d %d A: %d %d %d", p->linear.x, p->linear.y, p->linear.z, p->angular.x, p->angular.y, p->[01;31m[Kangular[m[K.z);
      |                                                                                                                                                [01;31m[K^~~~~~~[m[K
gmake[2]: *** [CMakeFiles/turtlecontrol_node.dir/build.make:76: CMakeFiles/turtlecontrol_node.dir/src/turtlecontrolnode.cpp.o] Error 1
gmake[1]: *** [CMakeFiles/Makefile2:165: CMakeFiles/turtlecontrol_node.dir/all] Error 2
gmake: *** [Makefile:146: all] Error 2
