[0.083s] Invoking command in '/home/ros/ros2_ws/build/turtle_save_pkg': CMAKE_PREFIX_PATH=/home/ros/ros2_ws/install/custom_interfaces:/home/ros/ros2_ws/install/turtle_save_pkg:/home/ros/ros2_ws/install/my_robot_interfaces:/home/ros/ros2_ws/install/my_cpp_pkg:/opt/ros/jazzy/opt/gz_math_vendor:/opt/ros/jazzy/opt/gz_utils_vendor:/opt/ros/jazzy/opt/gz_cmake_vendor:/opt/ros/jazzy LD_LIBRARY_PATH=/home/ros/ros2_ws/install/custom_interfaces/lib:/home/ros/ros2_ws/install/my_robot_interfaces/lib:/opt/ros/jazzy/opt/rviz_ogre_vendor/lib:/opt/ros/jazzy/lib/x86_64-linux-gnu:/opt/ros/jazzy/opt/gz_math_vendor/lib:/opt/ros/jazzy/opt/gz_utils_vendor/lib:/opt/ros/jazzy/opt/gz_cmake_vendor/lib:/opt/ros/jazzy/lib PYTHONPATH=/home/ros/ros2_ws/install/custom_interfaces/lib/python3.12/site-packages:/home/ros/ros2_ws/install/my_robot_interfaces/lib/python3.12/site-packages:/opt/ros/jazzy/lib/python3.12/site-packages /usr/bin/cmake --build /home/ros/ros2_ws/build/turtle_save_pkg -- -j22 -l22
[0.126s] [ 50%] [32mBuilding CXX object CMakeFiles/turtlespawn_node.dir/src/turtlespawnnode.cpp.o[0m
[0.126s] [ 50%] [32mBuilding CXX object CMakeFiles/turtlecontrol_node.dir/src/turtlecontrolnode.cpp.o[0m
[1.889s] [01m[K/home/ros/ros2_ws/src/turtle_save_pkg/src/turtlecontrolnode.cpp:[m[K In constructor â€˜[01m[KTurtleControl::[01;32m[KTurtleControl[m[K()[m[Kâ€™:
[1.889s] [01m[K/home/ros/ros2_ws/src/turtle_save_pkg/src/turtlecontrolnode.cpp:15:49:[m[K [01;31m[Kerror: [m[Kexpected unqualified-id before â€˜[01m[K:[m[Kâ€™ token
[1.889s]    15 |         _timer = create_wall_timer(std::chrono::[01;31m[K:[m[Kmilliseconds(10), std::bind(&TurtleControl::timerCallBack, this));
[1.890s]       |                                                 [01;31m[K^[m[K
[1.910s] In file included from [01m[K/opt/ros/jazzy/include/rclcpp/rclcpp/logging.hpp:24[m[K,
[1.910s]                  from [01m[K/opt/ros/jazzy/include/rclcpp/rclcpp/copy_all_parameter_values.hpp:27[m[K,
[1.911s]                  from [01m[K/opt/ros/jazzy/include/rclcpp/rclcpp/rclcpp.hpp:171[m[K,
[1.911s]                  from [01m[K/home/ros/ros2_ws/src/turtle_save_pkg/src/turtlecontrolnode.cpp:1[m[K:
[1.911s] [01m[K/home/ros/ros2_ws/src/turtle_save_pkg/src/turtlecontrolnode.cpp:[m[K In member function â€˜[01m[Kvoid TurtleControl::[01;32m[KNextTargetRecieved[m[K(rclcpp::Client<custom_interfaces::srv::TargetTurtleInfo>::SharedFuture)[m[Kâ€™:
[1.911s] [01m[K/home/ros/ros2_ws/src/turtle_save_pkg/src/turtlecontrolnode.cpp:151:41:[m[K [01;35m[Kwarning: [m[Kformat â€˜[01m[K%s[m[Kâ€™ expects argument of type â€˜[01m[Kchar*[m[Kâ€™, but argument 8 has type â€˜[01m[Kstd::string[m[Kâ€™ {aka â€˜[01m[Kstd::__cxx11::basic_string<char>[m[Kâ€™} [[01;35m[K]8;;https://gcc.gnu.org/onlinedocs/gcc/Warning-Options.html#index-Wformat=-Wformat=]8;;[m[K]
[1.911s]   151 |         RCLCPP_INFO(this->get_logger(), [01;35m[K"Target at x: %f y: %f theta: %f name: %s"[m[K, CurrentTurtlePos.x, CurrentTurtlePos.y, CurrentTurtlePos.theta, TargetTurtleName);
[1.911s]       |                                         [01;35m[K^~~~~~~~~~~~~~~~~~~~~~~~~~~~~~~~~~~~~~~~~~[m[K
[1.911s] [01m[K/home/ros/ros2_ws/src/turtle_save_pkg/src/turtlecontrolnode.cpp:151:81:[m[K [01;36m[Knote: [m[Kformat string is defined here
[1.911s]   151 |         RCLCPP_INFO(this->get_logger(), "Target at x: %f y: %f theta: %f name: [01;36m[K%s[m[K", CurrentTurtlePos.x, CurrentTurtlePos.y, CurrentTurtlePos.theta, TargetTurtleName);
[1.911s]       |                                                                                [01;36m[K~^[m[K
[1.911s]       |                                                                                 [01;36m[K|[m[K
[1.911s]       |                                                                                 [01;36m[Kchar*[m[K
[2.007s] In file included from [01m[K/opt/ros/jazzy/include/rclcpp/rclcpp/logging.hpp:24[m[K,
[2.007s]                  from [01m[K/opt/ros/jazzy/include/rclcpp/rclcpp/copy_all_parameter_values.hpp:27[m[K,
[2.007s]                  from [01m[K/opt/ros/jazzy/include/rclcpp/rclcpp/rclcpp.hpp:171[m[K,
[2.007s]                  from [01m[K/home/ros/ros2_ws/src/turtle_save_pkg/src/turtlespawnnode.cpp:1[m[K:
[2.007s] [01m[K/home/ros/ros2_ws/src/turtle_save_pkg/src/turtlespawnnode.cpp:[m[K In member function â€˜[01m[Kvoid TurtleSpawnNode::[01;32m[KspawnCompleteCallBack[m[K(rclcpp::Client<turtlesim::srv::Spawn>::SharedFuture)[m[Kâ€™:
[2.007s] [01m[K/home/ros/ros2_ws/src/turtle_save_pkg/src/turtlespawnnode.cpp:90:45:[m[K [01;35m[Kwarning: [m[Kformat â€˜[01m[K%f[m[Kâ€™ expects argument of type â€˜[01m[Kdouble[m[Kâ€™, but argument 5 has type â€˜[01m[Kint[m[Kâ€™ [[01;35m[K]8;;https://gcc.gnu.org/onlinedocs/gcc/Warning-Options.html#index-Wformat=-Wformat=]8;;[m[K]
[2.007s]    90 |             RCLCPP_INFO(this->get_logger(), [01;35m[K"Spawned at x: %f y: %f theta: %f name: %s"[m[K, [32m[Kx[m[K, y, theta, turtle);
[2.007s]       |                                             [01;35m[K^~~~~~~~~~~~~~~~~~~~~~~~~~~~~~~~~~~~~~~~~~~[m[K  [32m[K~[m[K
[2.007s]       |                                                                                          [32m[K|[m[K
[2.008s]       |                                                                                          [32m[Kint[m[K
[2.008s] [01m[K/home/ros/ros2_ws/src/turtle_save_pkg/src/turtlespawnnode.cpp:90:61:[m[K [01;36m[Knote: [m[Kformat string is defined here
[2.008s]    90 |             RCLCPP_INFO(this->get_logger(), "Spawned at x: [01;36m[K%f[m[K y: %f theta: %f name: %s", x, y, theta, turtle);
[2.008s]       |                                                            [01;36m[K~^[m[K
[2.008s]       |                                                             [01;36m[K|[m[K
[2.008s]       |                                                             [01;36m[Kdouble[m[K
[2.008s]       |                                                            [32m[K%d[m[K
[2.008s] [01m[K/home/ros/ros2_ws/src/turtle_save_pkg/src/turtlespawnnode.cpp:90:45:[m[K [01;35m[Kwarning: [m[Kformat â€˜[01m[K%f[m[Kâ€™ expects argument of type â€˜[01m[Kdouble[m[Kâ€™, but argument 6 has type â€˜[01m[Kint[m[Kâ€™ [[01;35m[K]8;;https://gcc.gnu.org/onlinedocs/gcc/Warning-Options.html#index-Wformat=-Wformat=]8;;[m[K]
[2.008s]    90 |             RCLCPP_INFO(this->get_logger(), [01;35m[K"Spawned at x: %f y: %f theta: %f name: %s"[m[K, x, [32m[Ky[m[K, theta, turtle);
[2.008s]       |                                             [01;35m[K^~~~~~~~~~~~~~~~~~~~~~~~~~~~~~~~~~~~~~~~~~~[m[K     [32m[K~[m[K
[2.008s]       |                                                                                             [32m[K|[m[K
[2.008s]       |                                                                                             [32m[Kint[m[K
[2.008s] [01m[K/home/ros/ros2_ws/src/turtle_save_pkg/src/turtlespawnnode.cpp:90:67:[m[K [01;36m[Knote: [m[Kformat string is defined here
[2.008s]    90 |             RCLCPP_INFO(this->get_logger(), "Spawned at x: %f y: [01;36m[K%f[m[K theta: %f name: %s", x, y, theta, turtle);
[2.008s]       |                                                                  [01;36m[K~^[m[K
[2.008s]       |                                                                   [01;36m[K|[m[K
[2.008s]       |                                                                   [01;36m[Kdouble[m[K
[2.008s]       |                                                                  [32m[K%d[m[K
[2.008s] [01m[K/home/ros/ros2_ws/src/turtle_save_pkg/src/turtlespawnnode.cpp:90:45:[m[K [01;35m[Kwarning: [m[Kformat â€˜[01m[K%f[m[Kâ€™ expects argument of type â€˜[01m[Kdouble[m[Kâ€™, but argument 7 has type â€˜[01m[Kint[m[Kâ€™ [[01;35m[K]8;;https://gcc.gnu.org/onlinedocs/gcc/Warning-Options.html#index-Wformat=-Wformat=]8;;[m[K]
[2.008s]    90 |             RCLCPP_INFO(this->get_logger(), [01;35m[K"Spawned at x: %f y: %f theta: %f name: %s"[m[K, x, y, [32m[Ktheta[m[K, turtle);
[2.008s]       |                                             [01;35m[K^~~~~~~~~~~~~~~~~~~~~~~~~~~~~~~~~~~~~~~~~~~[m[K        [32m[K~~~~~[m[K
[2.008s]       |                                                                                                [32m[K|[m[K
[2.008s]       |                                                                                                [32m[Kint[m[K
[2.008s] [01m[K/home/ros/ros2_ws/src/turtle_save_pkg/src/turtlespawnnode.cpp:90:77:[m[K [01;36m[Knote: [m[Kformat string is defined here
[2.008s]    90 |             RCLCPP_INFO(this->get_logger(), "Spawned at x: %f y: %f theta: [01;36m[K%f[m[K name: %s", x, y, theta, turtle);
[2.009s]       |                                                                            [01;36m[K~^[m[K
[2.009s]       |                                                                             [01;36m[K|[m[K
[2.009s]       |                                                                             [01;36m[Kdouble[m[K
[2.009s]       |                                                                            [32m[K%d[m[K
[4.456s] gmake[2]: *** [CMakeFiles/turtlecontrol_node.dir/build.make:76: CMakeFiles/turtlecontrol_node.dir/src/turtlecontrolnode.cpp.o] Error 1
[4.457s] gmake[1]: *** [CMakeFiles/Makefile2:165: CMakeFiles/turtlecontrol_node.dir/all] Error 2
[4.457s] gmake[1]: *** Waiting for unfinished jobs....
[7.304s] [ 75%] [32m[1mLinking CXX executable turtlespawn_node[0m
[7.596s] [ 75%] Built target turtlespawn_node
[7.597s] gmake: *** [Makefile:146: all] Error 2
[7.600s] Invoked command in '/home/ros/ros2_ws/build/turtle_save_pkg' returned '2': CMAKE_PREFIX_PATH=/home/ros/ros2_ws/install/custom_interfaces:/home/ros/ros2_ws/install/turtle_save_pkg:/home/ros/ros2_ws/install/my_robot_interfaces:/home/ros/ros2_ws/install/my_cpp_pkg:/opt/ros/jazzy/opt/gz_math_vendor:/opt/ros/jazzy/opt/gz_utils_vendor:/opt/ros/jazzy/opt/gz_cmake_vendor:/opt/ros/jazzy LD_LIBRARY_PATH=/home/ros/ros2_ws/install/custom_interfaces/lib:/home/ros/ros2_ws/install/my_robot_interfaces/lib:/opt/ros/jazzy/opt/rviz_ogre_vendor/lib:/opt/ros/jazzy/lib/x86_64-linux-gnu:/opt/ros/jazzy/opt/gz_math_vendor/lib:/opt/ros/jazzy/opt/gz_utils_vendor/lib:/opt/ros/jazzy/opt/gz_cmake_vendor/lib:/opt/ros/jazzy/lib PYTHONPATH=/home/ros/ros2_ws/install/custom_interfaces/lib/python3.12/site-packages:/home/ros/ros2_ws/install/my_robot_interfaces/lib/python3.12/site-packages:/opt/ros/jazzy/lib/python3.12/site-packages /usr/bin/cmake --build /home/ros/ros2_ws/build/turtle_save_pkg -- -j22 -l22
