[01m[K/home/ros/ros2_ws/src/turtle_save_pkg/src/turtlecontrolnode.cpp:[m[K In member function â€˜[01m[Kvoid TurtleControl::[01;32m[KMoveTurtle[m[K(float, float, float)[m[Kâ€™:
[01m[K/home/ros/ros2_ws/src/turtle_save_pkg/src/turtlecontrolnode.cpp:4:12:[m[K [01;31m[Kerror: [m[Kexpected primary-expression before â€˜[01m[K=[m[Kâ€™ token
    4 | #define PI [01;31m[K=[m[K 3.1415926535897
      |            [01;31m[K^[m[K
[01m[K/home/ros/ros2_ws/src/turtle_save_pkg/src/turtlecontrolnode.cpp:32:38:[m[K [01;36m[Knote: [m[Kin expansion of macro â€˜[01m[KPI[m[Kâ€™
   32 |         msg.angular.z = (theta * 2 * [01;36m[KPI[m[K) / 360;
      |                                      [01;36m[K^~[m[K
gmake[2]: *** [CMakeFiles/turtlecontrol_node.dir/build.make:76: CMakeFiles/turtlecontrol_node.dir/src/turtlecontrolnode.cpp.o] Error 1
gmake[1]: *** [CMakeFiles/Makefile2:165: CMakeFiles/turtlecontrol_node.dir/all] Error 2
gmake: *** [Makefile:146: all] Error 2
