-- Found ament_cmake: 2.5.4 (/opt/ros/jazzy/share/ament_cmake/cmake)
-- Found rclcpp: 28.1.12 (/opt/ros/jazzy/share/rclcpp/cmake)
-- Found rosidl_generator_c: 4.6.6 (/opt/ros/jazzy/share/rosidl_generator_c/cmake)
-- Found rosidl_generator_cpp: 4.6.6 (/opt/ros/jazzy/share/rosidl_generator_cpp/cmake)
-- Using all available rosidl_typesupport_c: rosidl_typesupport_fastrtps_c;rosidl_typesupport_introspection_c
-- Using all available rosidl_typesupport_cpp: rosidl_typesupport_fastrtps_cpp;rosidl_typesupport_introspection_cpp
-- Found rmw_implementation_cmake: 7.3.2 (/opt/ros/jazzy/share/rmw_implementation_cmake/cmake)
-- Found rmw_fastrtps_cpp: 8.4.3 (/opt/ros/jazzy/share/rmw_fastrtps_cpp/cmake)
-- Using RMW implementation 'rmw_fastrtps_cpp' as default
-- Found turtlesim: 1.8.3 (/opt/ros/jazzy/share/turtlesim/cmake)
-- Found example_interfaces: 0.12.0 (/opt/ros/jazzy/share/example_interfaces/cmake)
-- Found geometry_msgs: 5.3.6 (/opt/ros/jazzy/share/geometry_msgs/cmake)
-- Configuring done (0.9s)
-- Generating done (0.0s)
-- Build files have been written to: /home/ros/ros2_ws/build/turtle_save_pkg
[ 50%] Built target turtlespawn_node
[ 75%] [32mBuilding CXX object CMakeFiles/turtlecontrol_node.dir/src/turtlecontrolnode.cpp.o[0m
[01m[K/home/ros/ros2_ws/src/turtle_save_pkg/src/turtlecontrolnode.cpp:29:50:[m[K [01;31m[Kerror: [m[Kâ€˜[01m[Kpose[m[Kâ€™ in namespace â€˜[01m[Kturtlesim::msg[m[Kâ€™ does not name a type; did you mean â€˜[01m[KPose[m[Kâ€™?
   29 |     void turtlePosCallBack(const turtlesim::msg::[01;31m[Kpose[m[K::SharedPtr p)
      |                                                  [01;31m[K^~~~[m[K
      |                                                  [32m[KPose[m[K
[01m[K/home/ros/ros2_ws/src/turtle_save_pkg/src/turtlecontrolnode.cpp:29:66:[m[K [01;31m[Kerror: [m[Kexpected unqualified-id before â€˜[01m[Kp[m[Kâ€™
   29 |     void turtlePosCallBack(const turtlesim::msg::pose::SharedPtr [01;31m[Kp[m[K)
      |                                                                  [01;31m[K^[m[K
[01m[K/home/ros/ros2_ws/src/turtle_save_pkg/src/turtlecontrolnode.cpp:29:65:[m[K [01;31m[Kerror: [m[Kexpected â€˜[01m[K)[m[Kâ€™ before â€˜[01m[Kp[m[Kâ€™
   29 |     void turtlePosCallBack[34m[K([m[Kconst turtlesim::msg::pose::SharedPtr[01;31m[K [m[K[32m[Kp[m[K)
      |                           [34m[K~[m[K                                     [01;31m[K^[m[K[32m[K~[m[K
      |                                                                 [32m[K)[m[K
[01m[K/home/ros/ros2_ws/src/turtle_save_pkg/src/turtlecontrolnode.cpp:29:56:[m[K [01;31m[Kerror: [m[Kexpected â€˜[01m[K;[m[Kâ€™ at end of member declaration
   29 |     void turtlePosCallBack(const turtlesim::msg::pose::[01;31m[KSharedPtr[m[K p)
      |                                                        [01;31m[K^~~~~~~~~[m[K
      |                                                                 [32m[K;[m[K
[01m[K/home/ros/ros2_ws/src/turtle_save_pkg/src/turtlecontrolnode.cpp:29:66:[m[K [01;31m[Kerror: [m[Kâ€˜[01m[Kp[m[Kâ€™ does not name a type
   29 |     void turtlePosCallBack(const turtlesim::msg::pose::SharedPtr [01;31m[Kp[m[K)
      |                                                                  [01;31m[K^[m[K
[01m[K/home/ros/ros2_ws/src/turtle_save_pkg/src/turtlecontrolnode.cpp:42:13:[m[K [01;31m[Kerror: [m[Kâ€˜[01m[KSubscriber[m[Kâ€™ in namespace â€˜[01m[Krclcpp[m[Kâ€™ does not name a template type
   42 |     rclcpp::[01;31m[KSubscriber[m[K<turtlesim::msg::pose>::SharedPtr turtlePos;
      |             [01;31m[K^~~~~~~~~~[m[K
[01m[K/home/ros/ros2_ws/src/turtle_save_pkg/src/turtlecontrolnode.cpp:[m[K In constructor â€˜[01m[KTurtleControl::[01;32m[KTurtleControl[m[K()[m[Kâ€™:
[01m[K/home/ros/ros2_ws/src/turtle_save_pkg/src/turtlecontrolnode.cpp:13:9:[m[K [01;31m[Kerror: [m[Kâ€˜[01m[KturtlePos[m[Kâ€™ was not declared in this scope; did you mean â€˜[01m[Kturtlesim[m[Kâ€™?
   13 |         [01;31m[KturtlePos[m[K = this->create_subscription<turtlesim::msg::pose>("turtle1/pose", 10,
      |         [01;31m[K^~~~~~~~~[m[K
      |         [32m[Kturtlesim[m[K
[01m[K/home/ros/ros2_ws/src/turtle_save_pkg/src/turtlecontrolnode.cpp:13:63:[m[K [01;31m[Kerror: [m[Kâ€˜[01m[Kpose[m[Kâ€™ is not a member of â€˜[01m[Kturtlesim::msg[m[Kâ€™; did you mean â€˜[01m[KPose[m[Kâ€™?
   13 |         turtlePos = this->create_subscription<turtlesim::msg::[01;31m[Kpose[m[K>("turtle1/pose", 10,
      |                                                               [01;31m[K^~~~[m[K
      |                                                               [32m[KPose[m[K
[01m[K/home/ros/ros2_ws/src/turtle_save_pkg/src/turtlecontrolnode.cpp:13:68:[m[K [01;31m[Kerror: [m[Kno matching function for call to â€˜[01m[KTurtleControl::create_subscription<<expression error> >(const char [13], int, std::_Bind_helper<false, void (TurtleControl::*)(...), TurtleControl*, const std::_Placeholder<1>&>::type)[m[Kâ€™
   13 |         turtlePos = [01;31m[Kthis->create_subscription<turtlesim::msg::pose>("turtle1/pose", 10,[m[K
      |                     [01;31m[K~~~~~~~~~~~~~~~~~~~~~~~~~~~~~~~~~~~~~~~~~~~~~~~^~~~~~~~~~~~~~~~~~~~[m[K
   14 | [01;31m[K            std::bind(&TurtleControl::turtlePosCallBack, this, std::placeholders::_1))[m[K;
      |             [01;31m[K~~~~~~~~~~~~~~~~~~~~~~~~~~~~~~~~~~~~~~~~~~~~~~~~~~~~~~~~~~~~~~~~~~~~~~~~~~[m[K
In file included from [01m[K/opt/ros/jazzy/include/rclcpp/rclcpp/executors/single_threaded_executor.hpp:28[m[K,
                 from [01m[K/opt/ros/jazzy/include/rclcpp/rclcpp/executors.hpp:22[m[K,
                 from [01m[K/opt/ros/jazzy/include/rclcpp/rclcpp/rclcpp.hpp:172[m[K,
                 from [01m[K/home/ros/ros2_ws/src/turtle_save_pkg/src/turtlecontrolnode.cpp:1[m[K:
[01m[K/opt/ros/jazzy/include/rclcpp/rclcpp/node.hpp:221:3:[m[K [01;36m[Knote: [m[Kcandidate: â€˜[01m[Ktemplate<class MessageT, class CallbackT, class AllocatorT, class SubscriptionT, class MessageMemoryStrategyT> std::shared_ptr<ROSMessageT> rclcpp::Node::[01;32m[Kcreate_subscription[m[K(const std::string&, const rclcpp::QoS&, CallbackT&&, const rclcpp::SubscriptionOptionsWithAllocator<AllocatorT>&, typename MessageMemoryStrategyT::SharedPtr)[m[Kâ€™
  221 |   [01;36m[Kcreate_subscription[m[K(
      |   [01;36m[K^~~~~~~~~~~~~~~~~~~[m[K
[01m[K/opt/ros/jazzy/include/rclcpp/rclcpp/node.hpp:221:3:[m[K [01;36m[Knote: [m[K  template argument deduction/substitution failed:
[01m[K/home/ros/ros2_ws/src/turtle_save_pkg/src/turtlecontrolnode.cpp:13:68:[m[K [01;31m[Kerror: [m[Ktemplate argument 1 is invalid
   13 |         turtlePos = [01;31m[Kthis->create_subscription<turtlesim::msg::pose>("turtle1/pose", 10,[m[K
      |                     [01;31m[K~~~~~~~~~~~~~~~~~~~~~~~~~~~~~~~~~~~~~~~~~~~~~~~^~~~~~~~~~~~~~~~~~~~[m[K
   14 | [01;31m[K            std::bind(&TurtleControl::turtlePosCallBack, this, std::placeholders::_1))[m[K;
      |             [01;31m[K~~~~~~~~~~~~~~~~~~~~~~~~~~~~~~~~~~~~~~~~~~~~~~~~~~~~~~~~~~~~~~~~~~~~~~~~~~[m[K
gmake[2]: *** [CMakeFiles/turtlecontrol_node.dir/build.make:76: CMakeFiles/turtlecontrol_node.dir/src/turtlecontrolnode.cpp.o] Error 1
gmake[1]: *** [CMakeFiles/Makefile2:165: CMakeFiles/turtlecontrol_node.dir/all] Error 2
gmake: *** [Makefile:146: all] Error 2
