[01m[K/home/ros/ros2_ws/src/turtle_save_pkg/src/turtlespawnnode.cpp:[m[K In member function â€˜[01m[Kint TurtleSpawnNode::[01;32m[KGetRandomCoordinate[m[K()[m[Kâ€™:
[01m[K/home/ros/ros2_ws/src/turtle_save_pkg/src/turtlespawnnode.cpp:35:22:[m[K [01;31m[Kerror: [m[Kâ€˜[01m[Kgen[m[Kâ€™ was not declared in this scope
   35 |         return distr([01;31m[Kgen[m[K);
      |                      [01;31m[K^~~[m[K
[01m[K/home/ros/ros2_ws/src/turtle_save_pkg/src/turtlespawnnode.cpp:35:16:[m[K [01;31m[Kerror: [m[Kâ€˜[01m[Kdistr[m[Kâ€™ was not declared in this scope
   35 |         return [01;31m[Kdistr[m[K(gen);
      |                [01;31m[K^~~~~[m[K
gmake[2]: *** [CMakeFiles/turtlespawn_node.dir/build.make:76: CMakeFiles/turtlespawn_node.dir/src/turtlespawnnode.cpp.o] Error 1
gmake[1]: *** [CMakeFiles/Makefile2:137: CMakeFiles/turtlespawn_node.dir/all] Error 2
gmake: *** [Makefile:146: all] Error 2
