[ 50%] Built target turtlecontrol_node
[ 75%] [32mBuilding CXX object CMakeFiles/turtlespawn_node.dir/src/turtlespawnnode.cpp.o[0m
[01m[K/home/ros/ros2_ws/src/turtle_save_pkg/src/turtlespawnnode.cpp:[m[K In member function â€˜[01m[Kvoid TurtleSpawnNode::[01;32m[KHandleRemoveTurtle[m[K(std_msgs::msg::String_<std::allocator<void> >::SharedPtr)[m[Kâ€™:
[01m[K/home/ros/ros2_ws/src/turtle_save_pkg/src/turtlespawnnode.cpp:152:39:[m[K [01;31m[Kerror: [m[Kinvalid conversion from â€˜[01m[Kconst char*[m[Kâ€™ to â€˜[01m[Kchar*[m[Kâ€™ [[01;31m[K]8;;https://gcc.gnu.org/onlinedocs/gcc/Warning-Options.html#index-fpermissive-fpermissive]8;;[m[K]
  152 |         char* turtle = [01;31m[Kmsg->data.c_str()[m[K;
      |                        [01;31m[K~~~~~~~~~~~~~~~^~[m[K
      |                                       [01;31m[K|[m[K
      |                                       [01;31m[Kconst char*[m[K
gmake[2]: *** [CMakeFiles/turtlespawn_node.dir/build.make:76: CMakeFiles/turtlespawn_node.dir/src/turtlespawnnode.cpp.o] Error 1
gmake[1]: *** [CMakeFiles/Makefile2:139: CMakeFiles/turtlespawn_node.dir/all] Error 2
gmake: *** [Makefile:146: all] Error 2
