[0.096s] Invoking command in '/home/ros/ros2_ws/build/turtle_save_pkg': AMENT_PREFIX_PATH=/home/ros/ros2_ws/install/custom_interfaces:${AMENT_PREFIX_PATH} CMAKE_PREFIX_PATH=/home/ros/ros2_ws/install/custom_interfaces:/home/ros/ros2_ws/install/turtle_save_pkg:/home/ros/ros2_ws/install/my_robot_interfaces:/home/ros/ros2_ws/install/my_cpp_pkg:/opt/ros/jazzy/opt/gz_math_vendor:/opt/ros/jazzy/opt/gz_utils_vendor:/opt/ros/jazzy/opt/gz_cmake_vendor:/opt/ros/jazzy LD_LIBRARY_PATH=/home/ros/ros2_ws/install/custom_interfaces/lib:${LD_LIBRARY_PATH} PYTHONPATH=/home/ros/ros2_ws/install/custom_interfaces/lib/python3.12/site-packages:${PYTHONPATH} /usr/bin/cmake --build /home/ros/ros2_ws/build/turtle_save_pkg -- -j22 -l22
[0.161s] [ 25%] [32mBuilding CXX object CMakeFiles/turtlespawn_node.dir/src/turtlespawnnode.cpp.o[0m
[0.162s] [ 75%] Built target turtlecontrol_node
[2.655s] [01m[K/home/ros/ros2_ws/src/turtle_save_pkg/src/turtlespawnnode.cpp:[m[K In constructor â€˜[01m[KTurtlePosInfo::[01;32m[KTurtlePosInfo[m[K(float, float, float, std::string)[m[Kâ€™:
[2.655s] [01m[K/home/ros/ros2_ws/src/turtle_save_pkg/src/turtlespawnnode.cpp:11:92:[m[K [01;31m[Kerror: [m[Kâ€˜[01m[K_theta[m[Kâ€™ was not declared in this scope; did you mean â€˜[01m[Ktheta[m[Kâ€™?
[2.655s]    11 |     TurtlePosInfo(float _x, float _y, float theta, std::string _name): x(_x), y(_y), theta([01;31m[K_theta[m[K), name(_name)
[2.655s]       |                                                                                            [01;31m[K^~~~~~[m[K
[2.655s]       |                                                                                            [32m[Ktheta[m[K
[2.656s] [01m[K/home/ros/ros2_ws/src/turtle_save_pkg/src/turtlespawnnode.cpp:11:45:[m[K [01;35m[Kwarning: [m[Kunused parameter â€˜[01m[Ktheta[m[Kâ€™ [[01;35m[K]8;;https://gcc.gnu.org/onlinedocs/gcc/Warning-Options.html#index-Wunused-parameter-Wunused-parameter]8;;[m[K]
[2.656s]    11 |     TurtlePosInfo(float _x, float _y, [01;35m[Kfloat theta[m[K, std::string _name): x(_x), y(_y), theta(_theta), name(_name)
[2.656s]       |                                       [01;35m[K~~~~~~^~~~~[m[K
[2.712s] [01m[K/home/ros/ros2_ws/src/turtle_save_pkg/src/turtlespawnnode.cpp:[m[K In member function â€˜[01m[Kvoid TurtleSpawnNode::[01;32m[KspawnCompleteCallBack[m[K(rclcpp::Client<turtlesim::srv::Spawn>::SharedFuture)[m[Kâ€™:
[2.712s] [01m[K/home/ros/ros2_ws/src/turtle_save_pkg/src/turtlespawnnode.cpp:78:34:[m[K [01;31m[Kerror: [m[Kno matching function for call to â€˜[01m[Kstd::vector<custom_interfaces::srv::TargetTurtleInfo>::push_back(TurtlePosInfo&)[m[Kâ€™
[2.712s]    78 |             [01;31m[KturtleQueue.push_back(t)[m[K;
[2.712s]       |             [01;31m[K~~~~~~~~~~~~~~~~~~~~~^~~[m[K
[2.714s] In file included from [01m[K/usr/include/c++/13/vector:66[m[K,
[2.714s]                  from [01m[K/opt/ros/jazzy/include/rclcpp/rclcpp/copy_all_parameter_values.hpp:19[m[K,
[2.715s]                  from [01m[K/opt/ros/jazzy/include/rclcpp/rclcpp/rclcpp.hpp:171[m[K,
[2.715s]                  from [01m[K/home/ros/ros2_ws/src/turtle_save_pkg/src/turtlespawnnode.cpp:1[m[K:
[2.715s] [01m[K/usr/include/c++/13/bits/stl_vector.h:1281:7:[m[K [01;36m[Knote: [m[Kcandidate: â€˜[01m[Kvoid std::vector<_Tp, _Alloc>::[01;32m[Kpush_back[m[K(const value_type&) [35m[K[with _Tp = custom_interfaces::srv::TargetTurtleInfo; _Alloc = std::allocator<custom_interfaces::srv::TargetTurtleInfo>; value_type = custom_interfaces::srv::TargetTurtleInfo][m[K[m[Kâ€™
[2.715s]  1281 |       [01;36m[Kpush_back[m[K(const value_type& __x)
[2.715s]       |       [01;36m[K^~~~~~~~~[m[K
[2.715s] [01m[K/usr/include/c++/13/bits/stl_vector.h:1281:35:[m[K [01;36m[Knote: [m[K  no known conversion for argument 1 from â€˜[01m[KTurtlePosInfo[m[Kâ€™ to â€˜[01m[Kconst std::vector<custom_interfaces::srv::TargetTurtleInfo>::value_type&[m[Kâ€™ {aka â€˜[01m[Kconst custom_interfaces::srv::TargetTurtleInfo&[m[Kâ€™}
[2.715s]  1281 |       push_back([01;36m[Kconst value_type& __x[m[K)
[2.715s]       |                 [01;36m[K~~~~~~~~~~~~~~~~~~^~~[m[K
[2.715s] [01m[K/usr/include/c++/13/bits/stl_vector.h:1298:7:[m[K [01;36m[Knote: [m[Kcandidate: â€˜[01m[Kvoid std::vector<_Tp, _Alloc>::[01;32m[Kpush_back[m[K(value_type&&) [35m[K[with _Tp = custom_interfaces::srv::TargetTurtleInfo; _Alloc = std::allocator<custom_interfaces::srv::TargetTurtleInfo>; value_type = custom_interfaces::srv::TargetTurtleInfo][m[K[m[Kâ€™
[2.715s]  1298 |       [01;36m[Kpush_back[m[K(value_type&& __x)
[2.715s]       |       [01;36m[K^~~~~~~~~[m[K
[2.715s] [01m[K/usr/include/c++/13/bits/stl_vector.h:1298:30:[m[K [01;36m[Knote: [m[K  no known conversion for argument 1 from â€˜[01m[KTurtlePosInfo[m[Kâ€™ to â€˜[01m[Kstd::vector<custom_interfaces::srv::TargetTurtleInfo>::value_type&&[m[Kâ€™ {aka â€˜[01m[Kcustom_interfaces::srv::TargetTurtleInfo&&[m[Kâ€™}
[2.715s]  1298 |       push_back([01;36m[Kvalue_type&& __x[m[K)
[2.716s]       |                 [01;36m[K~~~~~~~~~~~~~^~~[m[K
[2.720s] [01m[K/home/ros/ros2_ws/src/turtle_save_pkg/src/turtlespawnnode.cpp:[m[K In member function â€˜[01m[Kvoid TurtleSpawnNode::[01;32m[KHandleGetNextTurtleService[m[K(std::shared_ptr<custom_interfaces::srv::TargetTurtleInfo_Request_<std::allocator<void> > >, std::shared_ptr<custom_interfaces::srv::TargetTurtleInfo_Response_<std::allocator<void> > >)[m[Kâ€™:
[2.720s] [01m[K/home/ros/ros2_ws/src/turtle_save_pkg/src/turtlespawnnode.cpp:93:77:[m[K [01;35m[Kwarning: [m[Kunused parameter â€˜[01m[Kresponse[m[Kâ€™ [[01;35m[K]8;;https://gcc.gnu.org/onlinedocs/gcc/Warning-Options.html#index-Wunused-parameter-Wunused-parameter]8;;[m[K]
[2.720s]    93 |         [01;35m[Kstd::shared_ptr<custom_interfaces::srv::TargetTurtleInfo::Response> response[m[K)
[2.720s]       |         [01;35m[K~~~~~~~~~~~~~~~~~~~~~~~~~~~~~~~~~~~~~~~~~~~~~~~~~~~~~~~~~~~~~~~~~~~~^~~~~~~~[m[K
[3.973s] gmake[2]: *** [CMakeFiles/turtlespawn_node.dir/build.make:76: CMakeFiles/turtlespawn_node.dir/src/turtlespawnnode.cpp.o] Error 1
[3.973s] gmake[1]: *** [CMakeFiles/Makefile2:139: CMakeFiles/turtlespawn_node.dir/all] Error 2
[3.974s] gmake: *** [Makefile:146: all] Error 2
[3.985s] Invoked command in '/home/ros/ros2_ws/build/turtle_save_pkg' returned '2': AMENT_PREFIX_PATH=/home/ros/ros2_ws/install/custom_interfaces:${AMENT_PREFIX_PATH} CMAKE_PREFIX_PATH=/home/ros/ros2_ws/install/custom_interfaces:/home/ros/ros2_ws/install/turtle_save_pkg:/home/ros/ros2_ws/install/my_robot_interfaces:/home/ros/ros2_ws/install/my_cpp_pkg:/opt/ros/jazzy/opt/gz_math_vendor:/opt/ros/jazzy/opt/gz_utils_vendor:/opt/ros/jazzy/opt/gz_cmake_vendor:/opt/ros/jazzy LD_LIBRARY_PATH=/home/ros/ros2_ws/install/custom_interfaces/lib:${LD_LIBRARY_PATH} PYTHONPATH=/home/ros/ros2_ws/install/custom_interfaces/lib/python3.12/site-packages:${PYTHONPATH} /usr/bin/cmake --build /home/ros/ros2_ws/build/turtle_save_pkg -- -j22 -l22
