[0.009s] Invoking command in '/home/ros/ros2_ws/build/my_cpp_pkg': CMAKE_PREFIX_PATH=${CMAKE_PREFIX_PATH}:/opt/ros/jazzy /usr/bin/cmake --build /home/ros/ros2_ws/build/my_cpp_pkg -- -j22 -l22
[0.045s] [ 33%] Built target cpp_node
[0.046s] [ 66%] Built target number_publisher_node
[0.049s] [ 83%] [32mBuilding CXX object CMakeFiles/number_counter_node.dir/src/numbercounter.cpp.o[0m
[1.599s] [01m[K/home/ros/ros2_ws/src/my_cpp_pkg/src/numbercounter.cpp:[m[K In constructor â€˜[01m[KNumberCounterNode::[01;32m[KNumberCounterNode[m[K()[m[Kâ€™:
[1.599s] [01m[K/home/ros/ros2_ws/src/my_cpp_pkg/src/numbercounter.cpp:13:29:[m[K [01;31m[Kerror: [m[Kâ€˜[01m[Kclass NumberCounterNode[m[Kâ€™ has no member named â€˜[01m[Kcreaete_subscription[m[Kâ€™; did you mean â€˜[01m[Kcreate_subscription[m[Kâ€™?
[1.599s]    13 |         subscriber_ = this->[01;31m[Kcreaete_subscription[m[K<example_interfaces::msg::Int64>("number", 10, std::bind(&NumberCounterNode::EventRecievedCallBack, this, _1));
[1.600s]       |                             [01;31m[K^~~~~~~~~~~~~~~~~~~~[m[K
[1.600s]       |                             [32m[Kcreate_subscription[m[K
[1.600s] [01m[K/home/ros/ros2_ws/src/my_cpp_pkg/src/numbercounter.cpp:13:80:[m[K [01;31m[Kerror: [m[Kexpected primary-expression before â€˜[01m[K>[m[Kâ€™ token
[1.600s]    13 |         subscriber_ = this->creaete_subscription<example_interfaces::msg::Int64[01;31m[K>[m[K("number", 10, std::bind(&NumberCounterNode::EventRecievedCallBack, this, _1));
[1.600s]       |                                                                                [01;31m[K^[m[K
[1.600s] [01m[K/home/ros/ros2_ws/src/my_cpp_pkg/src/numbercounter.cpp:13:82:[m[K [01;35m[Kwarning: [m[Kleft operand of comma operator has no effect [[01;35m[K]8;;https://gcc.gnu.org/onlinedocs/gcc/Warning-Options.html#index-Wunused-value-Wunused-value]8;;[m[K]
[1.600s]    13 |         subscriber_ = this->creaete_subscription<example_interfaces::msg::Int64>([01;35m[K"number"[m[K, 10, std::bind(&NumberCounterNode::EventRecievedCallBack, this, _1));
[1.600s]       |                                                                                  [01;35m[K^~~~~~~~[m[K
[1.600s] In file included from [01m[K/opt/ros/jazzy/include/rclcpp/rclcpp/utilities.hpp:19[m[K,
[1.600s]                  from [01m[K/opt/ros/jazzy/include/rclcpp/rclcpp/logging.hpp:25[m[K,
[1.600s]                  from [01m[K/opt/ros/jazzy/include/rclcpp/rclcpp/copy_all_parameter_values.hpp:27[m[K,
[1.600s]                  from [01m[K/opt/ros/jazzy/include/rclcpp/rclcpp/rclcpp.hpp:171[m[K,
[1.600s]                  from [01m[K/home/ros/ros2_ws/src/my_cpp_pkg/src/numbercounter.cpp:1[m[K:
[1.600s] /usr/include/c++/13/functional: In instantiation of â€˜[01m[Kstruct std::_Bind_check_arity<void (NumberCounterNode::*)(), NumberCounterNode*, const std::_Placeholder<1>&>[m[Kâ€™:
[1.600s] [01m[K/usr/include/c++/13/functional:859:12:[m[K   required from â€˜[01m[Kstruct std::_Bind_helper<false, void (NumberCounterNode::*)(), NumberCounterNode*, const std::_Placeholder<1>&>[m[Kâ€™
[1.600s] [01m[K/usr/include/c++/13/functional:881:5:[m[K   required by substitution of â€˜[01m[Ktemplate<class _Func, class ... _BoundArgs> typename std::_Bind_helper<std::__is_socketlike<_Func>::value, _Func, _BoundArgs ...>::type std::[01;32m[Kbind[m[K(_Func&&, _BoundArgs&& ...) [35m[K[with _Func = void (NumberCounterNode::*)(); _BoundArgs = {NumberCounterNode*, const std::_Placeholder<1>&}][m[K[m[Kâ€™
[1.600s] [01m[K/home/ros/ros2_ws/src/my_cpp_pkg/src/numbercounter.cpp:13:105:[m[K   required from here
[1.600s] [01m[K/usr/include/c++/13/functional:847:21:[m[K [01;31m[Kerror: [m[Kstatic assertion failed: Wrong number of arguments for pointer-to-member
[1.600s]   846 |       static_assert(_Varargs::[01;31m[Kvalue[m[K
[1.600s]       |                               [01;31m[K~~~~~[m[K
[1.600s]   847 | [01;31m[K                    ? sizeof...(_BoundArgs) >= _Arity::value + 1[m[K
[1.600s]       |                     [01;31m[K^~~~~~~~~~~~~~~~~~~~~~~~~~~~~~~~~~~~~~~~~~~~[m[K
[1.600s]   848 | [01;31m[K                    : sizeof...(_BoundArgs) == _Arity::value + 1[m[K,
[1.600s]       |                     [01;31m[K~~~~~~~~~~~~~~~~~~~~~~~~~~~~~~~~~~~~~~~~~~~~[m[K
[1.600s] [01m[K/usr/include/c++/13/functional:847:21:[m[K [01;36m[Knote: [m[Kâ€˜[01m[K(false ? (2 >= (((long unsigned int)std::integral_constant<long unsigned int, 0>::value) + 1)) : (2 == (((long unsigned int)std::integral_constant<long unsigned int, 0>::value) + 1)))[m[Kâ€™ evaluates to false
[1.603s] [01m[K/home/ros/ros2_ws/src/my_cpp_pkg/src/numbercounter.cpp:13:157:[m[K [01;35m[Kwarning: [m[Kright operand of comma operator has no effect [[01;35m[K]8;;https://gcc.gnu.org/onlinedocs/gcc/Warning-Options.html#index-Wunused-value-Wunused-value]8;;[m[K]
[1.603s]    13 |         subscriber_ = this->creaete_subscription<example_interfaces::msg::Int64>("number", 10, std::bind(&NumberCounterNode::EventRecievedCallBack, this, _1[01;35m[K)[m[K);
[1.603s]       |                                                                                                                                                             [01;35m[K^[m[K
[2.336s] gmake[2]: *** [CMakeFiles/number_counter_node.dir/build.make:76: CMakeFiles/number_counter_node.dir/src/numbercounter.cpp.o] Error 1
[2.336s] gmake[1]: *** [CMakeFiles/Makefile2:193: CMakeFiles/number_counter_node.dir/all] Error 2
[2.337s] gmake: *** [Makefile:146: all] Error 2
[2.339s] Invoked command in '/home/ros/ros2_ws/build/my_cpp_pkg' returned '2': CMAKE_PREFIX_PATH=${CMAKE_PREFIX_PATH}:/opt/ros/jazzy /usr/bin/cmake --build /home/ros/ros2_ws/build/my_cpp_pkg -- -j22 -l22
