[ 50%] Built target turtlespawn_node
[ 75%] [32mBuilding CXX object CMakeFiles/turtlecontrol_node.dir/src/turtlecontrolnode.cpp.o[0m
[01m[K/home/ros/ros2_ws/src/turtle_save_pkg/src/turtlecontrolnode.cpp:[m[K In member function â€˜[01m[Kvoid TurtleControl::[01;32m[KtimerCallBack[m[K()[m[Kâ€™:
[01m[K/home/ros/ros2_ws/src/turtle_save_pkg/src/turtlecontrolnode.cpp:43:37:[m[K [01;31m[Kerror: [m[Kcannot convert â€˜[01m[Kfloat**[m[Kâ€™ to â€˜[01m[Kfloat*[m[Kâ€™
   43 |                 CalculateVelocities([01;31m[K&x[m[K, &theta, CurrentTurtlePos.x, CurrentTurtlePos.y, CurrentTurtlePos.theta,TargetTurtlePos.x, TargetTurtlePos.y);
      |                                     [01;31m[K^~[m[K
      |                                     [01;31m[K|[m[K
      |                                     [01;31m[Kfloat**[m[K
[01m[K/home/ros/ros2_ws/src/turtle_save_pkg/src/turtlecontrolnode.cpp:70:37:[m[K [01;36m[Knote: [m[K  initializing argument 1 of â€˜[01m[Kvoid TurtleControl::[01;32m[KCalculateVelocities[m[K(float*, float*, float, float, float, float, float)[m[Kâ€™
   70 |     void CalculateVelocities([01;36m[Kfloat *x[m[K,float* theta, float current_x, float current_y, float current_theta, float target_x, float target_y)
      |                              [01;36m[K~~~~~~~^[m[K
[01m[K/home/ros/ros2_ws/src/turtle_save_pkg/src/turtlecontrolnode.cpp:[m[K In member function â€˜[01m[Kvoid TurtleControl::[01;32m[KTurtleSaveAck[m[K(std_msgs::msg::String_<std::allocator<void> >::SharedPtr)[m[Kâ€™:
[01m[K/home/ros/ros2_ws/src/turtle_save_pkg/src/turtlecontrolnode.cpp:117:63:[m[K [01;35m[Kwarning: [m[Kunused parameter â€˜[01m[KturtleName[m[Kâ€™ [[01;35m[K]8;;https://gcc.gnu.org/onlinedocs/gcc/Warning-Options.html#index-Wunused-parameter-Wunused-parameter]8;;[m[K]
  117 |     void TurtleSaveAck([01;35m[Kconst std_msgs::msg::String::SharedPtr turtleName[m[K)
      |                        [01;35m[K~~~~~~~~~~~~~~~~~~~~~~~~~~~~~~~~~~~~~~~^~~~~~~~~~[m[K
[01m[K/home/ros/ros2_ws/src/turtle_save_pkg/src/turtlecontrolnode.cpp:[m[K In member function â€˜[01m[Kvoid TurtleControl::[01;32m[KGetNextTarget[m[K()[m[Kâ€™:
[01m[K/home/ros/ros2_ws/src/turtle_save_pkg/src/turtlecontrolnode.cpp:140:71:[m[K [01;31m[Kerror: [m[Kâ€˜[01m[KTurtleSpawnNode[m[Kâ€™ has not been declared
  140 |         getNextTurtleClient -> async_send_request(request, std::bind(&[01;31m[KTurtleSpawnNode[m[K::NextTargetRecieved, this,  std::placeholders::_1));
      |                                                                       [01;31m[K^~~~~~~~~~~~~~~[m[K
[01m[K/home/ros/ros2_ws/src/turtle_save_pkg/src/turtlecontrolnode.cpp:[m[K In member function â€˜[01m[Kvoid TurtleControl::[01;32m[KNextTargetRecieved[m[K(rclcpp::Client<custom_interfaces::srv::TargetTurtleInfo>::SharedFuture)[m[Kâ€™:
[01m[K/home/ros/ros2_ws/src/turtle_save_pkg/src/turtlecontrolnode.cpp:150:52:[m[K [01;31m[Kerror: [m[Kcannot convert â€˜[01m[Kcustom_interfaces::srv::TargetTurtleInfo_Response_<std::allocator<void> >::_name_type[m[Kâ€™ {aka â€˜[01m[Kstd::__cxx11::basic_string<char>[m[Kâ€™} to â€˜[01m[Kchar*[m[Kâ€™ in assignment
  150 |         TargetTurtleName = [01;31m[KtargetInfoFuture.get()->name[m[K;
      |                            [01;31m[K~~~~~~~~~~~~~~~~~~~~~~~~^~~~[m[K
      |                                                    [01;31m[K|[m[K
      |                                                    [01;31m[Kcustom_interfaces::srv::TargetTurtleInfo_Response_<std::allocator<void> >::_name_type {aka std::__cxx11::basic_string<char>}[m[K
[01m[K/home/ros/ros2_ws/src/turtle_save_pkg/src/turtlecontrolnode.cpp:151:29:[m[K [01;35m[Kwarning: [m[Kcomparison with string literal results in unspecified behavior [[01;35m[K]8;;https://gcc.gnu.org/onlinedocs/gcc/Warning-Options.html#index-Waddress-Waddress]8;;[m[K]
  151 |         if([01;35m[KTargetTurtleName == ""[m[K)
      |            [01;35m[K~~~~~~~~~~~~~~~~~^~~~~[m[K
gmake[2]: *** [CMakeFiles/turtlecontrol_node.dir/build.make:76: CMakeFiles/turtlecontrol_node.dir/src/turtlecontrolnode.cpp.o] Error 1
gmake[1]: *** [CMakeFiles/Makefile2:165: CMakeFiles/turtlecontrol_node.dir/all] Error 2
gmake: *** [Makefile:146: all] Error 2
