[0.088s] Invoking command in '/home/ros/ros2_ws/build/turtle_save_pkg': CMAKE_PREFIX_PATH=/home/ros/ros2_ws/install/custom_interfaces:/home/ros/ros2_ws/install/turtle_save_pkg:/home/ros/ros2_ws/install/my_robot_interfaces:/home/ros/ros2_ws/install/my_cpp_pkg:/opt/ros/jazzy/opt/gz_math_vendor:/opt/ros/jazzy/opt/gz_utils_vendor:/opt/ros/jazzy/opt/gz_cmake_vendor:/opt/ros/jazzy LD_LIBRARY_PATH=/home/ros/ros2_ws/install/custom_interfaces/lib:/home/ros/ros2_ws/install/my_robot_interfaces/lib:/opt/ros/jazzy/opt/rviz_ogre_vendor/lib:/opt/ros/jazzy/lib/x86_64-linux-gnu:/opt/ros/jazzy/opt/gz_math_vendor/lib:/opt/ros/jazzy/opt/gz_utils_vendor/lib:/opt/ros/jazzy/opt/gz_cmake_vendor/lib:/opt/ros/jazzy/lib PYTHONPATH=/home/ros/ros2_ws/install/custom_interfaces/lib/python3.12/site-packages:/home/ros/ros2_ws/install/my_robot_interfaces/lib/python3.12/site-packages:/opt/ros/jazzy/lib/python3.12/site-packages /usr/bin/cmake --build /home/ros/ros2_ws/build/turtle_save_pkg -- -j22 -l22
[0.131s] [ 50%] Built target turtlespawn_node
[0.133s] [ 75%] [32mBuilding CXX object CMakeFiles/turtlecontrol_node.dir/src/turtlecontrolnode.cpp.o[0m
[1.697s] [01m[K/home/ros/ros2_ws/src/turtle_save_pkg/src/turtlecontrolnode.cpp:[m[K In member function â€˜[01m[Kvoid TurtleControl::[01;32m[KtimerCallBack[m[K()[m[Kâ€™:
[1.697s] [01m[K/home/ros/ros2_ws/src/turtle_save_pkg/src/turtlecontrolnode.cpp:43:37:[m[K [01;31m[Kerror: [m[Kcannot convert â€˜[01m[Kfloat**[m[Kâ€™ to â€˜[01m[Kfloat*[m[Kâ€™
[1.698s]    43 |                 CalculateVelocities([01;31m[K&x[m[K, &theta, CurrentTurtlePos.x, CurrentTurtlePos.y, CurrentTurtlePos.theta,TargetTurtlePos.x, TargetTurtlePos.y);
[1.698s]       |                                     [01;31m[K^~[m[K
[1.698s]       |                                     [01;31m[K|[m[K
[1.698s]       |                                     [01;31m[Kfloat**[m[K
[1.698s] [01m[K/home/ros/ros2_ws/src/turtle_save_pkg/src/turtlecontrolnode.cpp:70:37:[m[K [01;36m[Knote: [m[K  initializing argument 1 of â€˜[01m[Kvoid TurtleControl::[01;32m[KCalculateVelocities[m[K(float*, float*, float, float, float, float, float)[m[Kâ€™
[1.698s]    70 |     void CalculateVelocities([01;36m[Kfloat *x[m[K,float* theta, float current_x, float current_y, float current_theta, float target_x, float target_y)
[1.698s]       |                              [01;36m[K~~~~~~~^[m[K
[1.702s] [01m[K/home/ros/ros2_ws/src/turtle_save_pkg/src/turtlecontrolnode.cpp:[m[K In member function â€˜[01m[Kvoid TurtleControl::[01;32m[KTurtleSaveAck[m[K(std_msgs::msg::String_<std::allocator<void> >::SharedPtr)[m[Kâ€™:
[1.702s] [01m[K/home/ros/ros2_ws/src/turtle_save_pkg/src/turtlecontrolnode.cpp:117:63:[m[K [01;35m[Kwarning: [m[Kunused parameter â€˜[01m[KturtleName[m[Kâ€™ [[01;35m[K]8;;https://gcc.gnu.org/onlinedocs/gcc/Warning-Options.html#index-Wunused-parameter-Wunused-parameter]8;;[m[K]
[1.702s]   117 |     void TurtleSaveAck([01;35m[Kconst std_msgs::msg::String::SharedPtr turtleName[m[K)
[1.702s]       |                        [01;35m[K~~~~~~~~~~~~~~~~~~~~~~~~~~~~~~~~~~~~~~~^~~~~~~~~~[m[K
[1.703s] [01m[K/home/ros/ros2_ws/src/turtle_save_pkg/src/turtlecontrolnode.cpp:[m[K In member function â€˜[01m[Kvoid TurtleControl::[01;32m[KGetNextTarget[m[K()[m[Kâ€™:
[1.703s] [01m[K/home/ros/ros2_ws/src/turtle_save_pkg/src/turtlecontrolnode.cpp:140:71:[m[K [01;31m[Kerror: [m[Kâ€˜[01m[KTurtleSpawnNode[m[Kâ€™ has not been declared
[1.703s]   140 |         getNextTurtleClient -> async_send_request(request, std::bind(&[01;31m[KTurtleSpawnNode[m[K::NextTargetRecieved, this,  std::placeholders::_1));
[1.703s]       |                                                                       [01;31m[K^~~~~~~~~~~~~~~[m[K
[1.705s] [01m[K/home/ros/ros2_ws/src/turtle_save_pkg/src/turtlecontrolnode.cpp:[m[K In member function â€˜[01m[Kvoid TurtleControl::[01;32m[KNextTargetRecieved[m[K(rclcpp::Client<custom_interfaces::srv::TargetTurtleInfo>::SharedFuture)[m[Kâ€™:
[1.706s] [01m[K/home/ros/ros2_ws/src/turtle_save_pkg/src/turtlecontrolnode.cpp:150:52:[m[K [01;31m[Kerror: [m[Kcannot convert â€˜[01m[Kcustom_interfaces::srv::TargetTurtleInfo_Response_<std::allocator<void> >::_name_type[m[Kâ€™ {aka â€˜[01m[Kstd::__cxx11::basic_string<char>[m[Kâ€™} to â€˜[01m[Kchar*[m[Kâ€™ in assignment
[1.706s]   150 |         TargetTurtleName = [01;31m[KtargetInfoFuture.get()->name[m[K;
[1.706s]       |                            [01;31m[K~~~~~~~~~~~~~~~~~~~~~~~~^~~~[m[K
[1.706s]       |                                                    [01;31m[K|[m[K
[1.706s]       |                                                    [01;31m[Kcustom_interfaces::srv::TargetTurtleInfo_Response_<std::allocator<void> >::_name_type {aka std::__cxx11::basic_string<char>}[m[K
[1.706s] [01m[K/home/ros/ros2_ws/src/turtle_save_pkg/src/turtlecontrolnode.cpp:151:29:[m[K [01;35m[Kwarning: [m[Kcomparison with string literal results in unspecified behavior [[01;35m[K]8;;https://gcc.gnu.org/onlinedocs/gcc/Warning-Options.html#index-Waddress-Waddress]8;;[m[K]
[1.706s]   151 |         if([01;35m[KTargetTurtleName == ""[m[K)
[1.706s]       |            [01;35m[K~~~~~~~~~~~~~~~~~^~~~~[m[K
[4.138s] gmake[2]: *** [CMakeFiles/turtlecontrol_node.dir/build.make:76: CMakeFiles/turtlecontrol_node.dir/src/turtlecontrolnode.cpp.o] Error 1
[4.138s] gmake[1]: *** [CMakeFiles/Makefile2:165: CMakeFiles/turtlecontrol_node.dir/all] Error 2
[4.139s] gmake: *** [Makefile:146: all] Error 2
[4.143s] Invoked command in '/home/ros/ros2_ws/build/turtle_save_pkg' returned '2': CMAKE_PREFIX_PATH=/home/ros/ros2_ws/install/custom_interfaces:/home/ros/ros2_ws/install/turtle_save_pkg:/home/ros/ros2_ws/install/my_robot_interfaces:/home/ros/ros2_ws/install/my_cpp_pkg:/opt/ros/jazzy/opt/gz_math_vendor:/opt/ros/jazzy/opt/gz_utils_vendor:/opt/ros/jazzy/opt/gz_cmake_vendor:/opt/ros/jazzy LD_LIBRARY_PATH=/home/ros/ros2_ws/install/custom_interfaces/lib:/home/ros/ros2_ws/install/my_robot_interfaces/lib:/opt/ros/jazzy/opt/rviz_ogre_vendor/lib:/opt/ros/jazzy/lib/x86_64-linux-gnu:/opt/ros/jazzy/opt/gz_math_vendor/lib:/opt/ros/jazzy/opt/gz_utils_vendor/lib:/opt/ros/jazzy/opt/gz_cmake_vendor/lib:/opt/ros/jazzy/lib PYTHONPATH=/home/ros/ros2_ws/install/custom_interfaces/lib/python3.12/site-packages:/home/ros/ros2_ws/install/my_robot_interfaces/lib/python3.12/site-packages:/opt/ros/jazzy/lib/python3.12/site-packages /usr/bin/cmake --build /home/ros/ros2_ws/build/turtle_save_pkg -- -j22 -l22
