[0.089s] Invoking command in '/home/ros/ros2_ws/build/turtle_save_pkg': CMAKE_PREFIX_PATH=/home/ros/ros2_ws/install/custom_interfaces:/home/ros/ros2_ws/install/turtle_save_pkg:/home/ros/ros2_ws/install/my_robot_interfaces:/home/ros/ros2_ws/install/my_cpp_pkg:/opt/ros/jazzy/opt/gz_math_vendor:/opt/ros/jazzy/opt/gz_utils_vendor:/opt/ros/jazzy/opt/gz_cmake_vendor:/opt/ros/jazzy LD_LIBRARY_PATH=/home/ros/ros2_ws/install/custom_interfaces/lib:/home/ros/ros2_ws/install/my_robot_interfaces/lib:/opt/ros/jazzy/opt/rviz_ogre_vendor/lib:/opt/ros/jazzy/lib/x86_64-linux-gnu:/opt/ros/jazzy/opt/gz_math_vendor/lib:/opt/ros/jazzy/opt/gz_utils_vendor/lib:/opt/ros/jazzy/opt/gz_cmake_vendor/lib:/opt/ros/jazzy/lib PYTHONPATH=/home/ros/ros2_ws/install/custom_interfaces/lib/python3.12/site-packages:/home/ros/ros2_ws/install/my_robot_interfaces/lib/python3.12/site-packages:/opt/ros/jazzy/lib/python3.12/site-packages /usr/bin/cmake --build /home/ros/ros2_ws/build/turtle_save_pkg -- -j22 -l22
[0.188s] [ 50%] Built target turtlespawn_node
[0.189s] [ 75%] [32mBuilding CXX object CMakeFiles/turtlecontrol_node.dir/src/turtlecontrolnode.cpp.o[0m
[2.023s] [01m[K/home/ros/ros2_ws/src/turtle_save_pkg/src/turtlecontrolnode.cpp:[m[K In member function â€˜[01m[Kvoid TurtleControl::[01;32m[KApplyTurtleVelocities[m[K(float, float)[m[Kâ€™:
[2.023s] [01m[K/home/ros/ros2_ws/src/turtle_save_pkg/src/turtlecontrolnode.cpp:62:24:[m[K [01;31m[Kerror: [m[Kâ€˜[01m[Ka_x[m[Kâ€™ was not declared in this scope
[2.023s]    62 |         msg.linear.x = [01;31m[Ka_x[m[K;
[2.023s]       |                        [01;31m[K^~~[m[K
[2.027s] [01m[K/home/ros/ros2_ws/src/turtle_save_pkg/src/turtlecontrolnode.cpp:63:25:[m[K [01;31m[Kerror: [m[Kâ€˜[01m[Ka_theta[m[Kâ€™ was not declared in this scope; did you mean â€˜[01m[Ktheta[m[Kâ€™?
[2.027s]    63 |         msg.angular.z = [01;31m[Ka_theta[m[K;
[2.027s]       |                         [01;31m[K^~~~~~~[m[K
[2.027s]       |                         [32m[Ktheta[m[K
[2.028s] [01m[K/home/ros/ros2_ws/src/turtle_save_pkg/src/turtlecontrolnode.cpp:59:38:[m[K [01;35m[Kwarning: [m[Kunused parameter â€˜[01m[Kx[m[Kâ€™ [[01;35m[K]8;;https://gcc.gnu.org/onlinedocs/gcc/Warning-Options.html#index-Wunused-parameter-Wunused-parameter]8;;[m[K]
[2.028s]    59 |     void ApplyTurtleVelocities([01;35m[Kfloat x[m[K, float theta)
[2.028s]       |                                [01;35m[K~~~~~~^[m[K
[2.028s] [01m[K/home/ros/ros2_ws/src/turtle_save_pkg/src/turtlecontrolnode.cpp:59:47:[m[K [01;35m[Kwarning: [m[Kunused parameter â€˜[01m[Ktheta[m[Kâ€™ [[01;35m[K]8;;https://gcc.gnu.org/onlinedocs/gcc/Warning-Options.html#index-Wunused-parameter-Wunused-parameter]8;;[m[K]
[2.028s]    59 |     void ApplyTurtleVelocities(float x, [01;35m[Kfloat theta[m[K)
[2.028s]       |                                         [01;35m[K~~~~~~^~~~~[m[K
[2.028s] [01m[K/home/ros/ros2_ws/src/turtle_save_pkg/src/turtlecontrolnode.cpp:[m[K In member function â€˜[01m[Kvoid TurtleControl::[01;32m[KCalculateVelocities[m[K(float*, float*, float, float, float, float, float)[m[Kâ€™:
[2.028s] [01m[K/home/ros/ros2_ws/src/turtle_save_pkg/src/turtlecontrolnode.cpp:103:28:[m[K [01;31m[Kerror: [m[Kno matching function for call to â€˜[01m[Kclamp(float*&, float, float&)[m[Kâ€™
[2.029s]   103 |         *theta = [01;31m[Kstd::clamp(theta, -t_max, t_max)[m[K;//(theta * 2 * PI) / 360;
[2.029s]       |                  [01;31m[K~~~~~~~~~~^~~~~~~~~~~~~~~~~~~~~~[m[K
[2.029s] In file included from [01m[K/usr/include/c++/13/algorithm:61[m[K,
[2.029s]                  from [01m[K/opt/ros/jazzy/include/rcl_interfaces/rcl_interfaces/srv/detail/list_parameters__struct.hpp:11[m[K,
[2.029s]                  from [01m[K/opt/ros/jazzy/include/rcl_interfaces/rcl_interfaces/srv/list_parameters.hpp:7[m[K,
[2.029s]                  from [01m[K/opt/ros/jazzy/include/rclcpp/rclcpp/copy_all_parameter_values.hpp:21[m[K,
[2.029s]                  from [01m[K/opt/ros/jazzy/include/rclcpp/rclcpp/rclcpp.hpp:171[m[K,
[2.030s]                  from [01m[K/home/ros/ros2_ws/src/turtle_save_pkg/src/turtlecontrolnode.cpp:1[m[K:
[2.030s] [01m[K/usr/include/c++/13/bits/stl_algo.h:3667:5:[m[K [01;36m[Knote: [m[Kcandidate: â€˜[01m[Ktemplate<class _Tp> constexpr const _Tp& std::[01;32m[Kclamp[m[K(const _Tp&, const _Tp&, const _Tp&)[m[Kâ€™
[2.030s]  3667 |     [01;36m[Kclamp[m[K(const _Tp& __val, const _Tp& __lo, const _Tp& __hi)
[2.030s]       |     [01;36m[K^~~~~[m[K
[2.030s] [01m[K/usr/include/c++/13/bits/stl_algo.h:3667:5:[m[K [01;36m[Knote: [m[K  template argument deduction/substitution failed:
[2.030s] [01m[K/home/ros/ros2_ws/src/turtle_save_pkg/src/turtlecontrolnode.cpp:103:28:[m[K [01;36m[Knote: [m[K  deduced conflicting types for parameter â€˜[01m[Kconst _Tp[m[Kâ€™ (â€˜[01m[Kfloat*[m[Kâ€™ and â€˜[01m[Kfloat[m[Kâ€™)
[2.030s]   103 |         *theta = [01;36m[Kstd::clamp(theta, -t_max, t_max)[m[K;//(theta * 2 * PI) / 360;
[2.030s]       |                  [01;36m[K~~~~~~~~~~^~~~~~~~~~~~~~~~~~~~~~[m[K
[2.030s] [01m[K/usr/include/c++/13/bits/stl_algo.h:3687:5:[m[K [01;36m[Knote: [m[Kcandidate: â€˜[01m[Ktemplate<class _Tp, class _Compare> constexpr const _Tp& std::[01;32m[Kclamp[m[K(const _Tp&, const _Tp&, const _Tp&, _Compare)[m[Kâ€™
[2.030s]  3687 |     [01;36m[Kclamp[m[K(const _Tp& __val, const _Tp& __lo, const _Tp& __hi, _Compare __comp)
[2.030s]       |     [01;36m[K^~~~~[m[K
[2.030s] [01m[K/usr/include/c++/13/bits/stl_algo.h:3687:5:[m[K [01;36m[Knote: [m[K  template argument deduction/substitution failed:
[2.030s] [01m[K/home/ros/ros2_ws/src/turtle_save_pkg/src/turtlecontrolnode.cpp:103:28:[m[K [01;36m[Knote: [m[K  deduced conflicting types for parameter â€˜[01m[Kconst _Tp[m[Kâ€™ (â€˜[01m[Kfloat*[m[Kâ€™ and â€˜[01m[Kfloat[m[Kâ€™)
[2.030s]   103 |         *theta = [01;36m[Kstd::clamp(theta, -t_max, t_max)[m[K;//(theta * 2 * PI) / 360;
[2.031s]       |                  [01;36m[K~~~~~~~~~~^~~~~~~~~~~~~~~~~~~~~~[m[K
[4.724s] gmake[2]: *** [CMakeFiles/turtlecontrol_node.dir/build.make:76: CMakeFiles/turtlecontrol_node.dir/src/turtlecontrolnode.cpp.o] Error 1
[4.724s] gmake[1]: *** [CMakeFiles/Makefile2:165: CMakeFiles/turtlecontrol_node.dir/all] Error 2
[4.724s] gmake: *** [Makefile:146: all] Error 2
[4.726s] Invoked command in '/home/ros/ros2_ws/build/turtle_save_pkg' returned '2': CMAKE_PREFIX_PATH=/home/ros/ros2_ws/install/custom_interfaces:/home/ros/ros2_ws/install/turtle_save_pkg:/home/ros/ros2_ws/install/my_robot_interfaces:/home/ros/ros2_ws/install/my_cpp_pkg:/opt/ros/jazzy/opt/gz_math_vendor:/opt/ros/jazzy/opt/gz_utils_vendor:/opt/ros/jazzy/opt/gz_cmake_vendor:/opt/ros/jazzy LD_LIBRARY_PATH=/home/ros/ros2_ws/install/custom_interfaces/lib:/home/ros/ros2_ws/install/my_robot_interfaces/lib:/opt/ros/jazzy/opt/rviz_ogre_vendor/lib:/opt/ros/jazzy/lib/x86_64-linux-gnu:/opt/ros/jazzy/opt/gz_math_vendor/lib:/opt/ros/jazzy/opt/gz_utils_vendor/lib:/opt/ros/jazzy/opt/gz_cmake_vendor/lib:/opt/ros/jazzy/lib PYTHONPATH=/home/ros/ros2_ws/install/custom_interfaces/lib/python3.12/site-packages:/home/ros/ros2_ws/install/my_robot_interfaces/lib/python3.12/site-packages:/opt/ros/jazzy/lib/python3.12/site-packages /usr/bin/cmake --build /home/ros/ros2_ws/build/turtle_save_pkg -- -j22 -l22
