[ 50%] [32mBuilding CXX object CMakeFiles/turtlespawn_node.dir/src/turtlespawnnode.cpp.o[0m
[ 75%] Built target turtlecontrol_node
[01m[K/home/ros/ros2_ws/src/turtle_save_pkg/src/turtlespawnnode.cpp:27:10:[m[K [01;31m[Kerror: [m[Kâ€˜[01m[KVector[m[Kâ€™ in namespace â€˜[01m[Kstd[m[Kâ€™ does not name a template type; did you mean â€˜[01m[Kvector[m[Kâ€™?
   27 |     std::[01;31m[KVector[m[K<custom_interfaces::srv::TargetTurtleInfo> turtleQueue;
      |          [01;31m[K^~~~~~[m[K
      |          [32m[Kvector[m[K
[01m[K/home/ros/ros2_ws/src/turtle_save_pkg/src/turtlespawnnode.cpp:[m[K In member function â€˜[01m[Kvoid TurtleSpawnNode::[01;32m[KCreateRandomTurtle[m[K()[m[Kâ€™:
[01m[K/home/ros/ros2_ws/src/turtle_save_pkg/src/turtlespawnnode.cpp:51:19:[m[K [01;31m[Kerror: [m[Kâ€˜[01m[Kstruct custom_interfaces::srv::TargetTurtleInfo[m[Kâ€™ has no member named â€˜[01m[Kx[m[Kâ€™
   51 |         newTurtle.[01;31m[Kx[m[K = request->x;
      |                   [01;31m[K^[m[K
[01m[K/home/ros/ros2_ws/src/turtle_save_pkg/src/turtlespawnnode.cpp:52:19:[m[K [01;31m[Kerror: [m[Kâ€˜[01m[Kstruct custom_interfaces::srv::TargetTurtleInfo[m[Kâ€™ has no member named â€˜[01m[Ky[m[Kâ€™
   52 |         newTurtle.[01;31m[Ky[m[K = request->y;
      |                   [01;31m[K^[m[K
[01m[K/home/ros/ros2_ws/src/turtle_save_pkg/src/turtlespawnnode.cpp:53:19:[m[K [01;31m[Kerror: [m[Kâ€˜[01m[Kstruct custom_interfaces::srv::TargetTurtleInfo[m[Kâ€™ has no member named â€˜[01m[Ktheta[m[Kâ€™
   53 |         newTurtle.[01;31m[Ktheta[m[K = request->theta;
      |                   [01;31m[K^~~~~[m[K
[01m[K/home/ros/ros2_ws/src/turtle_save_pkg/src/turtlespawnnode.cpp:[m[K In member function â€˜[01m[Kvoid TurtleSpawnNode::[01;32m[KspawnCompleteCallBack[m[K(rclcpp::Client<turtlesim::srv::Spawn>::SharedFuture)[m[Kâ€™:
[01m[K/home/ros/ros2_ws/src/turtle_save_pkg/src/turtlespawnnode.cpp:65:15:[m[K [01;31m[Kerror: [m[Kâ€˜[01m[Kstruct custom_interfaces::srv::TargetTurtleInfo[m[Kâ€™ has no member named â€˜[01m[Kx[m[Kâ€™
   65 |             t.[01;31m[Kx[m[K = newTurtle.x;
      |               [01;31m[K^[m[K
[01m[K/home/ros/ros2_ws/src/turtle_save_pkg/src/turtlespawnnode.cpp:65:29:[m[K [01;31m[Kerror: [m[Kâ€˜[01m[Kstruct custom_interfaces::srv::TargetTurtleInfo[m[Kâ€™ has no member named â€˜[01m[Kx[m[Kâ€™
   65 |             t.x = newTurtle.[01;31m[Kx[m[K;
      |                             [01;31m[K^[m[K
[01m[K/home/ros/ros2_ws/src/turtle_save_pkg/src/turtlespawnnode.cpp:66:15:[m[K [01;31m[Kerror: [m[Kâ€˜[01m[Kstruct custom_interfaces::srv::TargetTurtleInfo[m[Kâ€™ has no member named â€˜[01m[Ky[m[Kâ€™
   66 |             t.[01;31m[Ky[m[K = newTurtle.y;
      |               [01;31m[K^[m[K
[01m[K/home/ros/ros2_ws/src/turtle_save_pkg/src/turtlespawnnode.cpp:66:29:[m[K [01;31m[Kerror: [m[Kâ€˜[01m[Kstruct custom_interfaces::srv::TargetTurtleInfo[m[Kâ€™ has no member named â€˜[01m[Ky[m[Kâ€™
   66 |             t.y = newTurtle.[01;31m[Ky[m[K;
      |                             [01;31m[K^[m[K
[01m[K/home/ros/ros2_ws/src/turtle_save_pkg/src/turtlespawnnode.cpp:67:15:[m[K [01;31m[Kerror: [m[Kâ€˜[01m[Kstruct custom_interfaces::srv::TargetTurtleInfo[m[Kâ€™ has no member named â€˜[01m[Ktheta[m[Kâ€™
   67 |             t.[01;31m[Ktheta[m[K = newTurtle.theta;
      |               [01;31m[K^~~~~[m[K
[01m[K/home/ros/ros2_ws/src/turtle_save_pkg/src/turtlespawnnode.cpp:67:33:[m[K [01;31m[Kerror: [m[Kâ€˜[01m[Kstruct custom_interfaces::srv::TargetTurtleInfo[m[Kâ€™ has no member named â€˜[01m[Ktheta[m[Kâ€™
   67 |             t.theta = newTurtle.[01;31m[Ktheta[m[K;
      |                                 [01;31m[K^~~~~[m[K
[01m[K/home/ros/ros2_ws/src/turtle_save_pkg/src/turtlespawnnode.cpp:68:15:[m[K [01;31m[Kerror: [m[Kâ€˜[01m[Kstruct custom_interfaces::srv::TargetTurtleInfo[m[Kâ€™ has no member named â€˜[01m[Kname[m[Kâ€™
   68 |             t.[01;31m[Kname[m[K = turtle;
      |               [01;31m[K^~~~[m[K
[01m[K/home/ros/ros2_ws/src/turtle_save_pkg/src/turtlespawnnode.cpp:69:13:[m[K [01;31m[Kerror: [m[Kâ€˜[01m[KturtleQueue[m[Kâ€™ was not declared in this scope
   69 |             [01;31m[KturtleQueue[m[K.push_back(t);
      |             [01;31m[K^~~~~~~~~~~[m[K
[01m[K/home/ros/ros2_ws/src/turtle_save_pkg/src/turtlespawnnode.cpp:[m[K In member function â€˜[01m[Kvoid TurtleSpawnNode::[01;32m[KHandleGetNextTurtleService[m[K(std::shared_ptr<custom_interfaces::srv::TargetTurtleInfo_Request_<std::allocator<void> > >, std::shared_ptr<custom_interfaces::srv::TargetTurtleInfo_Response_<std::allocator<void> > >)[m[Kâ€™:
[01m[K/home/ros/ros2_ws/src/turtle_save_pkg/src/turtlespawnnode.cpp:88:26:[m[K [01;31m[Kerror: [m[Kâ€˜[01m[KturtleQueue[m[Kâ€™ was not declared in this scope
   88 |         response->name = [01;31m[KturtleQueue[m[K.back();
      |                          [01;31m[K^~~~~~~~~~~[m[K
gmake[2]: *** [CMakeFiles/turtlespawn_node.dir/build.make:76: CMakeFiles/turtlespawn_node.dir/src/turtlespawnnode.cpp.o] Error 1
gmake[1]: *** [CMakeFiles/Makefile2:139: CMakeFiles/turtlespawn_node.dir/all] Error 2
gmake: *** [Makefile:146: all] Error 2
