[01m[K/home/ros/ros2_ws/src/turtle_save_pkg/src/turtlespawnnode.cpp:[m[K In constructor â€˜[01m[KTurtleSpawnNode::[01;32m[KTurtleSpawnNode[m[K()[m[Kâ€™:
[01m[K/home/ros/ros2_ws/src/turtle_save_pkg/src/turtlespawnnode.cpp:10:47:[m[K [01;31m[Kerror: [m[Kclass â€˜[01m[KTurtleSpawnNode[m[Kâ€™ does not have any field named â€˜[01m[Kcount[m[Kâ€™
   10 |     TurtleSpawnNode() : Node("turtle_spawn"), [01;31m[Kcount[m[K(0)
      |                                               [01;31m[K^~~~~[m[K
In file included from [01m[K/opt/ros/jazzy/include/rclcpp/rclcpp/logging.hpp:24[m[K,
                 from [01m[K/opt/ros/jazzy/include/rclcpp/rclcpp/copy_all_parameter_values.hpp:27[m[K,
                 from [01m[K/opt/ros/jazzy/include/rclcpp/rclcpp/rclcpp.hpp:171[m[K,
                 from [01m[K/home/ros/ros2_ws/src/turtle_save_pkg/src/turtlespawnnode.cpp:1[m[K:
[01m[K/home/ros/ros2_ws/src/turtle_save_pkg/src/turtlespawnnode.cpp:[m[K In member function â€˜[01m[Kvoid TurtleSpawnNode::[01;32m[KCreateRandomTurtle[m[K()[m[Kâ€™:
[01m[K/home/ros/ros2_ws/src/turtle_save_pkg/src/turtlespawnnode.cpp:29:60:[m[K [01;31m[Kerror: [m[Kâ€˜[01m[Kcount[m[Kâ€™ was not declared in this scope; did you mean â€˜[01m[Kstd::count[m[Kâ€™?
   29 |         RCLCPP_INFO(this->get_logger(), "Creating turtle", [01;31m[Kcount[m[K);
      |                                                            [01;31m[K^~~~~[m[K
In file included from [01m[K/usr/include/c++/13/algorithm:73[m[K,
                 from [01m[K/opt/ros/jazzy/include/rcl_interfaces/rcl_interfaces/srv/detail/list_parameters__struct.hpp:11[m[K,
                 from [01m[K/opt/ros/jazzy/include/rcl_interfaces/rcl_interfaces/srv/list_parameters.hpp:7[m[K,
                 from [01m[K/opt/ros/jazzy/include/rclcpp/rclcpp/copy_all_parameter_values.hpp:21[m[K:
[01m[K/usr/include/c++/13/pstl/glue_algorithm_defs.h:101:1:[m[K [01;36m[Knote: [m[Kâ€˜[01m[Kstd::count[m[Kâ€™ declared here
  101 | [01;36m[Kcount[m[K(_ExecutionPolicy&& __exec, _ForwardIterator __first, _ForwardIterator __last, const _Tp& __value);
      | [01;36m[K^~~~~[m[K
[01m[K/home/ros/ros2_ws/src/turtle_save_pkg/src/turtlespawnnode.cpp:36:17:[m[K [01;31m[Kerror: [m[Kexpected â€˜[01m[K;[m[Kâ€™ before â€˜[01m[Kreturn[m[Kâ€™
   36 |                 [01;31m[Kreturn[m[K;
      |                 [01;31m[K^~~~~~[m[K
[01m[K/home/ros/ros2_ws/src/turtle_save_pkg/src/turtlespawnnode.cpp:42:18:[m[K [01;31m[Kerror: [m[Kâ€˜[01m[Kusing std::__shared_ptr_access<turtlesim::srv::Spawn, __gnu_cxx::_S_atomic, false, false>::element_type = struct turtlesim::srv::Spawn[m[Kâ€™ {aka â€˜[01m[Kstruct turtlesim::srv::Spawn[m[Kâ€™} has no member named â€˜[01m[Kx[m[Kâ€™
   42 |         request->[01;31m[Kx[m[K = GetRandomCoordinate();
      |                  [01;31m[K^[m[K
[01m[K/home/ros/ros2_ws/src/turtle_save_pkg/src/turtlespawnnode.cpp:43:18:[m[K [01;31m[Kerror: [m[Kâ€˜[01m[Kusing std::__shared_ptr_access<turtlesim::srv::Spawn, __gnu_cxx::_S_atomic, false, false>::element_type = struct turtlesim::srv::Spawn[m[Kâ€™ {aka â€˜[01m[Kstruct turtlesim::srv::Spawn[m[Kâ€™} has no member named â€˜[01m[Ky[m[Kâ€™
   43 |         request->[01;31m[Ky[m[K = GetRandomCoordinate();
      |                  [01;31m[K^[m[K
[01m[K/home/ros/ros2_ws/src/turtle_save_pkg/src/turtlespawnnode.cpp:45:31:[m[K [01;31m[Kerror: [m[Kâ€˜[01m[Kclient_[m[Kâ€™ was not declared in this scope
   45 |          auto future_result = [01;31m[Kclient_[m[K->async_send_request(request);
      |                               [01;31m[K^~~~~~~[m[K
[01m[K/home/ros/ros2_ws/src/turtle_save_pkg/src/turtlespawnnode.cpp:51:45:[m[K [01;35m[Kwarning: [m[Kformat â€˜[01m[K%s[m[Kâ€™ expects argument of type â€˜[01m[Kchar*[m[Kâ€™, but argument 5 has type â€˜[01m[Kstd::string[m[Kâ€™ {aka â€˜[01m[Kstd::__cxx11::basic_string<char>[m[Kâ€™} [[01;35m[K]8;;https://gcc.gnu.org/onlinedocs/gcc/Warning-Options.html#index-Wformat=-Wformat=]8;;[m[K]
   51 |             RCLCPP_INFO(this->get_logger(), [01;35m[K"Spawned turtle named: %s"[m[K, turtle);
      |                                             [01;35m[K^~~~~~~~~~~~~~~~~~~~~~~~~~[m[K
[01m[K/home/ros/ros2_ws/src/turtle_save_pkg/src/turtlespawnnode.cpp:51:69:[m[K [01;36m[Knote: [m[Kformat string is defined here
   51 |             RCLCPP_INFO(this->get_logger(), "Spawned turtle named: [01;36m[K%s[m[K", turtle);
      |                                                                    [01;36m[K~^[m[K
      |                                                                     [01;36m[K|[m[K
      |                                                                     [01;36m[Kchar*[m[K
gmake[2]: *** [CMakeFiles/turtlespawn_node.dir/build.make:76: CMakeFiles/turtlespawn_node.dir/src/turtlespawnnode.cpp.o] Error 1
gmake[1]: *** [CMakeFiles/Makefile2:137: CMakeFiles/turtlespawn_node.dir/all] Error 2
gmake: *** [Makefile:146: all] Error 2
