[0.013s] Invoking command in '/home/ros/ros2_ws/build/turtle_save_pkg': CMAKE_PREFIX_PATH=${CMAKE_PREFIX_PATH}:/opt/ros/jazzy /usr/bin/cmake --build /home/ros/ros2_ws/build/turtle_save_pkg -- -j22 -l22
[0.106s] [ 50%] Built target turtlespawn_node
[0.110s] [ 75%] [32mBuilding CXX object CMakeFiles/turtlecontrol_node.dir/src/turtlecontrolnode.cpp.o[0m
[1.897s] [01m[K/home/ros/ros2_ws/src/turtle_save_pkg/src/turtlecontrolnode.cpp:[m[K In constructor â€˜[01m[KTurtleControl::[01;32m[KTurtleControl[m[K()[m[Kâ€™:
[1.897s] [01m[K/home/ros/ros2_ws/src/turtle_save_pkg/src/turtlecontrolnode.cpp:15:53:[m[K [01;31m[Kerror: [m[Kno match for â€˜[01m[Koperator=[m[Kâ€™ (operand types are â€˜[01m[Kturtlesim::msg::Pose[m[Kâ€™ {aka â€˜[01m[Kturtlesim::msg::Pose_<std::allocator<void> >[m[Kâ€™} and â€˜[01m[Kturtlesim::msg::Pose*[m[Kâ€™ {aka â€˜[01m[Kturtlesim::msg::Pose_<std::allocator<void> >*[m[Kâ€™})
[1.897s]    15 |         CurrentTurtlePos = new turtlesim::msg::Pose([01;31m[K)[m[K;
[1.897s]       |                                                     [01;31m[K^[m[K
[1.897s] In file included from [01m[K/opt/ros/jazzy/include/turtlesim/turtlesim/msg/pose.hpp:7[m[K,
[1.897s]                  from [01m[K/home/ros/ros2_ws/src/turtle_save_pkg/src/turtlecontrolnode.cpp:3[m[K:
[1.897s] [01m[K/opt/ros/jazzy/include/turtlesim/turtlesim/msg/detail/pose__struct.hpp:35:8:[m[K [01;36m[Knote: [m[Kcandidate: â€˜[01m[Kconstexpr turtlesim::msg::Pose_<std::allocator<void> >& turtlesim::msg::Pose_<std::allocator<void> >::[01;32m[Koperator=[m[K(const turtlesim::msg::Pose_<std::allocator<void> >&)[m[Kâ€™
[1.897s]    35 | struct [01;36m[KPose_[m[K
[1.897s]       |        [01;36m[K^~~~~[m[K
[1.897s] [01m[K/opt/ros/jazzy/include/turtlesim/turtlesim/msg/detail/pose__struct.hpp:35:8:[m[K [01;36m[Knote: [m[K  no known conversion for argument 1 from â€˜[01m[Kturtlesim::msg::Pose*[m[Kâ€™ {aka â€˜[01m[Kturtlesim::msg::Pose_<std::allocator<void> >*[m[Kâ€™} to â€˜[01m[Kconst turtlesim::msg::Pose_<std::allocator<void> >&[m[Kâ€™
[1.897s] [01m[K/opt/ros/jazzy/include/turtlesim/turtlesim/msg/detail/pose__struct.hpp:35:8:[m[K [01;36m[Knote: [m[Kcandidate: â€˜[01m[Kconstexpr turtlesim::msg::Pose_<std::allocator<void> >& turtlesim::msg::Pose_<std::allocator<void> >::[01;32m[Koperator=[m[K(turtlesim::msg::Pose_<std::allocator<void> >&&)[m[Kâ€™
[1.897s] [01m[K/opt/ros/jazzy/include/turtlesim/turtlesim/msg/detail/pose__struct.hpp:35:8:[m[K [01;36m[Knote: [m[K  no known conversion for argument 1 from â€˜[01m[Kturtlesim::msg::Pose*[m[Kâ€™ {aka â€˜[01m[Kturtlesim::msg::Pose_<std::allocator<void> >*[m[Kâ€™} to â€˜[01m[Kturtlesim::msg::Pose_<std::allocator<void> >&&[m[Kâ€™
[3.645s] gmake[2]: *** [CMakeFiles/turtlecontrol_node.dir/build.make:76: CMakeFiles/turtlecontrol_node.dir/src/turtlecontrolnode.cpp.o] Error 1
[3.645s] gmake[1]: *** [CMakeFiles/Makefile2:165: CMakeFiles/turtlecontrol_node.dir/all] Error 2
[3.645s] gmake: *** [Makefile:146: all] Error 2
[3.648s] Invoked command in '/home/ros/ros2_ws/build/turtle_save_pkg' returned '2': CMAKE_PREFIX_PATH=${CMAKE_PREFIX_PATH}:/opt/ros/jazzy /usr/bin/cmake --build /home/ros/ros2_ws/build/turtle_save_pkg -- -j22 -l22
