[ 25%] [32mBuilding CXX object CMakeFiles/number_publisher_node.dir/src/publisher.cpp.o[0m
[ 75%] Built target cpp_node
[01m[K/home/ros/ros2_ws/src/my_cpp_pkg/src/publisher.cpp:16:56:[m[K [01;31m[Kerror: [m[Kâ€˜[01m[KSharePtr[m[Kâ€™ in â€˜[01m[Kclass rclcpp::Publisher<example_interfaces::msg::Int64_<std::allocator<void> > >[m[Kâ€™ does not name a type
   16 |     rclcpp::Publisher<example_interfaces::msg::Int64>::[01;31m[KSharePtr[m[K publisher_;
      |                                                        [01;31m[K^~~~~~~~[m[K
[01m[K/home/ros/ros2_ws/src/my_cpp_pkg/src/publisher.cpp:[m[K In constructor â€˜[01m[KMyNode::[01;32m[KMyNode[m[K()[m[Kâ€™:
[01m[K/home/ros/ros2_ws/src/my_cpp_pkg/src/publisher.cpp:11:9:[m[K [01;31m[Kerror: [m[Kâ€˜[01m[Kpublisher_[m[Kâ€™ was not declared in this scope; did you mean â€˜[01m[Krmw_publisher_t[m[Kâ€™?
   11 |         [01;31m[Kpublisher_[m[K = this->create_publisher<example_interfaces::msg::Int64>("number_publisher", 10);
      |         [01;31m[K^~~~~~~~~~[m[K
      |         [32m[Krmw_publisher_t[m[K
[01m[K/home/ros/ros2_ws/src/my_cpp_pkg/src/publisher.cpp:[m[K In member function â€˜[01m[Kvoid MyNode::[01;32m[KtimerCallBack[m[K()[m[Kâ€™:
[01m[K/home/ros/ros2_ws/src/my_cpp_pkg/src/publisher.cpp:23:9:[m[K [01;31m[Kerror: [m[Kâ€˜[01m[Kpublisher_[m[Kâ€™ was not declared in this scope; did you mean â€˜[01m[Krmw_publisher_t[m[Kâ€™?
   23 |         [01;31m[Kpublisher_[m[K->publish(msg);
      |         [01;31m[K^~~~~~~~~~[m[K
      |         [32m[Krmw_publisher_t[m[K
gmake[2]: *** [CMakeFiles/number_publisher_node.dir/build.make:76: CMakeFiles/number_publisher_node.dir/src/publisher.cpp.o] Error 1
gmake[1]: *** [CMakeFiles/Makefile2:165: CMakeFiles/number_publisher_node.dir/all] Error 2
gmake: *** [Makefile:146: all] Error 2
