[0.000000] (-) TimerEvent: {}
[0.000763] (-) JobUnselected: {'identifier': 'my_cpp_pkg'}
[0.000837] (-) JobUnselected: {'identifier': 'my_robot_interfaces'}
[0.000897] (turtle_save_pkg) JobQueued: {'identifier': 'turtle_save_pkg', 'dependencies': OrderedDict()}
[0.000954] (turtle_save_pkg) JobStarted: {'identifier': 'turtle_save_pkg'}
[0.008749] (turtle_save_pkg) JobProgress: {'identifier': 'turtle_save_pkg', 'progress': 'cmake'}
[0.009921] (turtle_save_pkg) JobProgress: {'identifier': 'turtle_save_pkg', 'progress': 'build'}
[0.009964] (turtle_save_pkg) Command: {'cmd': ['/usr/bin/cmake', '--build', '/home/ros/ros2_ws/build/turtle_save_pkg', '--', '-j22', '-l22'], 'cwd': '/home/ros/ros2_ws/build/turtle_save_pkg', 'env': OrderedDict({'LESSOPEN': '| /usr/bin/lesspipe %s', 'USER': 'ros', 'SHLVL': '1', 'LD_LIBRARY_PATH': '/home/ros/ros2_ws/install/my_robot_interfaces/lib:/opt/ros/jazzy/opt/rviz_ogre_vendor/lib:/opt/ros/jazzy/lib/x86_64-linux-gnu:/opt/ros/jazzy/opt/gz_math_vendor/lib:/opt/ros/jazzy/opt/gz_utils_vendor/lib:/opt/ros/jazzy/opt/gz_cmake_vendor/lib:/opt/ros/jazzy/lib', 'WT_PROFILE_ID': '{61c54bbd-c2c6-5271-96e7-009a87ff44bf}', 'HOME': '/home/ros', 'OLDPWD': '/home/ros', 'ROS_PYTHON_VERSION': '3', 'DBUS_SESSION_BUS_ADDRESS': 'unix:path=/run/user/1000/bus', 'WSL_DISTRO_NAME': 'Ubuntu-24.04', 'WAYLAND_DISPLAY': 'wayland-0', 'COLCON_PREFIX_PATH': '/home/ros/ros2_ws/install', 'ROS_DISTRO': 'jazzy', 'LOGNAME': 'ros', 'NAME': 'Zphi', 'WSL_INTEROP': '/run/WSL/3225_interop', 'PULSE_SERVER': 'unix:/mnt/wslg/PulseServer', '_': '/usr/bin/colcon', 'ROS_VERSION': '2', 'TERM': 'xterm-256color', 'PATH': '/opt/ros/jazzy/bin:/usr/local/sbin:/usr/local/bin:/usr/sbin:/usr/bin:/sbin:/bin:/usr/games:/usr/local/games:/usr/lib/wsl/lib:/mnt/c/Program Files/Eclipse Adoptium/jdk-21.0.2.13-hotspot/bin:/mnt/c/WINDOWS/system32:/mnt/c/WINDOWS:/mnt/c/WINDOWS/System32/Wbem:/mnt/c/WINDOWS/System32/WindowsPowerShell/v1.0/:/mnt/c/WINDOWS/System32/OpenSSH/:/mnt/c/Program Files (x86)/NVIDIA Corporation/PhysX/Common:/mnt/c/Program Files/dotnet/:/mnt/c/Program Files/Microsoft SQL Server/150/Tools/Binn/:/mnt/c/Program Files/Microsoft SQL Server/Client SDK/ODBC/170/Tools/Binn/:/mnt/c/Program Files (x86)/Windows Kits/10/Windows Performance Toolkit/:/mnt/c/Program Files/Git/cmd:/mnt/c/Program Files/GitHub CLI/:/mnt/c/Program Files/nodejs/:/mnt/c/Program Files/NVIDIA Corporation/NVIDIA app/NvDLISR:/mnt/c/Users/shash/AppData/Local/Programs/Python/Launcher/:/mnt/c/Users/shash/AppData/Local/Programs/Eclipse Adoptium/jdk-17.0.10.7-hotspot/bin:/mnt/c/Users/shash/AppData/Local/Microsoft/WindowsApps:/mnt/c/Users/shash/AppData/Local/Programs/Microsoft VS Code/bin:/mnt/c/Users/shash/AppData/Roaming/npm:/mnt/c/Users/shash/.dotnet/tools:/snap/bin', 'WT_SESSION': '3ebe3b9f-af29-4b51-a118-ee6964358626', 'XDG_RUNTIME_DIR': '/run/user/1000/', 'DISPLAY': ':0', 'LANG': 'en_US.UTF-8', 'LS_COLORS': 'rs=0:di=01;34:ln=01;36:mh=00:pi=40;33:so=01;35:do=01;35:bd=40;33;01:cd=40;33;01:or=40;31;01:mi=00:su=37;41:sg=30;43:ca=00:tw=30;42:ow=34;42:st=37;44:ex=01;32:*.tar=01;31:*.tgz=01;31:*.arc=01;31:*.arj=01;31:*.taz=01;31:*.lha=01;31:*.lz4=01;31:*.lzh=01;31:*.lzma=01;31:*.tlz=01;31:*.txz=01;31:*.tzo=01;31:*.t7z=01;31:*.zip=01;31:*.z=01;31:*.dz=01;31:*.gz=01;31:*.lrz=01;31:*.lz=01;31:*.lzo=01;31:*.xz=01;31:*.zst=01;31:*.tzst=01;31:*.bz2=01;31:*.bz=01;31:*.tbz=01;31:*.tbz2=01;31:*.tz=01;31:*.deb=01;31:*.rpm=01;31:*.jar=01;31:*.war=01;31:*.ear=01;31:*.sar=01;31:*.rar=01;31:*.alz=01;31:*.ace=01;31:*.zoo=01;31:*.cpio=01;31:*.7z=01;31:*.rz=01;31:*.cab=01;31:*.wim=01;31:*.swm=01;31:*.dwm=01;31:*.esd=01;31:*.avif=01;35:*.jpg=01;35:*.jpeg=01;35:*.mjpg=01;35:*.mjpeg=01;35:*.gif=01;35:*.bmp=01;35:*.pbm=01;35:*.pgm=01;35:*.ppm=01;35:*.tga=01;35:*.xbm=01;35:*.xpm=01;35:*.tif=01;35:*.tiff=01;35:*.png=01;35:*.svg=01;35:*.svgz=01;35:*.mng=01;35:*.pcx=01;35:*.mov=01;35:*.mpg=01;35:*.mpeg=01;35:*.m2v=01;35:*.mkv=01;35:*.webm=01;35:*.webp=01;35:*.ogm=01;35:*.mp4=01;35:*.m4v=01;35:*.mp4v=01;35:*.vob=01;35:*.qt=01;35:*.nuv=01;35:*.wmv=01;35:*.asf=01;35:*.rm=01;35:*.rmvb=01;35:*.flc=01;35:*.avi=01;35:*.fli=01;35:*.flv=01;35:*.gl=01;35:*.dl=01;35:*.xcf=01;35:*.xwd=01;35:*.yuv=01;35:*.cgm=01;35:*.emf=01;35:*.ogv=01;35:*.ogx=01;35:*.aac=00;36:*.au=00;36:*.flac=00;36:*.m4a=00;36:*.mid=00;36:*.midi=00;36:*.mka=00;36:*.mp3=00;36:*.mpc=00;36:*.ogg=00;36:*.ra=00;36:*.wav=00;36:*.oga=00;36:*.opus=00;36:*.spx=00;36:*.xspf=00;36:*~=00;90:*#=00;90:*.bak=00;90:*.crdownload=00;90:*.dpkg-dist=00;90:*.dpkg-new=00;90:*.dpkg-old=00;90:*.dpkg-tmp=00;90:*.old=00;90:*.orig=00;90:*.part=00;90:*.rej=00;90:*.rpmnew=00;90:*.rpmorig=00;90:*.rpmsave=00;90:*.swp=00;90:*.tmp=00;90:*.ucf-dist=00;90:*.ucf-new=00;90:*.ucf-old=00;90:', 'AMENT_PREFIX_PATH': '/home/ros/ros2_ws/install/turtle_save_pkg:/home/ros/ros2_ws/install/my_robot_interfaces:/home/ros/ros2_ws/install/my_cpp_pkg:/opt/ros/jazzy', 'SHELL': '/bin/bash', 'LESSCLOSE': '/usr/bin/lesspipe %s %s', 'ROS_AUTOMATIC_DISCOVERY_RANGE': 'SUBNET', 'PWD': '/home/ros/ros2_ws/build/turtle_save_pkg', 'XDG_DATA_DIRS': '/usr/local/share:/usr/share:/var/lib/snapd/desktop', 'PYTHONPATH': '/home/ros/ros2_ws/install/my_robot_interfaces/lib/python3.12/site-packages:/opt/ros/jazzy/lib/python3.12/site-packages', 'COLCON': '1', 'WSL2_GUI_APPS_ENABLED': '1', 'HOSTTYPE': 'x86_64', 'CMAKE_PREFIX_PATH': '/home/ros/ros2_ws/install/turtle_save_pkg:/home/ros/ros2_ws/install/my_robot_interfaces:/home/ros/ros2_ws/install/my_cpp_pkg:/opt/ros/jazzy/opt/gz_math_vendor:/opt/ros/jazzy/opt/gz_utils_vendor:/opt/ros/jazzy/opt/gz_cmake_vendor:/opt/ros/jazzy', 'WSLENV': 'WT_SESSION:WT_PROFILE_ID:'}), 'shell': False}
[0.064863] (turtle_save_pkg) StdoutLine: {'line': b'[ 50%] \x1b[32mBuilding CXX object CMakeFiles/turtlespawn_node.dir/src/turtlespawnnode.cpp.o\x1b[0m\n'}
[0.103319] (-) TimerEvent: {}
[0.213693] (-) TimerEvent: {}
[0.314762] (-) TimerEvent: {}
[0.425144] (-) TimerEvent: {}
[0.535526] (-) TimerEvent: {}
[0.645933] (-) TimerEvent: {}
[0.748352] (-) TimerEvent: {}
[0.852971] (-) TimerEvent: {}
[0.953752] (-) TimerEvent: {}
[1.054894] (-) TimerEvent: {}
[1.155658] (-) TimerEvent: {}
[1.256507] (-) TimerEvent: {}
[1.358042] (-) TimerEvent: {}
[1.459575] (-) TimerEvent: {}
[1.569978] (-) TimerEvent: {}
[1.680345] (-) TimerEvent: {}
[1.786110] (-) TimerEvent: {}
[1.883172] (turtle_save_pkg) StderrLine: {'line': b'\x1b[01m\x1b[K/home/ros/ros2_ws/src/turtle_save_pkg/src/turtlespawnnode.cpp:\x1b[m\x1b[K In member function \xe2\x80\x98\x1b[01m\x1b[Kint TurtleSpawnNode::\x1b[01;32m\x1b[KGetRandomCoordinate\x1b[m\x1b[K()\x1b[m\x1b[K\xe2\x80\x99:\n'}
[1.883394] (turtle_save_pkg) StderrLine: {'line': b'\x1b[01m\x1b[K/home/ros/ros2_ws/src/turtle_save_pkg/src/turtlespawnnode.cpp:35:22:\x1b[m\x1b[K \x1b[01;31m\x1b[Kerror: \x1b[m\x1b[K\xe2\x80\x98\x1b[01m\x1b[Kgen\x1b[m\x1b[K\xe2\x80\x99 was not declared in this scope\n'}
[1.883439] (turtle_save_pkg) StderrLine: {'line': b'   35 |         return distr(\x1b[01;31m\x1b[Kgen\x1b[m\x1b[K);\n'}
[1.883476] (turtle_save_pkg) StderrLine: {'line': b'      |                      \x1b[01;31m\x1b[K^~~\x1b[m\x1b[K\n'}
[1.886473] (-) TimerEvent: {}
[1.888128] (turtle_save_pkg) StderrLine: {'line': b'\x1b[01m\x1b[K/home/ros/ros2_ws/src/turtle_save_pkg/src/turtlespawnnode.cpp:35:16:\x1b[m\x1b[K \x1b[01;31m\x1b[Kerror: \x1b[m\x1b[K\xe2\x80\x98\x1b[01m\x1b[Kdistr\x1b[m\x1b[K\xe2\x80\x99 was not declared in this scope\n'}
[1.888262] (turtle_save_pkg) StderrLine: {'line': b'   35 |         return \x1b[01;31m\x1b[Kdistr\x1b[m\x1b[K(gen);\n'}
[1.888359] (turtle_save_pkg) StderrLine: {'line': b'      |                \x1b[01;31m\x1b[K^~~~~\x1b[m\x1b[K\n'}
[1.991797] (-) TimerEvent: {}
[2.101581] (-) TimerEvent: {}
[2.211970] (-) TimerEvent: {}
[2.322496] (-) TimerEvent: {}
[2.429469] (-) TimerEvent: {}
[2.539960] (-) TimerEvent: {}
[2.632061] (turtle_save_pkg) StderrLine: {'line': b'gmake[2]: *** [CMakeFiles/turtlespawn_node.dir/build.make:76: CMakeFiles/turtlespawn_node.dir/src/turtlespawnnode.cpp.o] Error 1\n'}
[2.632540] (turtle_save_pkg) StderrLine: {'line': b'gmake[1]: *** [CMakeFiles/Makefile2:137: CMakeFiles/turtlespawn_node.dir/all] Error 2\n'}
[2.632842] (turtle_save_pkg) StderrLine: {'line': b'gmake: *** [Makefile:146: all] Error 2\n'}
[2.635175] (turtle_save_pkg) CommandEnded: {'returncode': 2}
[2.640605] (-) TimerEvent: {}
[2.642583] (turtle_save_pkg) JobEnded: {'identifier': 'turtle_save_pkg', 'rc': 2}
[2.643888] (-) EventReactorShutdown: {}
