[0.092s] Invoking command in '/home/ros/ros2_ws/build/turtle_save_pkg': CMAKE_PREFIX_PATH=/home/ros/ros2_ws/install/custom_interfaces:/home/ros/ros2_ws/install/turtle_save_pkg:/home/ros/ros2_ws/install/my_robot_interfaces:/home/ros/ros2_ws/install/my_cpp_pkg:/opt/ros/jazzy/opt/gz_math_vendor:/opt/ros/jazzy/opt/gz_utils_vendor:/opt/ros/jazzy/opt/gz_cmake_vendor:/opt/ros/jazzy LD_LIBRARY_PATH=/home/ros/ros2_ws/install/custom_interfaces/lib:/home/ros/ros2_ws/install/my_robot_interfaces/lib:/opt/ros/jazzy/opt/rviz_ogre_vendor/lib:/opt/ros/jazzy/lib/x86_64-linux-gnu:/opt/ros/jazzy/opt/gz_math_vendor/lib:/opt/ros/jazzy/opt/gz_utils_vendor/lib:/opt/ros/jazzy/opt/gz_cmake_vendor/lib:/opt/ros/jazzy/lib PYTHONPATH=/home/ros/ros2_ws/install/custom_interfaces/lib/python3.12/site-packages:/home/ros/ros2_ws/install/my_robot_interfaces/lib/python3.12/site-packages:/opt/ros/jazzy/lib/python3.12/site-packages /usr/bin/cmake --build /home/ros/ros2_ws/build/turtle_save_pkg -- -j22 -l22
[0.194s] [ 50%] Built target turtlespawn_node
[0.196s] [ 75%] [32mBuilding CXX object CMakeFiles/turtlecontrol_node.dir/src/turtlecontrolnode.cpp.o[0m
[2.065s] [01m[K/home/ros/ros2_ws/src/turtle_save_pkg/src/turtlecontrolnode.cpp:188:5:[m[K [01;31m[Kerror: [m[Kâ€˜[01m[Kstring[m[Kâ€™ does not name a type; did you mean â€˜[01m[Kstdin[m[Kâ€™?
[2.065s]   188 |     [01;31m[Kstring[m[K TargetTurtleName;
[2.065s]       |     [01;31m[K^~~~~~[m[K
[2.065s]       |     [32m[Kstdin[m[K
[2.079s] [01m[K/home/ros/ros2_ws/src/turtle_save_pkg/src/turtlecontrolnode.cpp:[m[K In member function â€˜[01m[Kvoid TurtleControl::[01;32m[KtimerCallBack[m[K()[m[Kâ€™:
[2.079s] [01m[K/home/ros/ros2_ws/src/turtle_save_pkg/src/turtlecontrolnode.cpp:43:37:[m[K [01;31m[Kerror: [m[Kcannot convert â€˜[01m[Kfloat**[m[Kâ€™ to â€˜[01m[Kfloat*[m[Kâ€™
[2.079s]    43 |                 CalculateVelocities([01;31m[K&x[m[K, &theta, CurrentTurtlePos.x, CurrentTurtlePos.y, CurrentTurtlePos.theta,TargetTurtlePos.x, TargetTurtlePos.y);
[2.079s]       |                                     [01;31m[K^~[m[K
[2.079s]       |                                     [01;31m[K|[m[K
[2.079s]       |                                     [01;31m[Kfloat**[m[K
[2.079s] [01m[K/home/ros/ros2_ws/src/turtle_save_pkg/src/turtlecontrolnode.cpp:70:37:[m[K [01;36m[Knote: [m[K  initializing argument 1 of â€˜[01m[Kvoid TurtleControl::[01;32m[KCalculateVelocities[m[K(float*, float*, float, float, float, float, float)[m[Kâ€™
[2.079s]    70 |     void CalculateVelocities([01;36m[Kfloat *x[m[K,float* theta, float current_x, float current_y, float current_theta, float target_x, float target_y)
[2.079s]       |                              [01;36m[K~~~~~~~^[m[K
[2.086s] [01m[K/home/ros/ros2_ws/src/turtle_save_pkg/src/turtlecontrolnode.cpp:[m[K In member function â€˜[01m[Kvoid TurtleControl::[01;32m[KPublishTurtleSaved[m[K()[m[Kâ€™:
[2.086s] [01m[K/home/ros/ros2_ws/src/turtle_save_pkg/src/turtlecontrolnode.cpp:112:20:[m[K [01;31m[Kerror: [m[Kâ€˜[01m[KTargetTurtleName[m[Kâ€™ was not declared in this scope; did you mean â€˜[01m[KTargetTurtlePos[m[Kâ€™?
[2.087s]   112 |         msg.data = [01;31m[KTargetTurtleName[m[K;
[2.087s]       |                    [01;31m[K^~~~~~~~~~~~~~~~[m[K
[2.087s]       |                    [32m[KTargetTurtlePos[m[K
[2.089s] [01m[K/home/ros/ros2_ws/src/turtle_save_pkg/src/turtlecontrolnode.cpp:[m[K In member function â€˜[01m[Kvoid TurtleControl::[01;32m[KTurtleSaveAck[m[K(std_msgs::msg::String_<std::allocator<void> >::SharedPtr)[m[Kâ€™:
[2.089s] [01m[K/home/ros/ros2_ws/src/turtle_save_pkg/src/turtlecontrolnode.cpp:117:63:[m[K [01;35m[Kwarning: [m[Kunused parameter â€˜[01m[KturtleName[m[Kâ€™ [[01;35m[K]8;;https://gcc.gnu.org/onlinedocs/gcc/Warning-Options.html#index-Wunused-parameter-Wunused-parameter]8;;[m[K]
[2.089s]   117 |     void TurtleSaveAck([01;35m[Kconst std_msgs::msg::String::SharedPtr turtleName[m[K)
[2.089s]       |                        [01;35m[K~~~~~~~~~~~~~~~~~~~~~~~~~~~~~~~~~~~~~~~^~~~~~~~~~[m[K
[2.091s] [01m[K/home/ros/ros2_ws/src/turtle_save_pkg/src/turtlecontrolnode.cpp:[m[K In member function â€˜[01m[Kvoid TurtleControl::[01;32m[KGetNextTarget[m[K()[m[Kâ€™:
[2.091s] [01m[K/home/ros/ros2_ws/src/turtle_save_pkg/src/turtlecontrolnode.cpp:140:71:[m[K [01;31m[Kerror: [m[Kâ€˜[01m[KTurtleSpawnNode[m[Kâ€™ has not been declared
[2.091s]   140 |         getNextTurtleClient -> async_send_request(request, std::bind(&[01;31m[KTurtleSpawnNode[m[K::NextTargetRecieved, this,  std::placeholders::_1));
[2.091s]       |                                                                       [01;31m[K^~~~~~~~~~~~~~~[m[K
[2.099s] [01m[K/home/ros/ros2_ws/src/turtle_save_pkg/src/turtlecontrolnode.cpp:[m[K In member function â€˜[01m[Kvoid TurtleControl::[01;32m[KNextTargetRecieved[m[K(rclcpp::Client<custom_interfaces::srv::TargetTurtleInfo>::SharedFuture)[m[Kâ€™:
[2.099s] [01m[K/home/ros/ros2_ws/src/turtle_save_pkg/src/turtlecontrolnode.cpp:150:9:[m[K [01;31m[Kerror: [m[Kâ€˜[01m[KTargetTurtleName[m[Kâ€™ was not declared in this scope; did you mean â€˜[01m[KTargetTurtlePos[m[Kâ€™?
[2.099s]   150 |         [01;31m[KTargetTurtleName[m[K = targetInfoFuture.get()->name;
[2.099s]       |         [01;31m[K^~~~~~~~~~~~~~~~[m[K
[2.099s]       |         [32m[KTargetTurtlePos[m[K
[4.628s] gmake[2]: *** [CMakeFiles/turtlecontrol_node.dir/build.make:76: CMakeFiles/turtlecontrol_node.dir/src/turtlecontrolnode.cpp.o] Error 1
[4.628s] gmake[1]: *** [CMakeFiles/Makefile2:165: CMakeFiles/turtlecontrol_node.dir/all] Error 2
[4.628s] gmake: *** [Makefile:146: all] Error 2
[4.633s] Invoked command in '/home/ros/ros2_ws/build/turtle_save_pkg' returned '2': CMAKE_PREFIX_PATH=/home/ros/ros2_ws/install/custom_interfaces:/home/ros/ros2_ws/install/turtle_save_pkg:/home/ros/ros2_ws/install/my_robot_interfaces:/home/ros/ros2_ws/install/my_cpp_pkg:/opt/ros/jazzy/opt/gz_math_vendor:/opt/ros/jazzy/opt/gz_utils_vendor:/opt/ros/jazzy/opt/gz_cmake_vendor:/opt/ros/jazzy LD_LIBRARY_PATH=/home/ros/ros2_ws/install/custom_interfaces/lib:/home/ros/ros2_ws/install/my_robot_interfaces/lib:/opt/ros/jazzy/opt/rviz_ogre_vendor/lib:/opt/ros/jazzy/lib/x86_64-linux-gnu:/opt/ros/jazzy/opt/gz_math_vendor/lib:/opt/ros/jazzy/opt/gz_utils_vendor/lib:/opt/ros/jazzy/opt/gz_cmake_vendor/lib:/opt/ros/jazzy/lib PYTHONPATH=/home/ros/ros2_ws/install/custom_interfaces/lib/python3.12/site-packages:/home/ros/ros2_ws/install/my_robot_interfaces/lib/python3.12/site-packages:/opt/ros/jazzy/lib/python3.12/site-packages /usr/bin/cmake --build /home/ros/ros2_ws/build/turtle_save_pkg -- -j22 -l22
