[01m[K/home/ros/ros2_ws/src/my_cpp_pkg/src/numbercounter.cpp:3:10:[m[K [01;31m[Kfatal error: [m[Kexample_interfaces/srv/setbool.hpp: No such file or directory
    3 | #include [01;31m[K"example_interfaces/srv/setbool.hpp"[m[K
      |          [01;31m[K^~~~~~~~~~~~~~~~~~~~~~~~~~~~~~~~~~~~[m[K
compilation terminated.
gmake[2]: *** [CMakeFiles/number_counter_node.dir/build.make:76: CMakeFiles/number_counter_node.dir/src/numbercounter.cpp.o] Error 1
gmake[1]: *** [CMakeFiles/Makefile2:193: CMakeFiles/number_counter_node.dir/all] Error 2
gmake: *** [Makefile:146: all] Error 2
