[ 50%] [32mBuilding CXX object CMakeFiles/cpp_node.dir/src/my_first_node.cpp.o[0m
[01m[K/home/ros/ros2_ws/src/my_cpp_pkg/src/my_first_node.cpp:13:24:[m[K [01;31m[Kerror: [m[Kâ€˜[01m[KSharePtr[m[Kâ€™ in â€˜[01m[Kclass rclcpp::TimerBase[m[Kâ€™ does not name a type
   13 |     rclcpp::TimerBase::[01;31m[KSharePtr[m[K _timer;
      |                        [01;31m[K^~~~~~~~[m[K
[01m[K/home/ros/ros2_ws/src/my_cpp_pkg/src/my_first_node.cpp:[m[K In constructor â€˜[01m[KMyNode::[01;32m[KMyNode[m[K()[m[Kâ€™:
[01m[K/home/ros/ros2_ws/src/my_cpp_pkg/src/my_first_node.cpp:9:9:[m[K [01;31m[Kerror: [m[Kâ€˜[01m[K_timer[m[Kâ€™ was not declared in this scope; did you mean â€˜[01m[Ktimex[m[Kâ€™?
    9 |         [01;31m[K_timer[m[K = create_wall_timer(std::chrono::seconds(1), std::bind(&MyNode::timerCallBack, this));
      |         [01;31m[K^~~~~~[m[K
      |         [32m[Ktimex[m[K
gmake[2]: *** [CMakeFiles/cpp_node.dir/build.make:76: CMakeFiles/cpp_node.dir/src/my_first_node.cpp.o] Error 1
gmake[1]: *** [CMakeFiles/Makefile2:137: CMakeFiles/cpp_node.dir/all] Error 2
gmake: *** [Makefile:146: all] Error 2
