[0.008s] Invoking command in '/home/ros/ros2_ws/build/turtle_save_pkg': CMAKE_PREFIX_PATH=${CMAKE_PREFIX_PATH}:/opt/ros/jazzy /usr/bin/cmake --build /home/ros/ros2_ws/build/turtle_save_pkg -- -j22 -l22
[0.051s] [ 50%] Built target turtlespawn_node
[0.056s] [ 75%] [32mBuilding CXX object CMakeFiles/turtlecontrol_node.dir/src/turtlecontrolnode.cpp.o[0m
[1.567s] [01m[K/home/ros/ros2_ws/src/turtle_save_pkg/src/turtlecontrolnode.cpp:42:13:[m[K [01;31m[Kerror: [m[Kâ€˜[01m[KSubscriber[m[Kâ€™ in namespace â€˜[01m[Krclcpp[m[Kâ€™ does not name a template type
[1.567s]    42 |     rclcpp::[01;31m[KSubscriber[m[K<turtlesim::msg::pose>::SharedPtr turtlePos;
[1.567s]       |             [01;31m[K^~~~~~~~~~[m[K
[1.579s] [01m[K/home/ros/ros2_ws/src/turtle_save_pkg/src/turtlecontrolnode.cpp:[m[K In constructor â€˜[01m[KTurtleControl::[01;32m[KTurtleControl[m[K()[m[Kâ€™:
[1.579s] [01m[K/home/ros/ros2_ws/src/turtle_save_pkg/src/turtlecontrolnode.cpp:13:9:[m[K [01;31m[Kerror: [m[Kâ€˜[01m[KturtlePos[m[Kâ€™ was not declared in this scope; did you mean â€˜[01m[Kturtlesim[m[Kâ€™?
[1.579s]    13 |         [01;31m[KturtlePos[m[K = this->create_subscription<turtlesim::msg::Pose>("turtle1/pose", 10,
[1.579s]       |         [01;31m[K^~~~~~~~~[m[K
[1.579s]       |         [32m[Kturtlesim[m[K
[1.601s] In file included from [01m[K/opt/ros/jazzy/include/rclcpp/rclcpp/logging.hpp:24[m[K,
[1.601s]                  from [01m[K/opt/ros/jazzy/include/rclcpp/rclcpp/copy_all_parameter_values.hpp:27[m[K,
[1.601s]                  from [01m[K/opt/ros/jazzy/include/rclcpp/rclcpp/rclcpp.hpp:171[m[K,
[1.601s]                  from [01m[K/home/ros/ros2_ws/src/turtle_save_pkg/src/turtlecontrolnode.cpp:1[m[K:
[1.601s] [01m[K/home/ros/ros2_ws/src/turtle_save_pkg/src/turtlecontrolnode.cpp:[m[K In member function â€˜[01m[Kvoid TurtleControl::[01;32m[KturtlePosCallBack[m[K(turtlesim::msg::Pose_<std::allocator<void> >::SharedPtr)[m[Kâ€™:
[1.601s] [01m[K/home/ros/ros2_ws/src/turtle_save_pkg/src/turtlecontrolnode.cpp:31:76:[m[K [01;31m[Kerror: [m[Kâ€˜[01m[Kconst turtlesim::msg::Pose_<std::allocator<void> >::SharedPtr[m[Kâ€™ {aka â€˜[01m[Kconst class std::shared_ptr<turtlesim::msg::Pose_<std::allocator<void> > >[m[Kâ€™} has no member named â€˜[01m[Klinear[m[Kâ€™
[1.601s]    31 |          RCLCPP_INFO(this->get_logger(), "POS: L: %d %d %d A: %d %d %d", p.[01;31m[Klinear[m[K.x, p.linear.y, p.linear.z, p.angular.x, p.angular.y, p.angular.z);
[1.601s]       |                                                                            [01;31m[K^~~~~~[m[K
[1.601s] [01m[K/home/ros/ros2_ws/src/turtle_save_pkg/src/turtlecontrolnode.cpp:31:88:[m[K [01;31m[Kerror: [m[Kâ€˜[01m[Kconst turtlesim::msg::Pose_<std::allocator<void> >::SharedPtr[m[Kâ€™ {aka â€˜[01m[Kconst class std::shared_ptr<turtlesim::msg::Pose_<std::allocator<void> > >[m[Kâ€™} has no member named â€˜[01m[Klinear[m[Kâ€™
[1.601s]    31 |          RCLCPP_INFO(this->get_logger(), "POS: L: %d %d %d A: %d %d %d", p.linear.x, p.[01;31m[Klinear[m[K.y, p.linear.z, p.angular.x, p.angular.y, p.angular.z);
[1.601s]       |                                                                                        [01;31m[K^~~~~~[m[K
[1.601s] [01m[K/home/ros/ros2_ws/src/turtle_save_pkg/src/turtlecontrolnode.cpp:31:100:[m[K [01;31m[Kerror: [m[Kâ€˜[01m[Kconst turtlesim::msg::Pose_<std::allocator<void> >::SharedPtr[m[Kâ€™ {aka â€˜[01m[Kconst class std::shared_ptr<turtlesim::msg::Pose_<std::allocator<void> > >[m[Kâ€™} has no member named â€˜[01m[Klinear[m[Kâ€™
[1.601s]    31 |          RCLCPP_INFO(this->get_logger(), "POS: L: %d %d %d A: %d %d %d", p.linear.x, p.linear.y, p.[01;31m[Klinear[m[K.z, p.angular.x, p.angular.y, p.angular.z);
[1.602s]       |                                                                                                    [01;31m[K^~~~~~[m[K
[1.602s] [01m[K/home/ros/ros2_ws/src/turtle_save_pkg/src/turtlecontrolnode.cpp:31:112:[m[K [01;31m[Kerror: [m[Kâ€˜[01m[Kconst turtlesim::msg::Pose_<std::allocator<void> >::SharedPtr[m[Kâ€™ {aka â€˜[01m[Kconst class std::shared_ptr<turtlesim::msg::Pose_<std::allocator<void> > >[m[Kâ€™} has no member named â€˜[01m[Kangular[m[Kâ€™
[1.602s]    31 |          RCLCPP_INFO(this->get_logger(), "POS: L: %d %d %d A: %d %d %d", p.linear.x, p.linear.y, p.linear.z, p.[01;31m[Kangular[m[K.x, p.angular.y, p.angular.z);
[1.602s]       |                                                                                                                [01;31m[K^~~~~~~[m[K
[1.602s] [01m[K/home/ros/ros2_ws/src/turtle_save_pkg/src/turtlecontrolnode.cpp:31:125:[m[K [01;31m[Kerror: [m[Kâ€˜[01m[Kconst turtlesim::msg::Pose_<std::allocator<void> >::SharedPtr[m[Kâ€™ {aka â€˜[01m[Kconst class std::shared_ptr<turtlesim::msg::Pose_<std::allocator<void> > >[m[Kâ€™} has no member named â€˜[01m[Kangular[m[Kâ€™
[1.602s]    31 |          RCLCPP_INFO(this->get_logger(), "POS: L: %d %d %d A: %d %d %d", p.linear.x, p.linear.y, p.linear.z, p.angular.x, p.[01;31m[Kangular[m[K.y, p.angular.z);
[1.602s]       |                                                                                                                             [01;31m[K^~~~~~~[m[K
[1.602s] [01m[K/home/ros/ros2_ws/src/turtle_save_pkg/src/turtlecontrolnode.cpp:31:138:[m[K [01;31m[Kerror: [m[Kâ€˜[01m[Kconst turtlesim::msg::Pose_<std::allocator<void> >::SharedPtr[m[Kâ€™ {aka â€˜[01m[Kconst class std::shared_ptr<turtlesim::msg::Pose_<std::allocator<void> > >[m[Kâ€™} has no member named â€˜[01m[Kangular[m[Kâ€™
[1.602s]    31 |          RCLCPP_INFO(this->get_logger(), "POS: L: %d %d %d A: %d %d %d", p.linear.x, p.linear.y, p.linear.z, p.angular.x, p.angular.y, p.[01;31m[Kangular[m[K.z);
[1.602s]       |                                                                                                                                          [01;31m[K^~~~~~~[m[K
[3.221s] gmake[2]: *** [CMakeFiles/turtlecontrol_node.dir/build.make:76: CMakeFiles/turtlecontrol_node.dir/src/turtlecontrolnode.cpp.o] Error 1
[3.222s] gmake[1]: *** [CMakeFiles/Makefile2:165: CMakeFiles/turtlecontrol_node.dir/all] Error 2
[3.222s] gmake: *** [Makefile:146: all] Error 2
[3.224s] Invoked command in '/home/ros/ros2_ws/build/turtle_save_pkg' returned '2': CMAKE_PREFIX_PATH=${CMAKE_PREFIX_PATH}:/opt/ros/jazzy /usr/bin/cmake --build /home/ros/ros2_ws/build/turtle_save_pkg -- -j22 -l22
