[0.126s] Invoking command in '/home/ros/ros2_ws/build/turtle_save_pkg': CMAKE_PREFIX_PATH=/home/ros/ros2_ws/install/custom_interfaces:/home/ros/ros2_ws/install/turtle_save_pkg:/home/ros/ros2_ws/install/my_robot_interfaces:/home/ros/ros2_ws/install/my_cpp_pkg:/opt/ros/jazzy/opt/gz_math_vendor:/opt/ros/jazzy/opt/gz_utils_vendor:/opt/ros/jazzy/opt/gz_cmake_vendor:/opt/ros/jazzy LD_LIBRARY_PATH=/home/ros/ros2_ws/install/custom_interfaces/lib:/home/ros/ros2_ws/install/my_robot_interfaces/lib:/opt/ros/jazzy/opt/rviz_ogre_vendor/lib:/opt/ros/jazzy/lib/x86_64-linux-gnu:/opt/ros/jazzy/opt/gz_math_vendor/lib:/opt/ros/jazzy/opt/gz_utils_vendor/lib:/opt/ros/jazzy/opt/gz_cmake_vendor/lib:/opt/ros/jazzy/lib PYTHONPATH=/home/ros/ros2_ws/install/custom_interfaces/lib/python3.12/site-packages:/home/ros/ros2_ws/install/my_robot_interfaces/lib/python3.12/site-packages:/opt/ros/jazzy/lib/python3.12/site-packages /usr/bin/cmake --build /home/ros/ros2_ws/build/turtle_save_pkg -- -j22 -l22
[0.236s] [ 50%] Built target turtlespawn_node
[0.238s] [ 75%] [32mBuilding CXX object CMakeFiles/turtlecontrol_node.dir/src/turtlecontrolnode.cpp.o[0m
[2.390s] [01m[K/home/ros/ros2_ws/src/turtle_save_pkg/src/turtlecontrolnode.cpp:[m[K In member function â€˜[01m[Kvoid TurtleControl::[01;32m[KGetNextTarget[m[K()[m[Kâ€™:
[2.390s] [01m[K/home/ros/ros2_ws/src/turtle_save_pkg/src/turtlecontrolnode.cpp:140:50:[m[K [01;31m[Kerror: [m[Kno matching function for call to â€˜[01m[Krclcpp::Client<custom_interfaces::srv::TargetTurtleInfo>::async_send_request(std::shared_ptr<custom_interfaces::srv::TargetTurtleInfo>&, std::_Bind_helper<false, void (TurtleControl::*)(std::shared_future<std::shared_ptr<custom_interfaces::srv::TargetTurtleInfo_Response_<std::allocator<void> > > >), TurtleControl*, const std::_Placeholder<1>&>::type)[m[Kâ€™
[2.390s]   140 |         [01;31m[KgetNextTurtleClient -> async_send_request(request, std::bind(&TurtleControl::NextTargetRecieved, this,  std::placeholders::_1))[m[K;
[2.390s]       |         [01;31m[K~~~~~~~~~~~~~~~~~~~~~~~~~~~~~~~~~~~~~~~~~^~~~~~~~~~~~~~~~~~~~~~~~~~~~~~~~~~~~~~~~~~~~~~~~~~~~~~~~~~~~~~~~~~~~~~~~~~~~~~~~~~~~~~[m[K
[2.390s] In file included from [01m[K/opt/ros/jazzy/include/rclcpp/rclcpp/callback_group.hpp:24[m[K,
[2.390s]                  from [01m[K/opt/ros/jazzy/include/rclcpp/rclcpp/any_executable.hpp:20[m[K,
[2.390s]                  from [01m[K/opt/ros/jazzy/include/rclcpp/rclcpp/memory_strategy.hpp:25[m[K,
[2.390s]                  from [01m[K/opt/ros/jazzy/include/rclcpp/rclcpp/memory_strategies.hpp:18[m[K,
[2.391s]                  from [01m[K/opt/ros/jazzy/include/rclcpp/rclcpp/executor_options.hpp:22[m[K,
[2.391s]                  from [01m[K/opt/ros/jazzy/include/rclcpp/rclcpp/executor.hpp:38[m[K,
[2.391s]                  from [01m[K/opt/ros/jazzy/include/rclcpp/rclcpp/executors/multi_threaded_executor.hpp:25[m[K,
[2.391s]                  from [01m[K/opt/ros/jazzy/include/rclcpp/rclcpp/executors.hpp:21[m[K,
[2.391s]                  from [01m[K/opt/ros/jazzy/include/rclcpp/rclcpp/rclcpp.hpp:172[m[K,
[2.391s]                  from [01m[K/home/ros/ros2_ws/src/turtle_save_pkg/src/turtlecontrolnode.cpp:1[m[K:
[2.391s] [01m[K/opt/ros/jazzy/include/rclcpp/rclcpp/client.hpp:672:3:[m[K [01;36m[Knote: [m[Kcandidate: â€˜[01m[Ktemplate<class CallbackT, typename std::enable_if<rclcpp::function_traits::same_arguments<CallbackT, std::function<void(std::shared_future<std::shared_ptr<custom_interfaces::srv::TargetTurtleInfo_Response_<std::allocator<void> > > >)> >::value, void>::type* <anonymous> > rclcpp::Client<ServiceT>::SharedFutureAndRequestId rclcpp::Client<ServiceT>::[01;32m[Kasync_send_request[m[K(SharedRequest, CallbackT&&) [35m[K[with typename std::enable_if<rclcpp::function_traits::same_arguments<CallbackT, std::function<void(std::shared_future<typename ServiceT::Response::SharedPtr>)> >::value>::type* <anonymous> = CallbackT; ServiceT = custom_interfaces::srv::TargetTurtleInfo][m[K[m[Kâ€™
[2.391s]   672 |   [01;36m[Kasync_send_request[m[K(SharedRequest request, CallbackT && cb)
[2.391s]       |   [01;36m[K^~~~~~~~~~~~~~~~~~[m[K
[2.391s] [01m[K/opt/ros/jazzy/include/rclcpp/rclcpp/client.hpp:672:3:[m[K [01;36m[Knote: [m[K  template argument deduction/substitution failed:
[2.391s] [01m[K/home/ros/ros2_ws/src/turtle_save_pkg/src/turtlecontrolnode.cpp:140:51:[m[K [01;36m[Knote: [m[K  cannot convert â€˜[01m[Krequest[m[Kâ€™ (type â€˜[01m[Kstd::shared_ptr<custom_interfaces::srv::TargetTurtleInfo>[m[Kâ€™) to type â€˜[01m[Krclcpp::Client<custom_interfaces::srv::TargetTurtleInfo>::SharedRequest[m[Kâ€™ {aka â€˜[01m[Kstd::shared_ptr<custom_interfaces::srv::TargetTurtleInfo_Request_<std::allocator<void> > >[m[Kâ€™}
[2.391s]   140 |         getNextTurtleClient -> async_send_request([01;36m[Krequest[m[K, std::bind(&TurtleControl::NextTargetRecieved, this,  std::placeholders::_1));
[2.392s]       |                                                   [01;36m[K^~~~~~~[m[K
[2.392s] [01m[K/opt/ros/jazzy/include/rclcpp/rclcpp/client.hpp:703:3:[m[K [01;36m[Knote: [m[Kcandidate: â€˜[01m[Ktemplate<class CallbackT, typename std::enable_if<rclcpp::function_traits::same_arguments<CallbackT, std::function<void(std::shared_future<std::pair<std::shared_ptr<custom_interfaces::srv::TargetTurtleInfo_Request_<std::allocator<void> > >, std::shared_ptr<custom_interfaces::srv::TargetTurtleInfo_Response_<std::allocator<void> > > > >)> >::value, void>::type* <anonymous> > rclcpp::Client<ServiceT>::SharedFutureWithRequestAndRequestId rclcpp::Client<ServiceT>::[01;32m[Kasync_send_request[m[K(SharedRequest, CallbackT&&) [35m[K[with typename std::enable_if<rclcpp::function_traits::same_arguments<CallbackT, std::function<void(std::shared_future<std::pair<typename ServiceT::Request::SharedPtr, typename ServiceT::Response::SharedPtr> >)> >::value>::type* <anonymous> = CallbackT; ServiceT = custom_interfaces::srv::TargetTurtleInfo][m[K[m[Kâ€™
[2.392s]   703 |   [01;36m[Kasync_send_request[m[K(SharedRequest request, CallbackT && cb)
[2.392s]       |   [01;36m[K^~~~~~~~~~~~~~~~~~[m[K
[2.392s] [01m[K/opt/ros/jazzy/include/rclcpp/rclcpp/client.hpp:703:3:[m[K [01;36m[Knote: [m[K  template argument deduction/substitution failed:
[2.392s] [01m[K/opt/ros/jazzy/include/rclcpp/rclcpp/client.hpp:700:17:[m[K [01;31m[Kerror: [m[Kno type named â€˜[01m[Ktype[m[Kâ€™ in â€˜[01m[Kstruct std::enable_if<false, void>[m[Kâ€™
[2.392s]   700 |     >::type * = [01;31m[Knullptr[m[K
[2.392s]       |                 [01;31m[K^~~~~~~[m[K
[2.392s] [01m[K/opt/ros/jazzy/include/rclcpp/rclcpp/client.hpp:637:3:[m[K [01;36m[Knote: [m[Kcandidate: â€˜[01m[Krclcpp::Client<ServiceT>::FutureAndRequestId rclcpp::Client<ServiceT>::[01;32m[Kasync_send_request[m[K(SharedRequest) [35m[K[with ServiceT = custom_interfaces::srv::TargetTurtleInfo; SharedRequest = std::shared_ptr<custom_interfaces::srv::TargetTurtleInfo_Request_<std::allocator<void> > >][m[K[m[Kâ€™
[2.392s]   637 |   [01;36m[Kasync_send_request[m[K(SharedRequest request)
[2.392s]       |   [01;36m[K^~~~~~~~~~~~~~~~~~[m[K
[2.392s] [01m[K/opt/ros/jazzy/include/rclcpp/rclcpp/client.hpp:637:3:[m[K [01;36m[Knote: [m[K  candidate expects 1 argument, 2 provided
[5.826s] gmake[2]: *** [CMakeFiles/turtlecontrol_node.dir/build.make:76: CMakeFiles/turtlecontrol_node.dir/src/turtlecontrolnode.cpp.o] Error 1
[5.826s] gmake[1]: *** [CMakeFiles/Makefile2:165: CMakeFiles/turtlecontrol_node.dir/all] Error 2
[5.826s] gmake: *** [Makefile:146: all] Error 2
[5.831s] Invoked command in '/home/ros/ros2_ws/build/turtle_save_pkg' returned '2': CMAKE_PREFIX_PATH=/home/ros/ros2_ws/install/custom_interfaces:/home/ros/ros2_ws/install/turtle_save_pkg:/home/ros/ros2_ws/install/my_robot_interfaces:/home/ros/ros2_ws/install/my_cpp_pkg:/opt/ros/jazzy/opt/gz_math_vendor:/opt/ros/jazzy/opt/gz_utils_vendor:/opt/ros/jazzy/opt/gz_cmake_vendor:/opt/ros/jazzy LD_LIBRARY_PATH=/home/ros/ros2_ws/install/custom_interfaces/lib:/home/ros/ros2_ws/install/my_robot_interfaces/lib:/opt/ros/jazzy/opt/rviz_ogre_vendor/lib:/opt/ros/jazzy/lib/x86_64-linux-gnu:/opt/ros/jazzy/opt/gz_math_vendor/lib:/opt/ros/jazzy/opt/gz_utils_vendor/lib:/opt/ros/jazzy/opt/gz_cmake_vendor/lib:/opt/ros/jazzy/lib PYTHONPATH=/home/ros/ros2_ws/install/custom_interfaces/lib/python3.12/site-packages:/home/ros/ros2_ws/install/my_robot_interfaces/lib/python3.12/site-packages:/opt/ros/jazzy/lib/python3.12/site-packages /usr/bin/cmake --build /home/ros/ros2_ws/build/turtle_save_pkg -- -j22 -l22
