[0.015s] Invoking command in '/home/ros/ros2_ws/build/turtle_save_pkg': CMAKE_PREFIX_PATH=${CMAKE_PREFIX_PATH}:/opt/ros/jazzy /usr/bin/cmake --build /home/ros/ros2_ws/build/turtle_save_pkg -- -j22 -l22
[0.138s] [ 50%] [32mBuilding CXX object CMakeFiles/turtlespawn_node.dir/src/turtlespawnnode.cpp.o[0m
[2.278s] [01m[K/home/ros/ros2_ws/src/turtle_save_pkg/src/turtlespawnnode.cpp:[m[K In constructor â€˜[01m[KTurtleSpawnNode::[01;32m[KTurtleSpawnNode[m[K()[m[Kâ€™:
[2.278s] [01m[K/home/ros/ros2_ws/src/turtle_save_pkg/src/turtlespawnnode.cpp:16:9:[m[K [01;31m[Kerror: [m[Kâ€˜[01m[KtargetServer[m[Kâ€™ was not declared in this scope
[2.278s]    16 |         [01;31m[KtargetServer[m[K = this->create_service<>("");
[2.278s]       |         [01;31m[K^~~~~~~~~~~~[m[K
[2.279s] [01m[K/home/ros/ros2_ws/src/turtle_save_pkg/src/turtlespawnnode.cpp:16:46:[m[K [01;31m[Kerror: [m[Kno matching function for call to â€˜[01m[KTurtleSpawnNode::create_service<>(const char [1])[m[Kâ€™
[2.279s]    16 |         targetServer = [01;31m[Kthis->create_service<>("")[m[K;
[2.279s]       |                        [01;31m[K~~~~~~~~~~~~~~~~~~~~~~^~~~[m[K
[2.279s] In file included from [01m[K/opt/ros/jazzy/include/rclcpp/rclcpp/executors/single_threaded_executor.hpp:28[m[K,
[2.279s]                  from [01m[K/opt/ros/jazzy/include/rclcpp/rclcpp/executors.hpp:22[m[K,
[2.279s]                  from [01m[K/opt/ros/jazzy/include/rclcpp/rclcpp/rclcpp.hpp:172[m[K,
[2.279s]                  from [01m[K/home/ros/ros2_ws/src/turtle_save_pkg/src/turtlespawnnode.cpp:1[m[K:
[2.279s] [01m[K/opt/ros/jazzy/include/rclcpp/rclcpp/node.hpp:302:3:[m[K [01;36m[Knote: [m[Kcandidate: â€˜[01m[Ktemplate<class ServiceT, class CallbackT> typename rclcpp::Service<ServiceT>::SharedPtr rclcpp::Node::[01;32m[Kcreate_service[m[K(const std::string&, CallbackT&&, const rmw_qos_profile_t&, rclcpp::CallbackGroup::SharedPtr)[m[Kâ€™
[2.279s]   302 |   [01;36m[Kcreate_service[m[K(
[2.279s]       |   [01;36m[K^~~~~~~~~~~~~~[m[K
[2.280s] [01m[K/opt/ros/jazzy/include/rclcpp/rclcpp/node.hpp:302:3:[m[K [01;36m[Knote: [m[K  candidate expects 3 arguments, 1 provided
[2.280s] [01m[K/opt/ros/jazzy/include/rclcpp/rclcpp/node.hpp:318:3:[m[K [01;36m[Knote: [m[Kcandidate: â€˜[01m[Ktemplate<class ServiceT, class CallbackT> typename rclcpp::Service<ServiceT>::SharedPtr rclcpp::Node::[01;32m[Kcreate_service[m[K(const std::string&, CallbackT&&, const rclcpp::QoS&, rclcpp::CallbackGroup::SharedPtr)[m[Kâ€™
[2.280s]   318 |   [01;36m[Kcreate_service[m[K(
[2.280s]       |   [01;36m[K^~~~~~~~~~~~~~[m[K
[2.280s] [01m[K/opt/ros/jazzy/include/rclcpp/rclcpp/node.hpp:318:3:[m[K [01;36m[Knote: [m[K  candidate expects 2 arguments, 1 provided
[2.288s] [01m[K/home/ros/ros2_ws/src/turtle_save_pkg/src/turtlespawnnode.cpp:17:9:[m[K [01;31m[Kerror: [m[Kâ€˜[01m[KtaskCompleteServer[m[Kâ€™ was not declared in this scope
[2.288s]    17 |         [01;31m[KtaskCompleteServer[m[K = this->create_serivce<>("");
[2.288s]       |         [01;31m[K^~~~~~~~~~~~~~~~~~[m[K
[2.289s] [01m[K/home/ros/ros2_ws/src/turtle_save_pkg/src/turtlespawnnode.cpp:17:36:[m[K [01;31m[Kerror: [m[Kâ€˜[01m[Kclass TurtleSpawnNode[m[Kâ€™ has no member named â€˜[01m[Kcreate_serivce[m[Kâ€™; did you mean â€˜[01m[Kcreate_service[m[Kâ€™?
[2.289s]    17 |         taskCompleteServer = this->[01;31m[Kcreate_serivce[m[K<>("");
[2.289s]       |                                    [01;31m[K^~~~~~~~~~~~~~[m[K
[2.289s]       |                                    [32m[Kcreate_service[m[K
[2.289s] [01m[K/home/ros/ros2_ws/src/turtle_save_pkg/src/turtlespawnnode.cpp:17:51:[m[K [01;31m[Kerror: [m[Kexpected primary-expression before â€˜[01m[K>[m[Kâ€™ token
[2.289s]    17 |         taskCompleteServer = this->create_serivce<[01;31m[K>[m[K("");
[2.289s]       |                                                   [01;31m[K^[m[K
[3.130s] gmake[2]: *** [CMakeFiles/turtlespawn_node.dir/build.make:76: CMakeFiles/turtlespawn_node.dir/src/turtlespawnnode.cpp.o] Error 1
[3.131s] gmake[1]: *** [CMakeFiles/Makefile2:137: CMakeFiles/turtlespawn_node.dir/all] Error 2
[3.131s] gmake: *** [Makefile:146: all] Error 2
[3.133s] Invoked command in '/home/ros/ros2_ws/build/turtle_save_pkg' returned '2': CMAKE_PREFIX_PATH=${CMAKE_PREFIX_PATH}:/opt/ros/jazzy /usr/bin/cmake --build /home/ros/ros2_ws/build/turtle_save_pkg -- -j22 -l22
