[ 25%] [32mBuilding CXX object CMakeFiles/turtlecontrol_node.dir/src/turtlecontrolnode.cpp.o[0m
[ 75%] Built target turtlespawn_node
[01m[K/home/ros/ros2_ws/src/turtle_save_pkg/src/turtlecontrolnode.cpp:84:24:[m[K [01;31m[Kerror: [m[Kâ€˜[01m[Kstd_msgs[m[Kâ€™ has not been declared
   84 |     void TurtleSaveAck([01;31m[Kstd_msgs[m[K::msg::String turtleName)
      |                        [01;31m[K^~~~~~~~[m[K
[01m[K/home/ros/ros2_ws/src/turtle_save_pkg/src/turtlecontrolnode.cpp:84:46:[m[K [01;31m[Kerror: [m[Kexpected â€˜[01m[K,[m[Kâ€™ or â€˜[01m[K...[m[Kâ€™ before â€˜[01m[KturtleName[m[Kâ€™
   84 |     void TurtleSaveAck(std_msgs::msg::String [01;31m[KturtleName[m[K)
      |                                              [01;31m[K^~~~~~~~~~[m[K
[01m[K/home/ros/ros2_ws/src/turtle_save_pkg/src/turtlecontrolnode.cpp:109:23:[m[K [01;31m[Kerror: [m[Kâ€˜[01m[Kstd_msgs[m[Kâ€™ was not declared in this scope
  109 |     rclcpp::Publisher<[01;31m[Kstd_msgs[m[K::msg::String>::SharedPtr removeTurtle;
      |                       [01;31m[K^~~~~~~~[m[K
[01m[K/home/ros/ros2_ws/src/turtle_save_pkg/src/turtlecontrolnode.cpp:109:44:[m[K [01;31m[Kerror: [m[Ktemplate argument 1 is invalid
  109 |     rclcpp::Publisher<std_msgs::msg::String[01;31m[K>[m[K::SharedPtr removeTurtle;
      |                                            [01;31m[K^[m[K
[01m[K/home/ros/ros2_ws/src/turtle_save_pkg/src/turtlecontrolnode.cpp:109:47:[m[K [01;31m[Kerror: [m[Kexpected â€˜[01m[K;[m[Kâ€™ at end of member declaration
  109 |     rclcpp::Publisher<std_msgs::msg::String>::[01;31m[KSharedPtr[m[K removeTurtle;
      |                                               [01;31m[K^~~~~~~~~[m[K
      |                                                        [32m[K;[m[K
[01m[K/home/ros/ros2_ws/src/turtle_save_pkg/src/turtlecontrolnode.cpp:109:57:[m[K [01;31m[Kerror: [m[Kâ€˜[01m[KremoveTurtle[m[Kâ€™ does not name a type
  109 |     rclcpp::Publisher<std_msgs::msg::String>::SharedPtr [01;31m[KremoveTurtle[m[K;
      |                                                         [01;31m[K^~~~~~~~~~~~[m[K
[01m[K/home/ros/ros2_ws/src/turtle_save_pkg/src/turtlecontrolnode.cpp:110:5:[m[K [01;31m[Kerror: [m[Kâ€˜[01m[Krclcpp[m[Kâ€™ does not name a type
  110 |     [01;31m[Krclcpp[m[K:Subscription<std_msgs::msg::String>::SharedPtr removeTurtleAck;
      |     [01;31m[K^~~~~~[m[K
[01m[K/home/ros/ros2_ws/src/turtle_save_pkg/src/turtlecontrolnode.cpp:[m[K In constructor â€˜[01m[KTurtleControl::[01;32m[KTurtleControl[m[K()[m[Kâ€™:
[01m[K/home/ros/ros2_ws/src/turtle_save_pkg/src/turtlecontrolnode.cpp:18:9:[m[K [01;31m[Kerror: [m[Kâ€˜[01m[KremoveTurtle[m[Kâ€™ was not declared in this scope
   18 |         [01;31m[KremoveTurtle[m[K = this->create_publisher<std_msgs::msg::String>("/RemoveTurtle", 10);
      |         [01;31m[K^~~~~~~~~~~~[m[K
[01m[K/home/ros/ros2_ws/src/turtle_save_pkg/src/turtlecontrolnode.cpp:18:47:[m[K [01;31m[Kerror: [m[Kâ€˜[01m[Kstd_msgs[m[Kâ€™ was not declared in this scope
   18 |         removeTurtle = this->create_publisher<[01;31m[Kstd_msgs[m[K::msg::String>("/RemoveTurtle", 10);
      |                                               [01;31m[K^~~~~~~~[m[K
[01m[K/home/ros/ros2_ws/src/turtle_save_pkg/src/turtlecontrolnode.cpp:18:30:[m[K [01;31m[Kerror: [m[Kparse error in template argument list
   18 |         removeTurtle = this->[01;31m[Kcreate_publisher<std_msgs::msg::String>[m[K("/RemoveTurtle", 10);
      |                              [01;31m[K^~~~~~~~~~~~~~~~~~~~~~~~~~~~~~~~~~~~~~~[m[K
[01m[K/home/ros/ros2_ws/src/turtle_save_pkg/src/turtlecontrolnode.cpp:18:69:[m[K [01;31m[Kerror: [m[Kno matching function for call to â€˜[01m[KTurtleControl::create_publisher<<expression error> >(const char [14], int)[m[Kâ€™
   18 |         removeTurtle = [01;31m[Kthis->create_publisher<std_msgs::msg::String>("/RemoveTurtle", 10)[m[K;
      |                        [01;31m[K~~~~~~~~~~~~~~~~~~~~~~~~~~~~~~~~~~~~~~~~~~~~~^~~~~~~~~~~~~~~~~~~~~[m[K
In file included from [01m[K/opt/ros/jazzy/include/rclcpp/rclcpp/node.hpp:1663[m[K,
                 from [01m[K/opt/ros/jazzy/include/rclcpp/rclcpp/executors/single_threaded_executor.hpp:28[m[K,
                 from [01m[K/opt/ros/jazzy/include/rclcpp/rclcpp/executors.hpp:22[m[K,
                 from [01m[K/opt/ros/jazzy/include/rclcpp/rclcpp/rclcpp.hpp:172[m[K,
                 from [01m[K/home/ros/ros2_ws/src/turtle_save_pkg/src/turtlecontrolnode.cpp:1[m[K:
[01m[K/opt/ros/jazzy/include/rclcpp/rclcpp/node_impl.hpp:73:1:[m[K [01;36m[Knote: [m[Kcandidate: â€˜[01m[Ktemplate<class MessageT, class AllocatorT, class PublisherT> std::shared_ptr<PublisherT> rclcpp::Node::[01;32m[Kcreate_publisher[m[K(const std::string&, const rclcpp::QoS&, const rclcpp::PublisherOptionsWithAllocator<AllocatorT>&)[m[Kâ€™
   73 | [01;36m[KNode[m[K::create_publisher(
      | [01;36m[K^~~~[m[K
[01m[K/opt/ros/jazzy/include/rclcpp/rclcpp/node_impl.hpp:73:1:[m[K [01;36m[Knote: [m[K  template argument deduction/substitution failed:
[01m[K/home/ros/ros2_ws/src/turtle_save_pkg/src/turtlecontrolnode.cpp:18:69:[m[K [01;31m[Kerror: [m[Ktemplate argument 1 is invalid
   18 |         removeTurtle = [01;31m[Kthis->create_publisher<std_msgs::msg::String>("/RemoveTurtle", 10)[m[K;
      |                        [01;31m[K~~~~~~~~~~~~~~~~~~~~~~~~~~~~~~~~~~~~~~~~~~~~~^~~~~~~~~~~~~~~~~~~~~[m[K
[01m[K/home/ros/ros2_ws/src/turtle_save_pkg/src/turtlecontrolnode.cpp:19:9:[m[K [01;31m[Kerror: [m[Kâ€˜[01m[KremoveTurtleAck[m[Kâ€™ was not declared in this scope
   19 |         [01;31m[KremoveTurtleAck[m[K = this->create_subscription<std_msgs::msg::String>("/TurtleRemoveComplete", 10,
      |         [01;31m[K^~~~~~~~~~~~~~~[m[K
[01m[K/home/ros/ros2_ws/src/turtle_save_pkg/src/turtlecontrolnode.cpp:19:33:[m[K [01;31m[Kerror: [m[Kparse error in template argument list
   19 |         removeTurtleAck = this->[01;31m[Kcreate_subscription<std_msgs::msg::String>[m[K("/TurtleRemoveComplete", 10,
      |                                 [01;31m[K^~~~~~~~~~~~~~~~~~~~~~~~~~~~~~~~~~~~~~~~~~[m[K
[01m[K/home/ros/ros2_ws/src/turtle_save_pkg/src/turtlecontrolnode.cpp:19:75:[m[K [01;31m[Kerror: [m[Kno matching function for call to â€˜[01m[KTurtleControl::create_subscription<std_msgs>(const char [22], int, std::_Bind_helper<false, void (TurtleControl::*)(int), TurtleControl*, const std::_Placeholder<1>&>::type)[m[Kâ€™
   19 |         removeTurtleAck = [01;31m[Kthis->create_subscription<std_msgs::msg::String>("/TurtleRemoveComplete", 10,[m[K
      |                           [01;31m[K~~~~~~~~~~~~~~~~~~~~~~~~~~~~~~~~~~~~~~~~~~~~~~~~^~~~~~~~~~~~~~~~~~~~~~~~~~~~~[m[K
   20 | [01;31m[K                                        std::bind(&TurtleControl::TurtleSaveAck, this, std::placeholders::_1))[m[K;
      |                                         [01;31m[K~~~~~~~~~~~~~~~~~~~~~~~~~~~~~~~~~~~~~~~~~~~~~~~~~~~~~~~~~~~~~~~~~~~~~~[m[K
[01m[K/opt/ros/jazzy/include/rclcpp/rclcpp/node_impl.hpp:92:1:[m[K [01;36m[Knote: [m[Kcandidate: â€˜[01m[Ktemplate<class MessageT, class CallbackT, class AllocatorT, class SubscriptionT, class MessageMemoryStrategyT> std::shared_ptr<ROSMessageT> rclcpp::Node::[01;32m[Kcreate_subscription[m[K(const std::string&, const rclcpp::QoS&, CallbackT&&, const rclcpp::SubscriptionOptionsWithAllocator<AllocatorT>&, typename MessageMemoryStrategyT::SharedPtr)[m[Kâ€™
   92 | [01;36m[KNode[m[K::create_subscription(
      | [01;36m[K^~~~[m[K
[01m[K/opt/ros/jazzy/include/rclcpp/rclcpp/node_impl.hpp:92:1:[m[K [01;36m[Knote: [m[K  template argument deduction/substitution failed:
[01m[K/home/ros/ros2_ws/src/turtle_save_pkg/src/turtlecontrolnode.cpp:[m[K In member function â€˜[01m[Kvoid TurtleControl::[01;32m[KTurtleSaveAck[m[K(int)[m[Kâ€™:
[01m[K/home/ros/ros2_ws/src/turtle_save_pkg/src/turtlecontrolnode.cpp:84:39:[m[K [01;35m[Kwarning: [m[Kunused parameter â€˜[01m[KString[m[Kâ€™ [[01;35m[K]8;;https://gcc.gnu.org/onlinedocs/gcc/Warning-Options.html#index-Wunused-parameter-Wunused-parameter]8;;[m[K]
   84 |     void TurtleSaveAck([01;35m[Kstd_msgs::msg::String[m[K turtleName)
      |                        [01;35m[K~~~~~~~~~~~~~~~^~~~~~[m[K
[01m[K/home/ros/ros2_ws/src/turtle_save_pkg/src/turtlecontrolnode.cpp:[m[K In member function â€˜[01m[Kvoid TurtleControl::[01;32m[KSetTurtleToWait[m[K()[m[Kâ€™:
[01m[K/home/ros/ros2_ws/src/turtle_save_pkg/src/turtlecontrolnode.cpp:96:9:[m[K [01;31m[Kerror: [m[Kâ€˜[01m[KApplyVelocities[m[Kâ€™ was not declared in this scope; did you mean â€˜[01m[KApplyTurtleVelocities[m[Kâ€™?
   96 |         [01;31m[KApplyVelocities[m[K(0,0);
      |         [01;31m[K^~~~~~~~~~~~~~~[m[K
      |         [32m[KApplyTurtleVelocities[m[K
gmake[2]: *** [CMakeFiles/turtlecontrol_node.dir/build.make:76: CMakeFiles/turtlecontrol_node.dir/src/turtlecontrolnode.cpp.o] Error 1
gmake[1]: *** [CMakeFiles/Makefile2:165: CMakeFiles/turtlecontrol_node.dir/all] Error 2
gmake: *** [Makefile:146: all] Error 2
