[0.102s] Invoking command in '/home/ros/ros2_ws/build/turtle_save_pkg': CMAKE_PREFIX_PATH=/home/ros/ros2_ws/install/custom_interfaces:/home/ros/ros2_ws/install/turtle_save_pkg:/home/ros/ros2_ws/install/my_robot_interfaces:/home/ros/ros2_ws/install/my_cpp_pkg:/opt/ros/jazzy/opt/gz_math_vendor:/opt/ros/jazzy/opt/gz_utils_vendor:/opt/ros/jazzy/opt/gz_cmake_vendor:/opt/ros/jazzy LD_LIBRARY_PATH=/home/ros/ros2_ws/install/custom_interfaces/lib:/home/ros/ros2_ws/install/my_robot_interfaces/lib:/opt/ros/jazzy/opt/rviz_ogre_vendor/lib:/opt/ros/jazzy/lib/x86_64-linux-gnu:/opt/ros/jazzy/opt/gz_math_vendor/lib:/opt/ros/jazzy/opt/gz_utils_vendor/lib:/opt/ros/jazzy/opt/gz_cmake_vendor/lib:/opt/ros/jazzy/lib PYTHONPATH=/home/ros/ros2_ws/install/custom_interfaces/lib/python3.12/site-packages:/home/ros/ros2_ws/install/my_robot_interfaces/lib/python3.12/site-packages:/opt/ros/jazzy/lib/python3.12/site-packages /usr/bin/cmake --build /home/ros/ros2_ws/build/turtle_save_pkg -- -j22 -l22
[0.226s] [ 25%] [32mBuilding CXX object CMakeFiles/turtlecontrol_node.dir/src/turtlecontrolnode.cpp.o[0m
[0.227s] [ 75%] Built target turtlespawn_node
[2.013s] [01m[K/home/ros/ros2_ws/src/turtle_save_pkg/src/turtlecontrolnode.cpp:84:24:[m[K [01;31m[Kerror: [m[Kâ€˜[01m[Kstd_msgs[m[Kâ€™ has not been declared
[2.014s]    84 |     void TurtleSaveAck([01;31m[Kstd_msgs[m[K::msg::String turtleName)
[2.014s]       |                        [01;31m[K^~~~~~~~[m[K
[2.014s] [01m[K/home/ros/ros2_ws/src/turtle_save_pkg/src/turtlecontrolnode.cpp:84:46:[m[K [01;31m[Kerror: [m[Kexpected â€˜[01m[K,[m[Kâ€™ or â€˜[01m[K...[m[Kâ€™ before â€˜[01m[KturtleName[m[Kâ€™
[2.014s]    84 |     void TurtleSaveAck(std_msgs::msg::String [01;31m[KturtleName[m[K)
[2.014s]       |                                              [01;31m[K^~~~~~~~~~[m[K
[2.039s] [01m[K/home/ros/ros2_ws/src/turtle_save_pkg/src/turtlecontrolnode.cpp:109:23:[m[K [01;31m[Kerror: [m[Kâ€˜[01m[Kstd_msgs[m[Kâ€™ was not declared in this scope
[2.039s]   109 |     rclcpp::Publisher<[01;31m[Kstd_msgs[m[K::msg::String>::SharedPtr removeTurtle;
[2.039s]       |                       [01;31m[K^~~~~~~~[m[K
[2.039s] [01m[K/home/ros/ros2_ws/src/turtle_save_pkg/src/turtlecontrolnode.cpp:109:44:[m[K [01;31m[Kerror: [m[Ktemplate argument 1 is invalid
[2.040s]   109 |     rclcpp::Publisher<std_msgs::msg::String[01;31m[K>[m[K::SharedPtr removeTurtle;
[2.040s]       |                                            [01;31m[K^[m[K
[2.040s] [01m[K/home/ros/ros2_ws/src/turtle_save_pkg/src/turtlecontrolnode.cpp:109:47:[m[K [01;31m[Kerror: [m[Kexpected â€˜[01m[K;[m[Kâ€™ at end of member declaration
[2.040s]   109 |     rclcpp::Publisher<std_msgs::msg::String>::[01;31m[KSharedPtr[m[K removeTurtle;
[2.040s]       |                                               [01;31m[K^~~~~~~~~[m[K
[2.040s]       |                                                        [32m[K;[m[K
[2.042s] [01m[K/home/ros/ros2_ws/src/turtle_save_pkg/src/turtlecontrolnode.cpp:109:57:[m[K [01;31m[Kerror: [m[Kâ€˜[01m[KremoveTurtle[m[Kâ€™ does not name a type
[2.042s]   109 |     rclcpp::Publisher<std_msgs::msg::String>::SharedPtr [01;31m[KremoveTurtle[m[K;
[2.042s]       |                                                         [01;31m[K^~~~~~~~~~~~[m[K
[2.043s] [01m[K/home/ros/ros2_ws/src/turtle_save_pkg/src/turtlecontrolnode.cpp:110:5:[m[K [01;31m[Kerror: [m[Kâ€˜[01m[Krclcpp[m[Kâ€™ does not name a type
[2.043s]   110 |     [01;31m[Krclcpp[m[K:Subscription<std_msgs::msg::String>::SharedPtr removeTurtleAck;
[2.043s]       |     [01;31m[K^~~~~~[m[K
[2.059s] [01m[K/home/ros/ros2_ws/src/turtle_save_pkg/src/turtlecontrolnode.cpp:[m[K In constructor â€˜[01m[KTurtleControl::[01;32m[KTurtleControl[m[K()[m[Kâ€™:
[2.059s] [01m[K/home/ros/ros2_ws/src/turtle_save_pkg/src/turtlecontrolnode.cpp:18:9:[m[K [01;31m[Kerror: [m[Kâ€˜[01m[KremoveTurtle[m[Kâ€™ was not declared in this scope
[2.059s]    18 |         [01;31m[KremoveTurtle[m[K = this->create_publisher<std_msgs::msg::String>("/RemoveTurtle", 10);
[2.059s]       |         [01;31m[K^~~~~~~~~~~~[m[K
[2.063s] [01m[K/home/ros/ros2_ws/src/turtle_save_pkg/src/turtlecontrolnode.cpp:18:47:[m[K [01;31m[Kerror: [m[Kâ€˜[01m[Kstd_msgs[m[Kâ€™ was not declared in this scope
[2.063s]    18 |         removeTurtle = this->create_publisher<[01;31m[Kstd_msgs[m[K::msg::String>("/RemoveTurtle", 10);
[2.063s]       |                                               [01;31m[K^~~~~~~~[m[K
[2.063s] [01m[K/home/ros/ros2_ws/src/turtle_save_pkg/src/turtlecontrolnode.cpp:18:30:[m[K [01;31m[Kerror: [m[Kparse error in template argument list
[2.063s]    18 |         removeTurtle = this->[01;31m[Kcreate_publisher<std_msgs::msg::String>[m[K("/RemoveTurtle", 10);
[2.064s]       |                              [01;31m[K^~~~~~~~~~~~~~~~~~~~~~~~~~~~~~~~~~~~~~~[m[K
[2.064s] [01m[K/home/ros/ros2_ws/src/turtle_save_pkg/src/turtlecontrolnode.cpp:18:69:[m[K [01;31m[Kerror: [m[Kno matching function for call to â€˜[01m[KTurtleControl::create_publisher<<expression error> >(const char [14], int)[m[Kâ€™
[2.064s]    18 |         removeTurtle = [01;31m[Kthis->create_publisher<std_msgs::msg::String>("/RemoveTurtle", 10)[m[K;
[2.064s]       |                        [01;31m[K~~~~~~~~~~~~~~~~~~~~~~~~~~~~~~~~~~~~~~~~~~~~~^~~~~~~~~~~~~~~~~~~~~[m[K
[2.064s] In file included from [01m[K/opt/ros/jazzy/include/rclcpp/rclcpp/node.hpp:1663[m[K,
[2.064s]                  from [01m[K/opt/ros/jazzy/include/rclcpp/rclcpp/executors/single_threaded_executor.hpp:28[m[K,
[2.064s]                  from [01m[K/opt/ros/jazzy/include/rclcpp/rclcpp/executors.hpp:22[m[K,
[2.064s]                  from [01m[K/opt/ros/jazzy/include/rclcpp/rclcpp/rclcpp.hpp:172[m[K,
[2.064s]                  from [01m[K/home/ros/ros2_ws/src/turtle_save_pkg/src/turtlecontrolnode.cpp:1[m[K:
[2.064s] [01m[K/opt/ros/jazzy/include/rclcpp/rclcpp/node_impl.hpp:73:1:[m[K [01;36m[Knote: [m[Kcandidate: â€˜[01m[Ktemplate<class MessageT, class AllocatorT, class PublisherT> std::shared_ptr<PublisherT> rclcpp::Node::[01;32m[Kcreate_publisher[m[K(const std::string&, const rclcpp::QoS&, const rclcpp::PublisherOptionsWithAllocator<AllocatorT>&)[m[Kâ€™
[2.064s]    73 | [01;36m[KNode[m[K::create_publisher(
[2.065s]       | [01;36m[K^~~~[m[K
[2.065s] [01m[K/opt/ros/jazzy/include/rclcpp/rclcpp/node_impl.hpp:73:1:[m[K [01;36m[Knote: [m[K  template argument deduction/substitution failed:
[2.065s] [01m[K/home/ros/ros2_ws/src/turtle_save_pkg/src/turtlecontrolnode.cpp:18:69:[m[K [01;31m[Kerror: [m[Ktemplate argument 1 is invalid
[2.065s]    18 |         removeTurtle = [01;31m[Kthis->create_publisher<std_msgs::msg::String>("/RemoveTurtle", 10)[m[K;
[2.065s]       |                        [01;31m[K~~~~~~~~~~~~~~~~~~~~~~~~~~~~~~~~~~~~~~~~~~~~~^~~~~~~~~~~~~~~~~~~~~[m[K
[2.072s] [01m[K/home/ros/ros2_ws/src/turtle_save_pkg/src/turtlecontrolnode.cpp:19:9:[m[K [01;31m[Kerror: [m[Kâ€˜[01m[KremoveTurtleAck[m[Kâ€™ was not declared in this scope
[2.072s]    19 |         [01;31m[KremoveTurtleAck[m[K = this->create_subscription<std_msgs::msg::String>("/TurtleRemoveComplete", 10,
[2.072s]       |         [01;31m[K^~~~~~~~~~~~~~~[m[K
[2.072s] [01m[K/home/ros/ros2_ws/src/turtle_save_pkg/src/turtlecontrolnode.cpp:19:33:[m[K [01;31m[Kerror: [m[Kparse error in template argument list
[2.072s]    19 |         removeTurtleAck = this->[01;31m[Kcreate_subscription<std_msgs::msg::String>[m[K("/TurtleRemoveComplete", 10,
[2.072s]       |                                 [01;31m[K^~~~~~~~~~~~~~~~~~~~~~~~~~~~~~~~~~~~~~~~~~[m[K
[2.074s] [01m[K/home/ros/ros2_ws/src/turtle_save_pkg/src/turtlecontrolnode.cpp:19:75:[m[K [01;31m[Kerror: [m[Kno matching function for call to â€˜[01m[KTurtleControl::create_subscription<std_msgs>(const char [22], int, std::_Bind_helper<false, void (TurtleControl::*)(int), TurtleControl*, const std::_Placeholder<1>&>::type)[m[Kâ€™
[2.074s]    19 |         removeTurtleAck = [01;31m[Kthis->create_subscription<std_msgs::msg::String>("/TurtleRemoveComplete", 10,[m[K
[2.074s]       |                           [01;31m[K~~~~~~~~~~~~~~~~~~~~~~~~~~~~~~~~~~~~~~~~~~~~~~~~^~~~~~~~~~~~~~~~~~~~~~~~~~~~~[m[K
[2.074s]    20 | [01;31m[K                                        std::bind(&TurtleControl::TurtleSaveAck, this, std::placeholders::_1))[m[K;
[2.074s]       |                                         [01;31m[K~~~~~~~~~~~~~~~~~~~~~~~~~~~~~~~~~~~~~~~~~~~~~~~~~~~~~~~~~~~~~~~~~~~~~~[m[K
[2.074s] [01m[K/opt/ros/jazzy/include/rclcpp/rclcpp/node_impl.hpp:92:1:[m[K [01;36m[Knote: [m[Kcandidate: â€˜[01m[Ktemplate<class MessageT, class CallbackT, class AllocatorT, class SubscriptionT, class MessageMemoryStrategyT> std::shared_ptr<ROSMessageT> rclcpp::Node::[01;32m[Kcreate_subscription[m[K(const std::string&, const rclcpp::QoS&, CallbackT&&, const rclcpp::SubscriptionOptionsWithAllocator<AllocatorT>&, typename MessageMemoryStrategyT::SharedPtr)[m[Kâ€™
[2.074s]    92 | [01;36m[KNode[m[K::create_subscription(
[2.074s]       | [01;36m[K^~~~[m[K
[2.074s] [01m[K/opt/ros/jazzy/include/rclcpp/rclcpp/node_impl.hpp:92:1:[m[K [01;36m[Knote: [m[K  template argument deduction/substitution failed:
[2.076s] [01m[K/home/ros/ros2_ws/src/turtle_save_pkg/src/turtlecontrolnode.cpp:[m[K In member function â€˜[01m[Kvoid TurtleControl::[01;32m[KTurtleSaveAck[m[K(int)[m[Kâ€™:
[2.076s] [01m[K/home/ros/ros2_ws/src/turtle_save_pkg/src/turtlecontrolnode.cpp:84:39:[m[K [01;35m[Kwarning: [m[Kunused parameter â€˜[01m[KString[m[Kâ€™ [[01;35m[K]8;;https://gcc.gnu.org/onlinedocs/gcc/Warning-Options.html#index-Wunused-parameter-Wunused-parameter]8;;[m[K]
[2.076s]    84 |     void TurtleSaveAck([01;35m[Kstd_msgs::msg::String[m[K turtleName)
[2.076s]       |                        [01;35m[K~~~~~~~~~~~~~~~^~~~~~[m[K
[2.081s] [01m[K/home/ros/ros2_ws/src/turtle_save_pkg/src/turtlecontrolnode.cpp:[m[K In member function â€˜[01m[Kvoid TurtleControl::[01;32m[KSetTurtleToWait[m[K()[m[Kâ€™:
[2.081s] [01m[K/home/ros/ros2_ws/src/turtle_save_pkg/src/turtlecontrolnode.cpp:96:9:[m[K [01;31m[Kerror: [m[Kâ€˜[01m[KApplyVelocities[m[Kâ€™ was not declared in this scope; did you mean â€˜[01m[KApplyTurtleVelocities[m[Kâ€™?
[2.081s]    96 |         [01;31m[KApplyVelocities[m[K(0,0);
[2.081s]       |         [01;31m[K^~~~~~~~~~~~~~~[m[K
[2.081s]       |         [32m[KApplyTurtleVelocities[m[K
[3.837s] gmake[2]: *** [CMakeFiles/turtlecontrol_node.dir/build.make:76: CMakeFiles/turtlecontrol_node.dir/src/turtlecontrolnode.cpp.o] Error 1
[3.838s] gmake[1]: *** [CMakeFiles/Makefile2:165: CMakeFiles/turtlecontrol_node.dir/all] Error 2
[3.838s] gmake: *** [Makefile:146: all] Error 2
[3.842s] Invoked command in '/home/ros/ros2_ws/build/turtle_save_pkg' returned '2': CMAKE_PREFIX_PATH=/home/ros/ros2_ws/install/custom_interfaces:/home/ros/ros2_ws/install/turtle_save_pkg:/home/ros/ros2_ws/install/my_robot_interfaces:/home/ros/ros2_ws/install/my_cpp_pkg:/opt/ros/jazzy/opt/gz_math_vendor:/opt/ros/jazzy/opt/gz_utils_vendor:/opt/ros/jazzy/opt/gz_cmake_vendor:/opt/ros/jazzy LD_LIBRARY_PATH=/home/ros/ros2_ws/install/custom_interfaces/lib:/home/ros/ros2_ws/install/my_robot_interfaces/lib:/opt/ros/jazzy/opt/rviz_ogre_vendor/lib:/opt/ros/jazzy/lib/x86_64-linux-gnu:/opt/ros/jazzy/opt/gz_math_vendor/lib:/opt/ros/jazzy/opt/gz_utils_vendor/lib:/opt/ros/jazzy/opt/gz_cmake_vendor/lib:/opt/ros/jazzy/lib PYTHONPATH=/home/ros/ros2_ws/install/custom_interfaces/lib/python3.12/site-packages:/home/ros/ros2_ws/install/my_robot_interfaces/lib/python3.12/site-packages:/opt/ros/jazzy/lib/python3.12/site-packages /usr/bin/cmake --build /home/ros/ros2_ws/build/turtle_save_pkg -- -j22 -l22
