[ 75%] Built target turtlespawn_node
[ 75%] [32mBuilding CXX object CMakeFiles/turtlecontrol_node.dir/src/turtlecontrolnode.cpp.o[0m
[01m[K/home/ros/ros2_ws/src/turtle_save_pkg/src/turtlecontrolnode.cpp:98:5:[m[K [01;31m[Kerror: [m[Kinvalid use of qualified-name â€˜[01m[Krclcpp::Publisher<geometry_msgs::msg::Twist_<std::allocator<void> > >::SharedPtr[m[Kâ€™
   98 |     [01;31m[Krclcpp[m[K::Publisher<geometry_msgs::msg::Twist>::SharedPtr turtleControl;
      |     [01;31m[K^~~~~~[m[K
[01m[K/home/ros/ros2_ws/src/turtle_save_pkg/src/turtlecontrolnode.cpp:98:51:[m[K [01;31m[Kerror: [m[Kexpected â€˜[01m[K;[m[Kâ€™ at end of member declaration
   98 |     rclcpp::Publisher<geometry_msgs::msg::Twist>::[01;31m[KSharedPtr[m[K turtleControl;
      |                                                   [01;31m[K^~~~~~~~~[m[K
      |                                                            [32m[K;[m[K
[01m[K/home/ros/ros2_ws/src/turtle_save_pkg/src/turtlecontrolnode.cpp:98:61:[m[K [01;31m[Kerror: [m[Kâ€˜[01m[KturtleControl[m[Kâ€™ does not name a type; did you mean â€˜[01m[KTurtleControl[m[Kâ€™?
   98 |     rclcpp::Publisher<geometry_msgs::msg::Twist>::SharedPtr [01;31m[KturtleControl[m[K;
      |                                                             [01;31m[K^~~~~~~~~~~~~[m[K
      |                                                             [32m[KTurtleControl[m[K
[01m[K/home/ros/ros2_ws/src/turtle_save_pkg/src/turtlecontrolnode.cpp:[m[K In constructor â€˜[01m[KTurtleControl::[01;32m[KTurtleControl[m[K()[m[Kâ€™:
[01m[K/home/ros/ros2_ws/src/turtle_save_pkg/src/turtlecontrolnode.cpp:14:9:[m[K [01;31m[Kerror: [m[Kâ€˜[01m[KturtleControl[m[Kâ€™ was not declared in this scope; did you mean â€˜[01m[KTurtleControl[m[Kâ€™?
   14 |         [01;31m[KturtleControl[m[K = this->create_publisher<geometry_msgs::msg::Twist>("turtle1/cmd_vel", 10);
      |         [01;31m[K^~~~~~~~~~~~~[m[K
      |         [32m[KTurtleControl[m[K
[01m[K/home/ros/ros2_ws/src/turtle_save_pkg/src/turtlecontrolnode.cpp:[m[K In member function â€˜[01m[Kvoid TurtleControl::[01;32m[KApplyTurtleVelocities[m[K(float, float)[m[Kâ€™:
[01m[K/home/ros/ros2_ws/src/turtle_save_pkg/src/turtlecontrolnode.cpp:36:9:[m[K [01;31m[Kerror: [m[Kâ€˜[01m[KturtleControl[m[Kâ€™ was not declared in this scope; did you mean â€˜[01m[KTurtleControl[m[Kâ€™?
   36 |         [01;31m[KturtleControl[m[K->publish(msg);
      |         [01;31m[K^~~~~~~~~~~~~[m[K
      |         [32m[KTurtleControl[m[K
[01m[K/home/ros/ros2_ws/src/turtle_save_pkg/src/turtlecontrolnode.cpp:[m[K In member function â€˜[01m[Kvoid TurtleControl::[01;32m[KCalculateVelocities[m[K(float*, float*, float, float, float, float, float)[m[Kâ€™:
[01m[K/home/ros/ros2_ws/src/turtle_save_pkg/src/turtlecontrolnode.cpp:47:30:[m[K [01;31m[Kerror: [m[Ktoo many arguments to function â€˜[01m[Kdouble[01;32m[K sqrt[m[K(double)[m[Kâ€™
   47 |         float distance = [01;31m[Ksqrt(dx*dx, dy*dy)[m[K;
      |                          [01;31m[K~~~~^~~~~~~~~~~~~~[m[K
In file included from [01m[K/usr/include/features.h:502[m[K,
                 from [01m[K/usr/include/x86_64-linux-gnu/c++/13/bits/os_defines.h:39[m[K,
                 from [01m[K/usr/include/x86_64-linux-gnu/c++/13/bits/c++config.h:679[m[K,
                 from [01m[K/usr/include/c++/13/csignal:41[m[K,
                 from [01m[K/opt/ros/jazzy/include/rclcpp/rclcpp/rclcpp.hpp:168[m[K,
                 from [01m[K/home/ros/ros2_ws/src/turtle_save_pkg/src/turtlecontrolnode.cpp:1[m[K:
[01m[K/usr/include/x86_64-linux-gnu/bits/mathcalls.h:143:1:[m[K [01;36m[Knote: [m[Kdeclared here
  143 | [01;36m[K__MATHCALL[m[K (sqrt,, (_Mdouble_ __x));
      | [01;36m[K^~~~~~~~~~[m[K
gmake[2]: *** [CMakeFiles/turtlecontrol_node.dir/build.make:76: CMakeFiles/turtlecontrol_node.dir/src/turtlecontrolnode.cpp.o] Error 1
gmake[1]: *** [CMakeFiles/Makefile2:165: CMakeFiles/turtlecontrol_node.dir/all] Error 2
gmake: *** [Makefile:146: all] Error 2
