[0.100s] Invoking command in '/home/ros/ros2_ws/build/turtle_save_pkg': CMAKE_PREFIX_PATH=/home/ros/ros2_ws/install/custom_interfaces:/home/ros/ros2_ws/install/turtle_save_pkg:/home/ros/ros2_ws/install/my_robot_interfaces:/home/ros/ros2_ws/install/my_cpp_pkg:/opt/ros/jazzy/opt/gz_math_vendor:/opt/ros/jazzy/opt/gz_utils_vendor:/opt/ros/jazzy/opt/gz_cmake_vendor:/opt/ros/jazzy LD_LIBRARY_PATH=/home/ros/ros2_ws/install/custom_interfaces/lib:/home/ros/ros2_ws/install/my_robot_interfaces/lib:/opt/ros/jazzy/opt/rviz_ogre_vendor/lib:/opt/ros/jazzy/lib/x86_64-linux-gnu:/opt/ros/jazzy/opt/gz_math_vendor/lib:/opt/ros/jazzy/opt/gz_utils_vendor/lib:/opt/ros/jazzy/opt/gz_cmake_vendor/lib:/opt/ros/jazzy/lib PYTHONPATH=/home/ros/ros2_ws/install/custom_interfaces/lib/python3.12/site-packages:/home/ros/ros2_ws/install/my_robot_interfaces/lib/python3.12/site-packages:/opt/ros/jazzy/lib/python3.12/site-packages /usr/bin/cmake --build /home/ros/ros2_ws/build/turtle_save_pkg -- -j22 -l22
[0.312s] [ 75%] Built target turtlespawn_node
[0.312s] [ 75%] [32mBuilding CXX object CMakeFiles/turtlecontrol_node.dir/src/turtlecontrolnode.cpp.o[0m
[2.070s] [01m[K/home/ros/ros2_ws/src/turtle_save_pkg/src/turtlecontrolnode.cpp:98:5:[m[K [01;31m[Kerror: [m[Kinvalid use of qualified-name â€˜[01m[Krclcpp::Publisher<geometry_msgs::msg::Twist_<std::allocator<void> > >::SharedPtr[m[Kâ€™
[2.070s]    98 |     [01;31m[Krclcpp[m[K::Publisher<geometry_msgs::msg::Twist>::SharedPtr turtleControl;
[2.070s]       |     [01;31m[K^~~~~~[m[K
[2.071s] [01m[K/home/ros/ros2_ws/src/turtle_save_pkg/src/turtlecontrolnode.cpp:98:51:[m[K [01;31m[Kerror: [m[Kexpected â€˜[01m[K;[m[Kâ€™ at end of member declaration
[2.071s]    98 |     rclcpp::Publisher<geometry_msgs::msg::Twist>::[01;31m[KSharedPtr[m[K turtleControl;
[2.071s]       |                                                   [01;31m[K^~~~~~~~~[m[K
[2.071s]       |                                                            [32m[K;[m[K
[2.073s] [01m[K/home/ros/ros2_ws/src/turtle_save_pkg/src/turtlecontrolnode.cpp:98:61:[m[K [01;31m[Kerror: [m[Kâ€˜[01m[KturtleControl[m[Kâ€™ does not name a type; did you mean â€˜[01m[KTurtleControl[m[Kâ€™?
[2.073s]    98 |     rclcpp::Publisher<geometry_msgs::msg::Twist>::SharedPtr [01;31m[KturtleControl[m[K;
[2.073s]       |                                                             [01;31m[K^~~~~~~~~~~~~[m[K
[2.073s]       |                                                             [32m[KTurtleControl[m[K
[2.099s] [01m[K/home/ros/ros2_ws/src/turtle_save_pkg/src/turtlecontrolnode.cpp:[m[K In constructor â€˜[01m[KTurtleControl::[01;32m[KTurtleControl[m[K()[m[Kâ€™:
[2.099s] [01m[K/home/ros/ros2_ws/src/turtle_save_pkg/src/turtlecontrolnode.cpp:14:9:[m[K [01;31m[Kerror: [m[Kâ€˜[01m[KturtleControl[m[Kâ€™ was not declared in this scope; did you mean â€˜[01m[KTurtleControl[m[Kâ€™?
[2.099s]    14 |         [01;31m[KturtleControl[m[K = this->create_publisher<geometry_msgs::msg::Twist>("turtle1/cmd_vel", 10);
[2.100s]       |         [01;31m[K^~~~~~~~~~~~~[m[K
[2.100s]       |         [32m[KTurtleControl[m[K
[2.111s] [01m[K/home/ros/ros2_ws/src/turtle_save_pkg/src/turtlecontrolnode.cpp:[m[K In member function â€˜[01m[Kvoid TurtleControl::[01;32m[KApplyTurtleVelocities[m[K(float, float)[m[Kâ€™:
[2.111s] [01m[K/home/ros/ros2_ws/src/turtle_save_pkg/src/turtlecontrolnode.cpp:36:9:[m[K [01;31m[Kerror: [m[Kâ€˜[01m[KturtleControl[m[Kâ€™ was not declared in this scope; did you mean â€˜[01m[KTurtleControl[m[Kâ€™?
[2.111s]    36 |         [01;31m[KturtleControl[m[K->publish(msg);
[2.111s]       |         [01;31m[K^~~~~~~~~~~~~[m[K
[2.111s]       |         [32m[KTurtleControl[m[K
[2.111s] [01m[K/home/ros/ros2_ws/src/turtle_save_pkg/src/turtlecontrolnode.cpp:[m[K In member function â€˜[01m[Kvoid TurtleControl::[01;32m[KCalculateVelocities[m[K(float*, float*, float, float, float, float, float)[m[Kâ€™:
[2.111s] [01m[K/home/ros/ros2_ws/src/turtle_save_pkg/src/turtlecontrolnode.cpp:47:30:[m[K [01;31m[Kerror: [m[Ktoo many arguments to function â€˜[01m[Kdouble[01;32m[K sqrt[m[K(double)[m[Kâ€™
[2.111s]    47 |         float distance = [01;31m[Ksqrt(dx*dx, dy*dy)[m[K;
[2.111s]       |                          [01;31m[K~~~~^~~~~~~~~~~~~~[m[K
[2.111s] In file included from [01m[K/usr/include/features.h:502[m[K,
[2.111s]                  from [01m[K/usr/include/x86_64-linux-gnu/c++/13/bits/os_defines.h:39[m[K,
[2.111s]                  from [01m[K/usr/include/x86_64-linux-gnu/c++/13/bits/c++config.h:679[m[K,
[2.111s]                  from [01m[K/usr/include/c++/13/csignal:41[m[K,
[2.111s]                  from [01m[K/opt/ros/jazzy/include/rclcpp/rclcpp/rclcpp.hpp:168[m[K,
[2.111s]                  from [01m[K/home/ros/ros2_ws/src/turtle_save_pkg/src/turtlecontrolnode.cpp:1[m[K:
[2.111s] [01m[K/usr/include/x86_64-linux-gnu/bits/mathcalls.h:143:1:[m[K [01;36m[Knote: [m[Kdeclared here
[2.111s]   143 | [01;36m[K__MATHCALL[m[K (sqrt,, (_Mdouble_ __x));
[2.112s]       | [01;36m[K^~~~~~~~~~[m[K
[3.776s] gmake[2]: *** [CMakeFiles/turtlecontrol_node.dir/build.make:76: CMakeFiles/turtlecontrol_node.dir/src/turtlecontrolnode.cpp.o] Error 1
[3.777s] gmake[1]: *** [CMakeFiles/Makefile2:165: CMakeFiles/turtlecontrol_node.dir/all] Error 2
[3.777s] gmake: *** [Makefile:146: all] Error 2
[3.779s] Invoked command in '/home/ros/ros2_ws/build/turtle_save_pkg' returned '2': CMAKE_PREFIX_PATH=/home/ros/ros2_ws/install/custom_interfaces:/home/ros/ros2_ws/install/turtle_save_pkg:/home/ros/ros2_ws/install/my_robot_interfaces:/home/ros/ros2_ws/install/my_cpp_pkg:/opt/ros/jazzy/opt/gz_math_vendor:/opt/ros/jazzy/opt/gz_utils_vendor:/opt/ros/jazzy/opt/gz_cmake_vendor:/opt/ros/jazzy LD_LIBRARY_PATH=/home/ros/ros2_ws/install/custom_interfaces/lib:/home/ros/ros2_ws/install/my_robot_interfaces/lib:/opt/ros/jazzy/opt/rviz_ogre_vendor/lib:/opt/ros/jazzy/lib/x86_64-linux-gnu:/opt/ros/jazzy/opt/gz_math_vendor/lib:/opt/ros/jazzy/opt/gz_utils_vendor/lib:/opt/ros/jazzy/opt/gz_cmake_vendor/lib:/opt/ros/jazzy/lib PYTHONPATH=/home/ros/ros2_ws/install/custom_interfaces/lib/python3.12/site-packages:/home/ros/ros2_ws/install/my_robot_interfaces/lib/python3.12/site-packages:/opt/ros/jazzy/lib/python3.12/site-packages /usr/bin/cmake --build /home/ros/ros2_ws/build/turtle_save_pkg -- -j22 -l22
