[01m[K/home/ros/ros2_ws/src/my_cpp_pkg/src/publisher.cpp:1:10:[m[K [01;31m[Kfatal error: [m[Krclcpp/rclcpp.hpp: No such file or directory
    1 | #include [01;31m[K"rclcpp/rclcpp.hpp"[m[K
      |          [01;31m[K^~~~~~~~~~~~~~~~~~~[m[K
compilation terminated.
gmake[2]: *** [CMakeFiles/number_publisher_node.dir/build.make:76: CMakeFiles/number_publisher_node.dir/src/publisher.cpp.o] Error 1
gmake[1]: *** [CMakeFiles/Makefile2:165: CMakeFiles/number_publisher_node.dir/all] Error 2
gmake: *** [Makefile:146: all] Error 2
