[0.014s] Invoking command in '/home/ros/ros2_ws/build/my_cpp_pkg': CMAKE_PREFIX_PATH=${CMAKE_PREFIX_PATH}:/opt/ros/jazzy /usr/bin/cmake --build /home/ros/ros2_ws/build/my_cpp_pkg -- -j22 -l22
[0.108s] [ 50%] Built target cpp_node
[0.113s] [ 75%] [32mBuilding CXX object CMakeFiles/number_publisher_node.dir/src/publisher.cpp.o[0m
[1.894s] [01m[K/home/ros/ros2_ws/src/my_cpp_pkg/src/publisher.cpp:16:56:[m[K [01;31m[Kerror: [m[Kâ€˜[01m[KSharePtr[m[Kâ€™ in â€˜[01m[Kclass rclcpp::Publisher<example_interfaces::msg::Int64_<std::allocator<void> > >[m[Kâ€™ does not name a type
[1.894s]    16 |     rclcpp::Publisher<example_interfaces::msg::Int64>::[01;31m[KSharePtr[m[K publisher_;
[1.894s]       |                                                        [01;31m[K^~~~~~~~[m[K
[1.911s] [01m[K/home/ros/ros2_ws/src/my_cpp_pkg/src/publisher.cpp:[m[K In constructor â€˜[01m[KMyNode::[01;32m[KMyNode[m[K()[m[Kâ€™:
[1.911s] [01m[K/home/ros/ros2_ws/src/my_cpp_pkg/src/publisher.cpp:11:9:[m[K [01;31m[Kerror: [m[Kâ€˜[01m[K_publisher[m[Kâ€™ was not declared in this scope; did you mean â€˜[01m[Krmw_publisher_t[m[Kâ€™?
[1.911s]    11 |         [01;31m[K_publisher[m[K = this->create_publisher<example_interfaces::msg::Int64>("number_publisher", 10);
[1.911s]       |         [01;31m[K^~~~~~~~~~[m[K
[1.911s]       |         [32m[Krmw_publisher_t[m[K
[1.920s] [01m[K/home/ros/ros2_ws/src/my_cpp_pkg/src/publisher.cpp:[m[K In member function â€˜[01m[Kvoid MyNode::[01;32m[KtimerCallBack[m[K()[m[Kâ€™:
[1.920s] [01m[K/home/ros/ros2_ws/src/my_cpp_pkg/src/publisher.cpp:23:9:[m[K [01;31m[Kerror: [m[Kâ€˜[01m[K_publisher[m[Kâ€™ was not declared in this scope; did you mean â€˜[01m[Krmw_publisher_t[m[Kâ€™?
[1.920s]    23 |         [01;31m[K_publisher[m[K->publish(msg);
[1.920s]       |         [01;31m[K^~~~~~~~~~[m[K
[1.920s]       |         [32m[Krmw_publisher_t[m[K
[2.633s] gmake[2]: *** [CMakeFiles/number_publisher_node.dir/build.make:76: CMakeFiles/number_publisher_node.dir/src/publisher.cpp.o] Error 1
[2.633s] gmake[1]: *** [CMakeFiles/Makefile2:165: CMakeFiles/number_publisher_node.dir/all] Error 2
[2.634s] gmake: *** [Makefile:146: all] Error 2
[2.635s] Invoked command in '/home/ros/ros2_ws/build/my_cpp_pkg' returned '2': CMAKE_PREFIX_PATH=${CMAKE_PREFIX_PATH}:/opt/ros/jazzy /usr/bin/cmake --build /home/ros/ros2_ws/build/my_cpp_pkg -- -j22 -l22
