[01m[K/home/ros/ros2_ws/src/turtle_save_pkg/src/turtlespawnnode.cpp:[m[K In function â€˜[01m[Kint[01;32m[K main[m[K(int, char**)[m[Kâ€™:
[01m[K/home/ros/ros2_ws/src/turtle_save_pkg/src/turtlespawnnode.cpp:72:29:[m[K [01;31m[Kerror: [m[Kâ€˜[01m[Kvoid TurtleSpawnNode::[01;32m[KCreateRandomTurtle[m[K()[m[Kâ€™ is private within this context
   72 |     [01;31m[Knode->CreateRandomTurtle()[m[K;
      |     [01;31m[K~~~~~~~~~~~~~~~~~~~~~~~~^~[m[K
[01m[K/home/ros/ros2_ws/src/turtle_save_pkg/src/turtlespawnnode.cpp:26:10:[m[K [01;36m[Knote: [m[Kdeclared private here
   26 |     void [01;36m[KCreateRandomTurtle[m[K()
      |          [01;36m[K^~~~~~~~~~~~~~~~~~[m[K
gmake[2]: *** [CMakeFiles/turtlespawn_node.dir/build.make:76: CMakeFiles/turtlespawn_node.dir/src/turtlespawnnode.cpp.o] Error 1
gmake[1]: *** [CMakeFiles/Makefile2:137: CMakeFiles/turtlespawn_node.dir/all] Error 2
gmake: *** [Makefile:146: all] Error 2
