[0.014s] Invoking command in '/home/ros/ros2_ws/build/turtle_save_pkg': CMAKE_PREFIX_PATH=${CMAKE_PREFIX_PATH}:/opt/ros/jazzy /usr/bin/cmake --build /home/ros/ros2_ws/build/turtle_save_pkg -- -j22 -l22
[0.128s] [ 50%] [32mBuilding CXX object CMakeFiles/turtlespawn_node.dir/src/turtlespawnnode.cpp.o[0m
[2.261s] [01m[K/home/ros/ros2_ws/src/turtle_save_pkg/src/turtlespawnnode.cpp:[m[K In function â€˜[01m[Kint[01;32m[K main[m[K(int, char**)[m[Kâ€™:
[2.261s] [01m[K/home/ros/ros2_ws/src/turtle_save_pkg/src/turtlespawnnode.cpp:72:29:[m[K [01;31m[Kerror: [m[Kâ€˜[01m[Kvoid TurtleSpawnNode::[01;32m[KCreateRandomTurtle[m[K()[m[Kâ€™ is private within this context
[2.261s]    72 |     [01;31m[Knode->CreateRandomTurtle()[m[K;
[2.261s]       |     [01;31m[K~~~~~~~~~~~~~~~~~~~~~~~~^~[m[K
[2.261s] [01m[K/home/ros/ros2_ws/src/turtle_save_pkg/src/turtlespawnnode.cpp:26:10:[m[K [01;36m[Knote: [m[Kdeclared private here
[2.261s]    26 |     void [01;36m[KCreateRandomTurtle[m[K()
[2.261s]       |          [01;36m[K^~~~~~~~~~~~~~~~~~[m[K
[3.056s] gmake[2]: *** [CMakeFiles/turtlespawn_node.dir/build.make:76: CMakeFiles/turtlespawn_node.dir/src/turtlespawnnode.cpp.o] Error 1
[3.056s] gmake[1]: *** [CMakeFiles/Makefile2:137: CMakeFiles/turtlespawn_node.dir/all] Error 2
[3.056s] gmake: *** [Makefile:146: all] Error 2
[3.060s] Invoked command in '/home/ros/ros2_ws/build/turtle_save_pkg' returned '2': CMAKE_PREFIX_PATH=${CMAKE_PREFIX_PATH}:/opt/ros/jazzy /usr/bin/cmake --build /home/ros/ros2_ws/build/turtle_save_pkg -- -j22 -l22
