[ 25%] [32mBuilding CXX object CMakeFiles/turtlespawn_node.dir/src/turtlespawnnode.cpp.o[0m
[ 50%] [32mBuilding CXX object CMakeFiles/turtlecontrol_node.dir/src/turtlecontrolnode.cpp.o[0m
[01m[K/home/ros/ros2_ws/src/turtle_save_pkg/src/turtlecontrolnode.cpp:[m[K In constructor â€˜[01m[KTurtleControl::[01;32m[KTurtleControl[m[K()[m[Kâ€™:
[01m[K/home/ros/ros2_ws/src/turtle_save_pkg/src/turtlecontrolnode.cpp:15:49:[m[K [01;31m[Kerror: [m[Kexpected unqualified-id before â€˜[01m[K:[m[Kâ€™ token
   15 |         _timer = create_wall_timer(std::chrono::[01;31m[K:[m[Kmilliseconds(10), std::bind(&TurtleControl::timerCallBack, this));
      |                                                 [01;31m[K^[m[K
In file included from [01m[K/opt/ros/jazzy/include/rclcpp/rclcpp/logging.hpp:24[m[K,
                 from [01m[K/opt/ros/jazzy/include/rclcpp/rclcpp/copy_all_parameter_values.hpp:27[m[K,
                 from [01m[K/opt/ros/jazzy/include/rclcpp/rclcpp/rclcpp.hpp:171[m[K,
                 from [01m[K/home/ros/ros2_ws/src/turtle_save_pkg/src/turtlecontrolnode.cpp:1[m[K:
[01m[K/home/ros/ros2_ws/src/turtle_save_pkg/src/turtlecontrolnode.cpp:[m[K In member function â€˜[01m[Kvoid TurtleControl::[01;32m[KNextTargetRecieved[m[K(rclcpp::Client<custom_interfaces::srv::TargetTurtleInfo>::SharedFuture)[m[Kâ€™:
[01m[K/home/ros/ros2_ws/src/turtle_save_pkg/src/turtlecontrolnode.cpp:151:41:[m[K [01;35m[Kwarning: [m[Kformat â€˜[01m[K%d[m[Kâ€™ expects argument of type â€˜[01m[Kint[m[Kâ€™, but argument 5 has type â€˜[01m[Kdouble[m[Kâ€™ [[01;35m[K]8;;https://gcc.gnu.org/onlinedocs/gcc/Warning-Options.html#index-Wformat=-Wformat=]8;;[m[K]
  151 |         RCLCPP_INFO(this->get_logger(), [01;35m[K"Target at x: %d y: %d theta: %d name: %s"[m[K, [32m[KCurrentTurtlePos.x[m[K, CurrentTurtlePos.y, CurrentTurtlePos.theta, TargetTurtleName);
      |                                         [01;35m[K^~~~~~~~~~~~~~~~~~~~~~~~~~~~~~~~~~~~~~~~~~[m[K  [32m[K~~~~~~~~~~~~~~~~~~[m[K
      |                                                                                                      [32m[K|[m[K
      |                                                                                                      [32m[Kdouble[m[K
[01m[K/home/ros/ros2_ws/src/turtle_save_pkg/src/turtlecontrolnode.cpp:151:56:[m[K [01;36m[Knote: [m[Kformat string is defined here
  151 |         RCLCPP_INFO(this->get_logger(), "Target at x: [01;36m[K%d[m[K y: %d theta: %d name: %s", CurrentTurtlePos.x, CurrentTurtlePos.y, CurrentTurtlePos.theta, TargetTurtleName);
      |                                                       [01;36m[K~^[m[K
      |                                                        [01;36m[K|[m[K
      |                                                        [01;36m[Kint[m[K
      |                                                       [32m[K%f[m[K
[01m[K/home/ros/ros2_ws/src/turtle_save_pkg/src/turtlecontrolnode.cpp:151:41:[m[K [01;35m[Kwarning: [m[Kformat â€˜[01m[K%d[m[Kâ€™ expects argument of type â€˜[01m[Kint[m[Kâ€™, but argument 6 has type â€˜[01m[Kdouble[m[Kâ€™ [[01;35m[K]8;;https://gcc.gnu.org/onlinedocs/gcc/Warning-Options.html#index-Wformat=-Wformat=]8;;[m[K]
  151 |         RCLCPP_INFO(this->get_logger(), [01;35m[K"Target at x: %d y: %d theta: %d name: %s"[m[K, CurrentTurtlePos.x, [32m[KCurrentTurtlePos.y[m[K, CurrentTurtlePos.theta, TargetTurtleName);
      |                                         [01;35m[K^~~~~~~~~~~~~~~~~~~~~~~~~~~~~~~~~~~~~~~~~~[m[K                      [32m[K~~~~~~~~~~~~~~~~~~[m[K
      |                                                                                                                          [32m[K|[m[K
      |                                                                                                                          [32m[Kdouble[m[K
[01m[K/home/ros/ros2_ws/src/turtle_save_pkg/src/turtlecontrolnode.cpp:151:62:[m[K [01;36m[Knote: [m[Kformat string is defined here
  151 |         RCLCPP_INFO(this->get_logger(), "Target at x: %d y: [01;36m[K%d[m[K theta: %d name: %s", CurrentTurtlePos.x, CurrentTurtlePos.y, CurrentTurtlePos.theta, TargetTurtleName);
      |                                                             [01;36m[K~^[m[K
      |                                                              [01;36m[K|[m[K
      |                                                              [01;36m[Kint[m[K
      |                                                             [32m[K%f[m[K
[01m[K/home/ros/ros2_ws/src/turtle_save_pkg/src/turtlecontrolnode.cpp:151:41:[m[K [01;35m[Kwarning: [m[Kformat â€˜[01m[K%d[m[Kâ€™ expects argument of type â€˜[01m[Kint[m[Kâ€™, but argument 7 has type â€˜[01m[Kdouble[m[Kâ€™ [[01;35m[K]8;;https://gcc.gnu.org/onlinedocs/gcc/Warning-Options.html#index-Wformat=-Wformat=]8;;[m[K]
  151 |         RCLCPP_INFO(this->get_logger(), [01;35m[K"Target at x: %d y: %d theta: %d name: %s"[m[K, CurrentTurtlePos.x, CurrentTurtlePos.y, [32m[KCurrentTurtlePos.theta[m[K, TargetTurtleName);
      |                                         [01;35m[K^~~~~~~~~~~~~~~~~~~~~~~~~~~~~~~~~~~~~~~~~~[m[K                                          [32m[K~~~~~~~~~~~~~~~~~~~~~~[m[K
      |                                                                                                                                              [32m[K|[m[K
      |                                                                                                                                              [32m[Kdouble[m[K
[01m[K/home/ros/ros2_ws/src/turtle_save_pkg/src/turtlecontrolnode.cpp:151:72:[m[K [01;36m[Knote: [m[Kformat string is defined here
  151 |         RCLCPP_INFO(this->get_logger(), "Target at x: %d y: %d theta: [01;36m[K%d[m[K name: %s", CurrentTurtlePos.x, CurrentTurtlePos.y, CurrentTurtlePos.theta, TargetTurtleName);
      |                                                                       [01;36m[K~^[m[K
      |                                                                        [01;36m[K|[m[K
      |                                                                        [01;36m[Kint[m[K
      |                                                                       [32m[K%f[m[K
[01m[K/home/ros/ros2_ws/src/turtle_save_pkg/src/turtlecontrolnode.cpp:151:41:[m[K [01;35m[Kwarning: [m[Kformat â€˜[01m[K%s[m[Kâ€™ expects argument of type â€˜[01m[Kchar*[m[Kâ€™, but argument 8 has type â€˜[01m[Kstd::string[m[Kâ€™ {aka â€˜[01m[Kstd::__cxx11::basic_string<char>[m[Kâ€™} [[01;35m[K]8;;https://gcc.gnu.org/onlinedocs/gcc/Warning-Options.html#index-Wformat=-Wformat=]8;;[m[K]
  151 |         RCLCPP_INFO(this->get_logger(), [01;35m[K"Target at x: %d y: %d theta: %d name: %s"[m[K, CurrentTurtlePos.x, CurrentTurtlePos.y, CurrentTurtlePos.theta, TargetTurtleName);
      |                                         [01;35m[K^~~~~~~~~~~~~~~~~~~~~~~~~~~~~~~~~~~~~~~~~~[m[K
[01m[K/home/ros/ros2_ws/src/turtle_save_pkg/src/turtlecontrolnode.cpp:151:81:[m[K [01;36m[Knote: [m[Kformat string is defined here
  151 |         RCLCPP_INFO(this->get_logger(), "Target at x: %d y: %d theta: %d name: [01;36m[K%s[m[K", CurrentTurtlePos.x, CurrentTurtlePos.y, CurrentTurtlePos.theta, TargetTurtleName);
      |                                                                                [01;36m[K~^[m[K
      |                                                                                 [01;36m[K|[m[K
      |                                                                                 [01;36m[Kchar*[m[K
gmake[2]: *** [CMakeFiles/turtlecontrol_node.dir/build.make:76: CMakeFiles/turtlecontrol_node.dir/src/turtlecontrolnode.cpp.o] Error 1
gmake[1]: *** [CMakeFiles/Makefile2:165: CMakeFiles/turtlecontrol_node.dir/all] Error 2
gmake[1]: *** Waiting for unfinished jobs....
[ 75%] [32m[1mLinking CXX executable turtlespawn_node[0m
[ 75%] Built target turtlespawn_node
gmake: *** [Makefile:146: all] Error 2
